[ 2017-04-18T10:18:00+08:00 ] ::1 /thinkstudy/index.php
INFO: [ app_init ] --START--
INFO: Run Behavior\BuildLiteBehavior [ RunTime:0.000013s ]
INFO: [ app_init ] --END-- [ RunTime:0.006403s ]
INFO: [ app_begin ] --START--
INFO: Run Behavior\ReadHtmlCacheBehavior [ RunTime:0.007253s ]
INFO: [ app_begin ] --END-- [ RunTime:0.007310s ]
INFO: [ view_parse ] --START--
INFO: [ template_filter ] --START--
INFO: Run Behavior\ContentReplaceBehavior [ RunTime:0.001298s ]
INFO: [ template_filter ] --END-- [ RunTime:0.001353s ]
INFO: Run Behavior\ParseTemplateBehavior [ RunTime:0.059890s ]
INFO: [ view_parse ] --END-- [ RunTime:0.059952s ]
INFO: [ view_filter ] --START--
INFO: Run Behavior\WriteHtmlCacheBehavior [ RunTime:0.005056s ]
INFO: [ view_filter ] --END-- [ RunTime:0.005093s ]
INFO: [ app_end ] --START--
INFO: Run Behavior\ShowPageTraceBehavior [ RunTime:0.006073s ]
INFO: [ app_end ] --END-- [ RunTime:0.006134s ]

[ 2017-04-18T21:48:30+08:00 ] ::1 /thinkstudy/index.php
INFO: [ app_init ] --START--
INFO: Run Behavior\BuildLiteBehavior [ RunTime:0.000020s ]
INFO: [ app_init ] --END-- [ RunTime:0.006637s ]
INFO: [ app_begin ] --START--
INFO: Run Behavior\ReadHtmlCacheBehavior [ RunTime:0.010354s ]
INFO: [ app_begin ] --END-- [ RunTime:0.010422s ]
INFO: [ view_parse ] --START--
INFO: [ template_filter ] --START--
INFO: Run Behavior\ContentReplaceBehavior [ RunTime:0.016800s ]
INFO: [ template_filter ] --END-- [ RunTime:0.017193s ]
INFO: Run Behavior\ParseTemplateBehavior [ RunTime:0.080409s ]
INFO: [ view_parse ] --END-- [ RunTime:0.080480s ]
INFO: [ view_filter ] --START--
INFO: Run Behavior\WriteHtmlCacheBehavior [ RunTime:0.004773s ]
INFO: [ view_filter ] --END-- [ RunTime:0.004814s ]
INFO: [ app_end ] --START--
INFO: Run Behavior\ShowPageTraceBehavior [ RunTime:0.006939s ]
INFO: [ app_end ] --END-- [ RunTime:0.007045s ]

[ 2017-04-18T23:03:37+08:00 ] ::1 /thinkstudy/index.php/Home/Index/addComment.html
INFO: [ app_init ] --START--
INFO: Run Behavior\BuildLiteBehavior [ RunTime:0.000011s ]
INFO: [ app_init ] --END-- [ RunTime:0.000625s ]
INFO: [ app_begin ] --START--
INFO: Run Behavior\ReadHtmlCacheBehavior [ RunTime:0.000998s ]
INFO: [ app_begin ] --END-- [ RunTime:0.001040s ]
ERR: 非法操作:addComment

