[ 2017-04-10T16:29:10+08:00 ] ::1 /thinkstudy/index.php
INFO: [ app_init ] --START--
INFO: Run Behavior\BuildLiteBehavior [ RunTime:0.000024s ]
INFO: [ app_init ] --END-- [ RunTime:0.015450s ]
INFO: [ app_begin ] --START--
INFO: Run Behavior\ReadHtmlCacheBehavior [ RunTime:0.008264s ]
INFO: [ app_begin ] --END-- [ RunTime:0.008327s ]
INFO: [ view_parse ] --START--
INFO: [ template_filter ] --START--
INFO: Run Behavior\ContentReplaceBehavior [ RunTime:0.000037s ]
INFO: [ template_filter ] --END-- [ RunTime:0.000085s ]
INFO: Run Behavior\ParseTemplateBehavior [ RunTime:0.050260s ]
INFO: [ view_parse ] --END-- [ RunTime:0.050325s ]
INFO: [ view_filter ] --START--
INFO: Run Behavior\WriteHtmlCacheBehavior [ RunTime:0.004849s ]
INFO: [ view_filter ] --END-- [ RunTime:0.004897s ]
INFO: [ app_end ] --START--
INFO: Run Behavior\ShowPageTraceBehavior [ RunTime:0.006334s ]
INFO: [ app_end ] --END-- [ RunTime:0.006380s ]

[ 2017-04-10T22:09:25+08:00 ] ::1 /thinkstudy/index.php
INFO: [ app_init ] --START--
INFO: Run Behavior\BuildLiteBehavior [ RunTime:0.000016s ]
INFO: [ app_init ] --END-- [ RunTime:0.006131s ]
INFO: [ app_begin ] --START--
INFO: Run Behavior\ReadHtmlCacheBehavior [ RunTime:0.009130s ]
INFO: [ app_begin ] --END-- [ RunTime:0.009190s ]
INFO: [ view_parse ] --START--
INFO: [ template_filter ] --START--
INFO: Run Behavior\ContentReplaceBehavior [ RunTime:0.034430s ]
INFO: [ template_filter ] --END-- [ RunTime:0.034515s ]
INFO: Run Behavior\ParseTemplateBehavior [ RunTime:0.094186s ]
INFO: [ view_parse ] --END-- [ RunTime:0.094259s ]
INFO: [ view_filter ] --START--
INFO: Run Behavior\WriteHtmlCacheBehavior [ RunTime:0.006128s ]
INFO: [ view_filter ] --END-- [ RunTime:0.006193s ]
INFO: [ app_end ] --START--
INFO: Run Behavior\ShowPageTraceBehavior [ RunTime:0.021082s ]
INFO: [ app_end ] --END-- [ RunTime:0.021148s ]

