[ 2017-04-13T08:37:00+08:00 ] ::1 /thinkstudy/index.php
INFO: [ app_init ] --START--
INFO: Run Behavior\BuildLiteBehavior [ RunTime:0.000011s ]
INFO: [ app_init ] --END-- [ RunTime:0.005975s ]
INFO: [ app_begin ] --START--
INFO: Run Behavior\ReadHtmlCacheBehavior [ RunTime:0.007306s ]
INFO: [ app_begin ] --END-- [ RunTime:0.007366s ]
INFO: [ view_parse ] --START--
INFO: [ template_filter ] --START--
INFO: Run Behavior\ContentReplaceBehavior [ RunTime:0.013672s ]
INFO: [ template_filter ] --END-- [ RunTime:0.013729s ]
INFO: Run Behavior\ParseTemplateBehavior [ RunTime:0.062530s ]
INFO: [ view_parse ] --END-- [ RunTime:0.062599s ]
INFO: [ view_filter ] --START--
INFO: Run Behavior\WriteHtmlCacheBehavior [ RunTime:0.005160s ]
INFO: [ view_filter ] --END-- [ RunTime:0.005202s ]
INFO: [ app_end ] --START--
INFO: Run Behavior\ShowPageTraceBehavior [ RunTime:0.006212s ]
INFO: [ app_end ] --END-- [ RunTime:0.006257s ]

[ 2017-04-13T23:07:42+08:00 ] ::1 /thinkstudy/index.php
INFO: [ app_init ] --START--
INFO: Run Behavior\BuildLiteBehavior [ RunTime:0.000013s ]
INFO: [ app_init ] --END-- [ RunTime:0.005987s ]
INFO: [ app_begin ] --START--
INFO: Run Behavior\ReadHtmlCacheBehavior [ RunTime:0.007500s ]
INFO: [ app_begin ] --END-- [ RunTime:0.007562s ]
INFO: [ view_parse ] --START--
INFO: [ template_filter ] --START--
INFO: Run Behavior\ContentReplaceBehavior [ RunTime:0.000978s ]
INFO: [ template_filter ] --END-- [ RunTime:0.001329s ]
INFO: Run Behavior\ParseTemplateBehavior [ RunTime:0.048874s ]
INFO: [ view_parse ] --END-- [ RunTime:0.048922s ]
INFO: [ view_filter ] --START--
INFO: Run Behavior\WriteHtmlCacheBehavior [ RunTime:0.004952s ]
INFO: [ view_filter ] --END-- [ RunTime:0.004991s ]
INFO: [ app_end ] --START--
INFO: Run Behavior\ShowPageTraceBehavior [ RunTime:0.005815s ]
INFO: [ app_end ] --END-- [ RunTime:0.005855s ]

