[ 2017-04-14T09:49:33+08:00 ] ::1 /thinkstudy/index.php
INFO: [ app_init ] --START--
INFO: Run Behavior\BuildLiteBehavior [ RunTime:0.000013s ]
INFO: [ app_init ] --END-- [ RunTime:0.005895s ]
INFO: [ app_begin ] --START--
INFO: Run Behavior\ReadHtmlCacheBehavior [ RunTime:0.007749s ]
INFO: [ app_begin ] --END-- [ RunTime:0.007809s ]
INFO: [ view_parse ] --START--
INFO: [ template_filter ] --START--
INFO: Run Behavior\ContentReplaceBehavior [ RunTime:0.009656s ]
INFO: [ template_filter ] --END-- [ RunTime:0.009712s ]
INFO: Run Behavior\ParseTemplateBehavior [ RunTime:0.073404s ]
INFO: [ view_parse ] --END-- [ RunTime:0.073461s ]
INFO: [ view_filter ] --START--
INFO: Run Behavior\WriteHtmlCacheBehavior [ RunTime:0.004580s ]
INFO: [ view_filter ] --END-- [ RunTime:0.004623s ]
INFO: [ app_end ] --START--
INFO: Run Behavior\ShowPageTraceBehavior [ RunTime:0.006015s ]
INFO: [ app_end ] --END-- [ RunTime:0.006056s ]

[ 2017-04-14T20:50:06+08:00 ] ::1 /thinkstudy/index.php
INFO: [ app_init ] --START--
INFO: Run Behavior\BuildLiteBehavior [ RunTime:0.000013s ]
INFO: [ app_init ] --END-- [ RunTime:0.006050s ]
INFO: [ app_begin ] --START--
INFO: Run Behavior\ReadHtmlCacheBehavior [ RunTime:0.007428s ]
INFO: [ app_begin ] --END-- [ RunTime:0.007488s ]
INFO: [ view_parse ] --START--
INFO: [ template_filter ] --START--
INFO: Run Behavior\ContentReplaceBehavior [ RunTime:0.000037s ]
INFO: [ template_filter ] --END-- [ RunTime:0.000082s ]
INFO: Run Behavior\ParseTemplateBehavior [ RunTime:0.071194s ]
INFO: [ view_parse ] --END-- [ RunTime:0.071289s ]
INFO: [ view_filter ] --START--
INFO: Run Behavior\WriteHtmlCacheBehavior [ RunTime:0.004743s ]
INFO: [ view_filter ] --END-- [ RunTime:0.004779s ]
INFO: [ app_end ] --START--
INFO: Run Behavior\ShowPageTraceBehavior [ RunTime:0.006454s ]
INFO: [ app_end ] --END-- [ RunTime:0.006491s ]

