[ 2017-03-30T09:24:02+08:00 ] ::1 /thinkstudy/Application/Admin/View/Index/__PUBLIC__/bootstrap-3.3.7-dist/js/npm.js
INFO: [ app_init ] --START--
INFO: Run Behavior\BuildLiteBehavior [ RunTime:0.000018s ]
INFO: [ app_init ] --END-- [ RunTime:0.006015s ]
ERR: 无法加载模块:Application

on

[ 2017-03-30T09:24:02+08:00 ] ::1 /thinkstudy/Application/Admin/View/Index/__PUBLIC__/bootstrap-3.3.7-dist/css/bootstrap.css
INFO: [ app_init ] --START--
INFO: Run Behavior\BuildLiteBehavior [ RunTime:0.000014s ]
INFO: [ app_init ] --END-- [ RunTime:0.005790s ]
ERR: 无法加载模块:Application

on

[ 2017-03-30T09:24:02+08:00 ] ::1 /thinkstudy/Application/Admin/View/Index/__PUBLIC__/bootstrap-3.3.7-dist/js/bootstarp.js
INFO: [ app_init ] --START--
INFO: Run Behavior\BuildLiteBehavior [ RunTime:0.000010s ]
INFO: [ app_init ] --END-- [ RunTime:0.000437s ]
ERR: 无法加载模块:Application

[ 2017-03-30T09:24:02+08:00 ] ::1 /thinkstudy/Application/Admin/View/Index/__PUBLIC__/bootstrap-3.3.7-dist/js/jquery.js
INFO: [ app_init ] --START--
INFO: Run Behavior\BuildLiteBehavior [ RunTime:0.000009s ]
INFO: [ app_init ] --END-- [ RunTime:0.000412s ]
ERR: 无法加载模块:Application

[ 2017-03-30T09:24:55+08:00 ] ::1 /thinkstudy/Application/Admin/View/Index/__PUBLIC__/bootstrap-3.3.7-dist/css/bootstrap-theme.css
INFO: [ app_init ] --START--
INFO: Run Behavior\BuildLiteBehavior [ RunTime:0.000010s ]
INFO: [ app_init ] --END-- [ RunTime:0.000395s ]
ERR: 无法加载模块:Application

[ 2017-03-30T09:24:55+08:00 ] ::1 /thinkstudy/Application/Admin/View/Index/__PUBLIC__/bootstrap-3.3.7-dist/js/jquery.min.js
INFO: [ app_init ] --START--
INFO: Run Behavior\BuildLiteBehavior [ RunTime:0.000010s ]
INFO: [ app_init ] --END-- [ RunTime:0.000491s ]
ERR: 无法加载模块:Application


[ 2017-03-30T09:24:55+08:00 ] ::1 /thinkstudy/Application/Admin/View/Index/__PUBLIC__/bootstrap-3.3.7-dist/js/bootstarp.js
INFO: [ app_init ] --START--
INFO: Run Behavior\BuildLiteBehavior [ RunTime:0.000008s ]
INFO: [ app_init ] --END-- [ RunTime:0.000381s ]
ERR: 无法加载模块:Application

[ 2017-03-30T09:24:55+08:00 ] ::1 /thinkstudy/Application/Admin/View/Index/__PUBLIC__/bootstrap-3.3.7-dist/js/jquery.min.js
INFO: [ app_init ] --START--
INFO: Run Behavior\BuildLiteBehavior [ RunTime:0.000011s ]
INFO: [ app_init ] --END-- [ RunTime:0.000384s ]
ERR: 无法加载模块:Application

[ 2017-03-30T09:24:55+08:00 ] ::1 /thinkstudy/Application/Admin/View/Index/__PUBLIC__/bootstrap-3.3.7-dist/css/bootstrap.css
INFO: [ app_init ] --START--
INFO: Run Behavior\BuildLiteBehavior [ RunTime:0.000015s ]
INFO: [ app_init ] --END-- [ RunTime:0.000570s ]
ERR: 无法加载模块:Application

[ 2017-03-30T09:24:55+08:00 ] ::1 /thinkstudy/Application/Admin/View/Index/__PUBLIC__/bootstrap-3.3.7-dist/js/bootstarp.js
INFO: [ app_init ] --START--
INFO: Run Behavior\BuildLiteBehavior [ RunTime:0.000015s ]
INFO: [ app_init ] --END-- [ RunTime:0.000533s ]
ERR: 无法加载模块:Application

[ 2017-03-30T09:24:55+08:00 ] ::1 /thinkstudy/Application/Admin/View/Index/__PUBLIC__/bootstrap-3.3.7-dist/css/bootstrap-theme.css
INFO: [ app_init ] --START--
INFO: Run Behavior\BuildLiteBehavior [ RunTime:0.000032s ]
INFO: [ app_init ] --END-- [ RunTime:0.000746s ]
ERR: 无法加载模块:Application

[ 2017-03-30T09:24:55+08:00 ] ::1 /thinkstudy/Application/Admin/View/Index/__PUBLIC__/bootstrap-3.3.7-dist/js/npm.js
INFO: [ app_init ] --START--
INFO: Run Behavior\BuildLiteBehavior [ RunTime:0.000012s ]
INFO: [ app_init ] --END-- [ RunTime:0.000719s ]
ERR: 无法加载模块:Application

ion

[ 2017-03-30T09:24:55+08:00 ] ::1 /thinkstudy/Application/Admin/View/Index/__PUBLIC__/bootstrap-3.3.7-dist/js/bootstarp.js
INFO: [ app_init ] --START--
INFO: Run Behavior\BuildLiteBehavior [ RunTime:0.000009s ]
INFO: [ app_init ] --END-- [ RunTime:0.000393s ]
ERR: 无法加载模块:Application

[ 2017-03-30T09:24:55+08:00 ] ::1 /thinkstudy/Application/Admin/View/Index/__PUBLIC__/bootstrap-3.3.7-dist/js/jquery.min.js
INFO: [ app_init ] --START--
INFO: Run Behavior\BuildLiteBehavior [ RunTime:0.000010s ]
INFO: [ app_init ] --END-- [ RunTime:0.000395s ]
ERR: 无法加载模块:Application

[ 2017-03-30T09:24:56+08:00 ] ::1 /thinkstudy/Application/Admin/View/Index/__PUBLIC__/bootstrap-3.3.7-dist/css/bootstrap-theme.css
INFO: [ app_init ] --START--
INFO: Run Behavior\BuildLiteBehavior [ RunTime:0.000009s ]
INFO: [ app_init ] --END-- [ RunTime:0.000408s ]
ERR: 无法加载模块:Application

[ 2017-03-30T09:24:56+08:00 ] ::1 /thinkstudy/Application/Admin/View/Index/__PUBLIC__/bootstrap-3.3.7-dist/js/npm.js
INFO: [ app_init ] --START--
INFO: Run Behavior\BuildLiteBehavior [ RunTime:0.000009s ]
INFO: [ app_init ] --END-- [ RunTime:0.000392s ]
ERR: 无法加载模块:Application

[ 2017-03-30T09:24:56+08:00 ] ::1 /thinkstudy/Application/Admin/View/Index/__PUBLIC__/bootstrap-3.3.7-dist/css/bootstrap.css
INFO: [ app_init ] --START--
INFO: Run Behavior\BuildLiteBehavior [ RunTime:0.000012s ]
INFO: [ app_init ] --END-- [ RunTime:0.000560s ]
ERR: 无法加载模块:Application

[ 2017-03-30T09:24:56+08:00 ] ::1 /thinkstudy/Application/Admin/View/Index/__PUBLIC__/bootstrap-3.3.7-dist/js/bootstarp.js
INFO: [ app_init ] --START--
INFO: Run Behavior\BuildLiteBehavior [ RunTime:0.000012s ]
INFO: [ app_init ] --END-- [ RunTime:0.000527s ]
ERR: 无法加载模块:Application


[ 2017-03-30T09:24:56+08:00 ] ::1 /thinkstudy/Application/Admin/View/Index/__PUBLIC__/bootstrap-3.3.7-dist/js/jquery.min.js
INFO: [ app_init ] --START--
INFO: Run Behavior\BuildLiteBehavior [ RunTime:0.000010s ]
INFO: [ app_init ] --END-- [ RunTime:0.000425s ]
ERR: 无法加载模块:Application

[ 2017-03-30T09:25:48+08:00 ] ::1 /thinkstudy/Application/Admin/Index/index
INFO: [ app_init ] --START--
INFO: Run Behavior\BuildLiteBehavior [ RunTime:0.000011s ]
INFO: [ app_init ] --END-- [ RunTime:0.000416s ]
ERR: 无法加载模块:Application

[ 2017-03-30T09:26:15+08:00 ] ::1 /thinkstudy/Public/bootstrap-3.3.7-dist/js/bootstarp.js
INFO: [ app_init ] --START--
INFO: Run Behavior\BuildLiteBehavior [ RunTime:0.000014s ]
INFO: [ app_init ] --END-- [ RunTime:0.000544s ]
ERR: 无法加载模块:Public

[ 2017-03-30T09:26:23+08:00 ] ::1 /thinkstudy/Public/bootstrap-3.3.7-dist/js/bootstarp.js
INFO: [ app_init ] --START--
INFO: Run Behavior\BuildLiteBehavior [ RunTime:0.000011s ]
INFO: [ app_init ] --END-- [ RunTime:0.000439s ]
ERR: 无法加载模块:Public

[ 2017-03-30T09:26:42+08:00 ] ::1 /thinkstudy/Public/bootstrap-3.3.7-dist/js/bootstarp.js
INFO: [ app_init ] --START--
INFO: Run Behavior\BuildLiteBehavior [ RunTime:0.000011s ]
INFO: [ app_init ] --END-- [ RunTime:0.000411s ]
ERR: 无法加载模块:Public

[ 2017-03-30T09:27:20+08:00 ] ::1 /thinkstudy/Public/bootstrap-3.3.7-dist/js/bootstarp.js
INFO: [ app_init ] --START--
INFO: Run Behavior\BuildLiteBehavior [ RunTime:0.000010s ]
INFO: [ app_init ] --END-- [ RunTime:0.000394s ]
ERR: 无法加载模块:Public

[ 2017-03-30T09:29:43+08:00 ] ::1 /thinkstudy/Public/bootstrap-3.3.7-dist/js/bootstarp.js
INFO: [ app_init ] --START--
INFO: Run Behavior\BuildLiteBehavior [ RunTime:0.000010s ]
INFO: [ app_init ] --END-- [ RunTime:0.000456s ]
ERR: 无法加载模块:Public

[ 2017-03-30T09:35:04+08:00 ] ::1 /thinkstudy/Public/bootstrap-3.3.7-dist/js/bootstarp.js
INFO: [ app_init ] --START--
INFO: Run Behavior\BuildLiteBehavior [ RunTime:0.000009s ]
INFO: [ app_init ] --END-- [ RunTime:0.000382s ]
ERR: 无法加载模块:Public

[ 2017-03-30T09:37:08+08:00 ] ::1 /thinkstudy/Public/bootstrap-3.3.7-dist/js/bootstarp.js
INFO: [ app_init ] --START--
INFO: Run Behavior\BuildLiteBehavior [ RunTime:0.000008s ]
INFO: [ app_init ] --END-- [ RunTime:0.000393s ]
ERR: 无法加载模块:Public

[ 2017-03-30T09:38:04+08:00 ] ::1 /thinkstudy/Public/bootstrap-3.3.7-dist/js/bootstarp.js
INFO: [ app_init ] --START--
INFO: Run Behavior\BuildLiteBehavior [ RunTime:0.000009s ]
INFO: [ app_init ] --END-- [ RunTime:0.000404s ]
ERR: 无法加载模块:Public

[ 2017-03-30T09:38:22+08:00 ] ::1 /thinkstudy/Public/bootstrap-3.3.7-dist/js/bootstarp.js
INFO: [ app_init ] --START--
INFO: Run Behavior\BuildLiteBehavior [ RunTime:0.000019s ]
INFO: [ app_init ] --END-- [ RunTime:0.000415s ]
ERR: 无法加载模块:Public

[ 2017-03-30T10:40:23+08:00 ] ::1 /thinkstudy/index.php/hello.html
INFO: [ app_init ] --START--
INFO: Run Behavior\BuildLiteBehavior [ RunTime:0.000011s ]
INFO: [ app_init ] --END-- [ RunTime:0.000394s ]
ERR: 无法加载模块:Hello

[ 2017-03-30T10:41:02+08:00 ] ::1 /thinkstudy/index.php/hello.html
INFO: [ app_init ] --START--
INFO: Run Behavior\BuildLiteBehavior [ RunTime:0.000011s ]
INFO: [ app_init ] --END-- [ RunTime:0.000659s ]
ERR: 无法加载模块:Hello

[ 2017-03-30T11:27:21+08:00 ] ::1 /thinkstudy/Public/bootstrap-3.3.7-dist/js/bootstarp.js
INFO: [ app_init ] --START--
INFO: Run Behavior\BuildLiteBehavior [ RunTime:0.000009s ]
INFO: [ app_init ] --END-- [ RunTime:0.000385s ]
ERR: 无法加载模块:Public

[ 2017-03-30T11:27:21+08:00 ] ::1 /thinkstudy/index.php/Public/css/indexlogin.css
INFO: [ app_init ] --START--
INFO: Run Behavior\BuildLiteBehavior [ RunTime:0.000039s ]
INFO: [ app_init ] --END-- [ RunTime:0.000931s ]
ERR: 无法加载模块:Public

[ 2017-03-30T11:28:36+08:00 ] ::1 /thinkstudy/index.php/Public/css/indexlogin.css
INFO: [ app_init ] --START--
INFO: Run Behavior\BuildLiteBehavior [ RunTime:0.000009s ]
INFO: [ app_init ] --END-- [ RunTime:0.000390s ]
ERR: 无法加载模块:Public

[ 2017-03-30T11:28:36+08:00 ] ::1 /thinkstudy/Public/bootstrap-3.3.7-dist/js/bootstarp.js
INFO: [ app_init ] --START--
INFO: Run Behavior\BuildLiteBehavior [ RunTime:0.000009s ]
INFO: [ app_init ] --END-- [ RunTime:0.000398s ]
ERR: 无法加载模块:Public

[ 2017-03-30T11:28:36+08:00 ] ::1 /thinkstudy/index.php/Public/css/indexlogin.css
INFO: [ app_init ] --START--
INFO: Run Behavior\BuildLiteBehavior [ RunTime:0.000010s ]
INFO: [ app_init ] --END-- [ RunTime:0.000390s ]
ERR: 无法加载模块:Public

[ 2017-03-30T11:29:12+08:00 ] ::1 /thinkstudy/Public/bootstrap-3.3.7-dist/js/bootstarp.js
INFO: [ app_init ] --START--
INFO: Run Behavior\BuildLiteBehavior [ RunTime:0.000009s ]
INFO: [ app_init ] --END-- [ RunTime:0.000385s ]
ERR: 无法加载模块:Public

[ 2017-03-30T11:29:12+08:00 ] ::1 /thinkstudy/index.php/Public/css/indexlogin.css
INFO: [ app_init ] --START--
INFO: Run Behavior\BuildLiteBehavior [ RunTime:0.000010s ]
INFO: [ app_init ] --END-- [ RunTime:0.000665s ]
ERR: 无法加载模块:Public

[ 2017-03-30T11:30:04+08:00 ] ::1 /thinkstudy/Public/bootstrap-3.3.7-dist/js/bootstarp.js
INFO: [ app_init ] --START--
INFO: Run Behavior\BuildLiteBehavior [ RunTime:0.000009s ]
INFO: [ app_init ] --END-- [ RunTime:0.000403s ]
ERR: 无法加载模块:Public

[ 2017-03-30T11:30:32+08:00 ] ::1 /thinkstudy/Public/bootstrap-3.3.7-dist/js/bootstarp.js
INFO: [ app_init ] --START--
INFO: Run Behavior\BuildLiteBehavior [ RunTime:0.000009s ]
INFO: [ app_init ] --END-- [ RunTime:0.000389s ]
ERR: 无法加载模块:Public

[ 2017-03-30T11:32:00+08:00 ] ::1 /thinkstudy/Public/css/indexlogin.css
INFO: [ app_init ] --START--
INFO: Run Behavior\BuildLiteBehavior [ RunTime:0.000009s ]
INFO: [ app_init ] --END-- [ RunTime:0.000388s ]
ERR: 无法加载模块:Public

[ 2017-03-30T11:32:00+08:00 ] ::1 /thinkstudy/Public/bootstrap-3.3.7-dist/js/bootstarp.js
INFO: [ app_init ] --START--
INFO: Run Behavior\BuildLiteBehavior [ RunTime:0.000008s ]
INFO: [ app_init ] --END-- [ RunTime:0.000380s ]
ERR: 无法加载模块:Public

[ 2017-03-30T11:32:00+08:00 ] ::1 /thinkstudy/Public/css/indexlogin.css
INFO: [ app_init ] --START--
INFO: Run Behavior\BuildLiteBehavior [ RunTime:0.000014s ]
INFO: [ app_init ] --END-- [ RunTime:0.000531s ]
ERR: 无法加载模块:Public

[ 2017-03-30T11:32:00+08:00 ] ::1 /thinkstudy/Public/bootstrap-3.3.7-dist/js/bootstarp.js
INFO: [ app_init ] --START--
INFO: Run Behavior\BuildLiteBehavior [ RunTime:0.000008s ]
INFO: [ app_init ] --END-- [ RunTime:0.000382s ]
ERR: 无法加载模块:Public

[ 2017-03-30T11:32:00+08:00 ] ::1 /thinkstudy/Public/css/indexlogin.css
INFO: [ app_init ] --START--
INFO: Run Behavior\BuildLiteBehavior [ RunTime:0.000011s ]
INFO: [ app_init ] --END-- [ RunTime:0.000410s ]
ERR: 无法加载模块:Public

[ 2017-03-30T11:32:01+08:00 ] ::1 /thinkstudy/Public/bootstrap-3.3.7-dist/js/bootstarp.js
INFO: [ app_init ] --START--
INFO: Run Behavior\BuildLiteBehavior [ RunTime:0.000013s ]
INFO: [ app_init ] --END-- [ RunTime:0.000542s ]
ERR: 无法加载模块:Public

[ 2017-03-30T11:32:01+08:00 ] ::1 /thinkstudy/Public/css/indexlogin.css
INFO: [ app_init ] --START--
INFO: Run Behavior\BuildLiteBehavior [ RunTime:0.000011s ]
INFO: [ app_init ] --END-- [ RunTime:0.000505s ]
ERR: 无法加载模块:Public

[ 2017-03-30T11:33:17+08:00 ] ::1 /thinkstudy/Public/bootstrap-3.3.7-dist/js/bootstarp.js
INFO: [ app_init ] --START--
INFO: Run Behavior\BuildLiteBehavior [ RunTime:0.000013s ]
INFO: [ app_init ] --END-- [ RunTime:0.000540s ]
ERR: 无法加载模块:Public

[ 2017-03-30T11:33:18+08:00 ] ::1 /thinkstudy/Public/bootstrap-3.3.7-dist/js/bootstarp.js
INFO: [ app_init ] --START--
INFO: Run Behavior\BuildLiteBehavior [ RunTime:0.000012s ]
INFO: [ app_init ] --END-- [ RunTime:0.000412s ]
ERR: 无法加载模块:Public

[ 2017-03-30T11:33:18+08:00 ] ::1 /thinkstudy/Public/bootstrap-3.3.7-dist/js/bootstarp.js
INFO: [ app_init ] --START--
INFO: Run Behavior\BuildLiteBehavior [ RunTime:0.000011s ]
INFO: [ app_init ] --END-- [ RunTime:0.000424s ]
ERR: 无法加载模块:Public

[ 2017-03-30T11:33:54+08:00 ] ::1 /thinkstudy/Public/bootstrap-3.3.7-dist/js/bootstarp.js
INFO: [ app_init ] --START--
INFO: Run Behavior\BuildLiteBehavior [ RunTime:0.000011s ]
INFO: [ app_init ] --END-- [ RunTime:0.000422s ]
ERR: 无法加载模块:Public

[ 2017-03-30T11:34:38+08:00 ] ::1 /thinkstudy/Public/bootstrap-3.3.7-dist/js/bootstarp.js
INFO: [ app_init ] --START--
INFO: Run Behavior\BuildLiteBehavior [ RunTime:0.000010s ]
INFO: [ app_init ] --END-- [ RunTime:0.000398s ]
ERR: 无法加载模块:Public

[ 2017-03-30T11:35:03+08:00 ] ::1 /thinkstudy/Public/bootstrap-3.3.7-dist/js/bootstarp.js
INFO: [ app_init ] --START--
INFO: Run Behavior\BuildLiteBehavior [ RunTime:0.000010s ]
INFO: [ app_init ] --END-- [ RunTime:0.000466s ]
ERR: 无法加载模块:Public

[ 2017-03-30T11:35:04+08:00 ] ::1 /thinkstudy/Public/bootstrap-3.3.7-dist/js/bootstarp.js
INFO: [ app_init ] --START--
INFO: Run Behavior\BuildLiteBehavior [ RunTime:0.000009s ]
INFO: [ app_init ] --END-- [ RunTime:0.000485s ]
ERR: 无法加载模块:Public

[ 2017-03-30T11:35:04+08:00 ] ::1 /thinkstudy/Public/bootstrap-3.3.7-dist/js/bootstarp.js
INFO: [ app_init ] --START--
INFO: Run Behavior\BuildLiteBehavior [ RunTime:0.000013s ]
INFO: [ app_init ] --END-- [ RunTime:0.000554s ]
ERR: 无法加载模块:Public

[ 2017-03-30T11:36:38+08:00 ] ::1 /thinkstudy/Public/bootstrap-3.3.7-dist/js/bootstarp.js
INFO: [ app_init ] --START--
INFO: Run Behavior\BuildLiteBehavior [ RunTime:0.000010s ]
INFO: [ app_init ] --END-- [ RunTime:0.000378s ]
ERR: 无法加载模块:Public

[ 2017-03-30T11:36:39+08:00 ] ::1 /thinkstudy/Public/bootstrap-3.3.7-dist/js/bootstarp.js
INFO: [ app_init ] --START--
INFO: Run Behavior\BuildLiteBehavior [ RunTime:0.000010s ]
INFO: [ app_init ] --END-- [ RunTime:0.000484s ]
ERR: 无法加载模块:Public

[ 2017-03-30T11:36:39+08:00 ] ::1 /thinkstudy/Public/bootstrap-3.3.7-dist/js/bootstarp.js
INFO: [ app_init ] --START--
INFO: Run Behavior\BuildLiteBehavior [ RunTime:0.000010s ]
INFO: [ app_init ] --END-- [ RunTime:0.000461s ]
ERR: 无法加载模块:Public

[ 2017-03-30T11:36:39+08:00 ] ::1 /thinkstudy/Public/bootstrap-3.3.7-dist/js/bootstarp.js
INFO: [ app_init ] --START--
INFO: Run Behavior\BuildLiteBehavior [ RunTime:0.000010s ]
INFO: [ app_init ] --END-- [ RunTime:0.000380s ]
ERR: 无法加载模块:Public

[ 2017-03-30T11:37:50+08:00 ] ::1 /thinkstudy/Public/bootstrap-3.3.7-dist/js/bootstarp.js
INFO: [ app_init ] --START--
INFO: Run Behavior\BuildLiteBehavior [ RunTime:0.000008s ]
INFO: [ app_init ] --END-- [ RunTime:0.000374s ]
ERR: 无法加载模块:Public

[ 2017-03-30T11:39:17+08:00 ] ::1 /thinkstudy/Public/bootstrap-3.3.7-dist/js/bootstarp.js
INFO: [ app_init ] --START--
INFO: Run Behavior\BuildLiteBehavior [ RunTime:0.000014s ]
INFO: [ app_init ] --END-- [ RunTime:0.000563s ]
ERR: 无法加载模块:Public

[ 2017-03-30T11:39:17+08:00 ] ::1 /thinkstudy/Public/bootstrap-3.3.7-dist/js/bootstarp.js
INFO: [ app_init ] --START--
INFO: Run Behavior\BuildLiteBehavior [ RunTime:0.000013s ]
INFO: [ app_init ] --END-- [ RunTime:0.000577s ]
ERR: 无法加载模块:Public

[ 2017-03-30T11:39:17+08:00 ] ::1 /thinkstudy/Public/bootstrap-3.3.7-dist/js/bootstarp.js
INFO: [ app_init ] --START--
INFO: Run Behavior\BuildLiteBehavior [ RunTime:0.000013s ]
INFO: [ app_init ] --END-- [ RunTime:0.000548s ]
ERR: 无法加载模块:Public

[ 2017-03-30T11:39:57+08:00 ] ::1 /thinkstudy/Public/bootstrap-3.3.7-dist/js/bootstarp.js
INFO: [ app_init ] --START--
INFO: Run Behavior\BuildLiteBehavior [ RunTime:0.000010s ]
INFO: [ app_init ] --END-- [ RunTime:0.000461s ]
ERR: 无法加载模块:Public

[ 2017-03-30T11:39:57+08:00 ] ::1 /thinkstudy/Public/bootstrap-3.3.7-dist/js/bootstarp.js
INFO: [ app_init ] --START--
INFO: Run Behavior\BuildLiteBehavior [ RunTime:0.000009s ]
INFO: [ app_init ] --END-- [ RunTime:0.000381s ]
ERR: 无法加载模块:Public

[ 2017-03-30T11:39:58+08:00 ] ::1 /thinkstudy/Public/bootstrap-3.3.7-dist/js/bootstarp.js
INFO: [ app_init ] --START--
INFO: Run Behavior\BuildLiteBehavior [ RunTime:0.000013s ]
INFO: [ app_init ] --END-- [ RunTime:0.000648s ]
ERR: 无法加载模块:Public

[ 2017-03-30T11:39:58+08:00 ] ::1 /thinkstudy/Public/bootstrap-3.3.7-dist/js/bootstarp.js
INFO: [ app_init ] --START--
INFO: Run Behavior\BuildLiteBehavior [ RunTime:0.000013s ]
INFO: [ app_init ] --END-- [ RunTime:0.000428s ]
ERR: 无法加载模块:Public

[ 2017-03-30T11:39:58+08:00 ] ::1 /thinkstudy/Public/bootstrap-3.3.7-dist/js/bootstarp.js
INFO: [ app_init ] --START--
INFO: Run Behavior\BuildLiteBehavior [ RunTime:0.000008s ]
INFO: [ app_init ] --END-- [ RunTime:0.000381s ]
ERR: 无法加载模块:Public

[ 2017-03-30T11:40:16+08:00 ] ::1 /thinkstudy/Public/bootstrap-3.3.7-dist/js/bootstarp.js
INFO: [ app_init ] --START--
INFO: Run Behavior\BuildLiteBehavior [ RunTime:0.000009s ]
INFO: [ app_init ] --END-- [ RunTime:0.000376s ]
ERR: 无法加载模块:Public

[ 2017-03-30T11:40:16+08:00 ] ::1 /thinkstudy/Public/bootstrap-3.3.7-dist/js/bootstarp.js
INFO: [ app_init ] --START--
INFO: Run Behavior\BuildLiteBehavior [ RunTime:0.000014s ]
INFO: [ app_init ] --END-- [ RunTime:0.000425s ]
ERR: 无法加载模块:Public

[ 2017-03-30T11:40:40+08:00 ] ::1 /thinkstudy/Public/bootstrap-3.3.7-dist/js/bootstarp.js
INFO: [ app_init ] --START--
INFO: Run Behavior\BuildLiteBehavior [ RunTime:0.000009s ]
INFO: [ app_init ] --END-- [ RunTime:0.000407s ]
ERR: 无法加载模块:Public

[ 2017-03-30T11:40:40+08:00 ] ::1 /thinkstudy/Public/bootstrap-3.3.7-dist/js/bootstarp.js
INFO: [ app_init ] --START--
INFO: Run Behavior\BuildLiteBehavior [ RunTime:0.000015s ]
INFO: [ app_init ] --END-- [ RunTime:0.000550s ]
ERR: 无法加载模块:Public

[ 2017-03-30T11:40:40+08:00 ] ::1 /thinkstudy/Public/bootstrap-3.3.7-dist/js/bootstarp.js
INFO: [ app_init ] --START--
INFO: Run Behavior\BuildLiteBehavior [ RunTime:0.000013s ]
INFO: [ app_init ] --END-- [ RunTime:0.000499s ]
ERR: 无法加载模块:Public

[ 2017-03-30T11:40:41+08:00 ] ::1 /thinkstudy/Public/bootstrap-3.3.7-dist/js/bootstarp.js
INFO: [ app_init ] --START--
INFO: Run Behavior\BuildLiteBehavior [ RunTime:0.000009s ]
INFO: [ app_init ] --END-- [ RunTime:0.000391s ]
ERR: 无法加载模块:Public

[ 2017-03-30T11:40:41+08:00 ] ::1 /thinkstudy/Public/bootstrap-3.3.7-dist/js/bootstarp.js
INFO: [ app_init ] --START--
INFO: Run Behavior\BuildLiteBehavior [ RunTime:0.000011s ]
INFO: [ app_init ] --END-- [ RunTime:0.000550s ]
ERR: 无法加载模块:Public

[ 2017-03-30T11:41:06+08:00 ] ::1 /thinkstudy/Public/bootstrap-3.3.7-dist/js/bootstarp.js
INFO: [ app_init ] --START--
INFO: Run Behavior\BuildLiteBehavior [ RunTime:0.000011s ]
INFO: [ app_init ] --END-- [ RunTime:0.000483s ]
ERR: 无法加载模块:Public

[ 2017-03-30T11:41:39+08:00 ] ::1 /thinkstudy/Public/bootstrap-3.3.7-dist/js/bootstarp.js
INFO: [ app_init ] --START--
INFO: Run Behavior\BuildLiteBehavior [ RunTime:0.000010s ]
INFO: [ app_init ] --END-- [ RunTime:0.000400s ]
ERR: 无法加载模块:Public

[ 2017-03-30T11:44:11+08:00 ] ::1 /thinkstudy/Public/bootstrap-3.3.7-dist/js/bootstarp.js
INFO: [ app_init ] --START--
INFO: Run Behavior\BuildLiteBehavior [ RunTime:0.000010s ]
INFO: [ app_init ] --END-- [ RunTime:0.000457s ]
ERR: 无法加载模块:Public

[ 2017-03-30T11:45:01+08:00 ] ::1 /thinkstudy/Public/bootstrap-3.3.7-dist/js/bootstarp.js
INFO: [ app_init ] --START--
INFO: Run Behavior\BuildLiteBehavior [ RunTime:0.000010s ]
INFO: [ app_init ] --END-- [ RunTime:0.000386s ]
ERR: 无法加载模块:Public

[ 2017-03-30T11:46:04+08:00 ] ::1 /thinkstudy/Public/bootstrap-3.3.7-dist/js/bootstarp.js
INFO: [ app_init ] --START--
INFO: Run Behavior\BuildLiteBehavior [ RunTime:0.000013s ]
INFO: [ app_init ] --END-- [ RunTime:0.000551s ]
ERR: 无法加载模块:Public

[ 2017-03-30T11:46:43+08:00 ] ::1 /thinkstudy/Public/bootstrap-3.3.7-dist/js/bootstarp.js
INFO: [ app_init ] --START--
INFO: Run Behavior\BuildLiteBehavior [ RunTime:0.000009s ]
INFO: [ app_init ] --END-- [ RunTime:0.000382s ]
ERR: 无法加载模块:Public

[ 2017-03-30T15:23:18+08:00 ] ::1 /thinkstudy/Application/Admin/View/Index/__PUBLIC__/bootstrap-3.3.7-dist/css/bootstrap-theme.css
INFO: [ app_init ] --START--
INFO: Run Behavior\BuildLiteBehavior [ RunTime:0.000051s ]
INFO: [ app_init ] --END-- [ RunTime:0.001519s ]
ERR: 无法加载模块:Application

[ 2017-03-30T15:23:18+08:00 ] ::1 /thinkstudy/Application/Admin/View/Index/__PUBLIC__/bootstrap-3.3.7-dist/css/bootstrap.css
INFO: [ app_init ] --START--
INFO: Run Behavior\BuildLiteBehavior [ RunTime:0.000014s ]
INFO: [ app_init ] --END-- [ RunTime:0.001304s ]
ERR: 无法加载模块:Application

[ 2017-03-30T15:23:18+08:00 ] ::1 /thinkstudy/Application/Admin/View/Index/__PUBLIC__/bootstrap-3.3.7-dist/js/npm.js
INFO: [ app_init ] --START--
INFO: Run Behavior\BuildLiteBehavior [ RunTime:0.000030s ]
INFO: [ app_init ] --END-- [ RunTime:0.001549s ]
ERR: 无法加载模块:Application

ion

[ 2017-03-30T15:23:18+08:00 ] ::1 /thinkstudy/Application/Admin/View/Index/__PUBLIC__/bootstrap-3.3.7-dist/js/npm.js
INFO: [ app_init ] --START--
INFO: Run Behavior\BuildLiteBehavior [ RunTime:0.000009s ]
INFO: [ app_init ] --END-- [ RunTime:0.000381s ]
ERR: 无法加载模块:Application

[ 2017-03-30T15:23:18+08:00 ] ::1 /thinkstudy/Application/Admin/View/Index/__PUBLIC__/bootstrap-3.3.7-dist/js/bootstrap.js
INFO: [ app_init ] --START--
INFO: Run Behavior\BuildLiteBehavior [ RunTime:0.000009s ]
INFO: [ app_init ] --END-- [ RunTime:0.000390s ]
ERR: 无法加载模块:Application

[ 2017-03-30T15:23:32+08:00 ] ::1 /thinkstudy/Application/Admin/Index
INFO: [ app_init ] --START--
INFO: Run Behavior\BuildLiteBehavior [ RunTime:0.000009s ]
INFO: [ app_init ] --END-- [ RunTime:0.000374s ]
ERR: 无法加载模块:Application

[ 2017-03-30T15:23:45+08:00 ] ::1 /thinkstudy/Public/bootstrap-3.3.7-dist/js/bootstarp.js
INFO: [ app_init ] --START--
INFO: Run Behavior\BuildLiteBehavior [ RunTime:0.000013s ]
INFO: [ app_init ] --END-- [ RunTime:0.000526s ]
ERR: 无法加载模块:Public

