[ 2017-04-29T10:08:21+08:00 ] 127.0.0.1 /thinkstudy/Public/bootstrap-3.3.7-dist/js/bootstarp.js
INFO: [ app_init ] --START--
INFO: Run Behavior\BuildLiteBehavior [ RunTime:0.000012s ]
INFO: [ app_init ] --END-- [ RunTime:0.000624s ]
ERR: 无法加载模块:Public

[ 2017-04-29T10:09:40+08:00 ] 127.0.0.1 /thinkstudy/Public/bootstrap-3.3.7-dist/js/bootstarp.js
INFO: [ app_init ] --START--
INFO: Run Behavior\BuildLiteBehavior [ RunTime:0.000010s ]
INFO: [ app_init ] --END-- [ RunTime:0.000384s ]
ERR: 无法加载模块:Public

[ 2017-04-29T10:58:43+08:00 ] 127.0.0.1 /thinkstudy/Public/bootstrap-3.3.7-dist/js/bootstarp.js
INFO: [ app_init ] --START--
INFO: Run Behavior\BuildLiteBehavior [ RunTime:0.000009s ]
INFO: [ app_init ] --END-- [ RunTime:0.000438s ]
ERR: 无法加载模块:Public

[ 2017-04-29T11:45:16+08:00 ] 127.0.0.1 /thinkstudy/Public/bootstrap-3.3.7-dist/js/bootstarp.js
INFO: [ app_init ] --START--
INFO: Run Behavior\BuildLiteBehavior [ RunTime:0.000009s ]
INFO: [ app_init ] --END-- [ RunTime:0.000381s ]
ERR: 无法加载模块:Public

[ 2017-04-29T11:54:51+08:00 ] 127.0.0.1 /thinkstudy/Public/bootstrap-3.3.7-dist/js/bootstarp.js
INFO: [ app_init ] --START--
INFO: Run Behavior\BuildLiteBehavior [ RunTime:0.000010s ]
INFO: [ app_init ] --END-- [ RunTime:0.000409s ]
ERR: 无法加载模块:Public

[ 2017-04-29T12:09:41+08:00 ] 127.0.0.1 /thinkstudy/Public/bootstrap-3.3.7-dist/js/bootstarp.js
INFO: [ app_init ] --START--
INFO: Run Behavior\BuildLiteBehavior [ RunTime:0.000009s ]
INFO: [ app_init ] --END-- [ RunTime:0.000381s ]
ERR: 无法加载模块:Public

[ 2017-04-29T12:10:22+08:00 ] 127.0.0.1 /thinkstudy/Public/bootstrap-3.3.7-dist/js/bootstarp.js
INFO: [ app_init ] --START--
INFO: Run Behavior\BuildLiteBehavior [ RunTime:0.000009s ]
INFO: [ app_init ] --END-- [ RunTime:0.000386s ]
ERR: 无法加载模块:Public

[ 2017-04-29T12:10:48+08:00 ] 127.0.0.1 /thinkstudy/Public/bootstrap-3.3.7-dist/js/bootstarp.js
INFO: [ app_init ] --START--
INFO: Run Behavior\BuildLiteBehavior [ RunTime:0.000009s ]
INFO: [ app_init ] --END-- [ RunTime:0.000378s ]
ERR: 无法加载模块:Public

[ 2017-04-29T12:13:38+08:00 ] 127.0.0.1 /thinkstudy/Public/bootstrap-3.3.7-dist/js/bootstarp.js
INFO: [ app_init ] --START--
INFO: Run Behavior\BuildLiteBehavior [ RunTime:0.000010s ]
INFO: [ app_init ] --END-- [ RunTime:0.000370s ]
ERR: 无法加载模块:Public

[ 2017-04-29T13:06:42+08:00 ] 127.0.0.1 /thinkstudy/Public/bootstrap-3.3.7-dist/js/bootstarp.js
INFO: [ app_init ] --START--
INFO: Run Behavior\BuildLiteBehavior [ RunTime:0.000008s ]
INFO: [ app_init ] --END-- [ RunTime:0.000394s ]
ERR: 无法加载模块:Public

[ 2017-04-29T13:06:51+08:00 ] 127.0.0.1 /thinkstudy/Public/bootstrap-3.3.7-dist/js/bootstarp.js
INFO: [ app_init ] --START--
INFO: Run Behavior\BuildLiteBehavior [ RunTime:0.000010s ]
INFO: [ app_init ] --END-- [ RunTime:0.000566s ]
ERR: 无法加载模块:Public

[ 2017-04-29T13:06:52+08:00 ] 127.0.0.1 /thinkstudy/Public/bootstrap-3.3.7-dist/js/bootstarp.js
INFO: [ app_init ] --START--
INFO: Run Behavior\BuildLiteBehavior [ RunTime:0.000008s ]
INFO: [ app_init ] --END-- [ RunTime:0.000357s ]
ERR: 无法加载模块:Public

[ 2017-04-29T13:07:23+08:00 ] 127.0.0.1 /thinkstudy/Public/bootstrap-3.3.7-dist/js/bootstarp.js
INFO: [ app_init ] --START--
INFO: Run Behavior\BuildLiteBehavior [ RunTime:0.000008s ]
INFO: [ app_init ] --END-- [ RunTime:0.000357s ]
ERR: 无法加载模块:Public

[ 2017-04-29T13:07:37+08:00 ] 127.0.0.1 /thinkstudy/Public/bootstrap-3.3.7-dist/js/bootstarp.js
INFO: [ app_init ] --START--
INFO: Run Behavior\BuildLiteBehavior [ RunTime:0.000007s ]
INFO: [ app_init ] --END-- [ RunTime:0.000534s ]
ERR: 无法加载模块:Public

[ 2017-04-29T13:07:38+08:00 ] 127.0.0.1 /thinkstudy/Public/bootstrap-3.3.7-dist/js/bootstarp.js
INFO: [ app_init ] --START--
INFO: Run Behavior\BuildLiteBehavior [ RunTime:0.000018s ]
INFO: [ app_init ] --END-- [ RunTime:0.000561s ]
ERR: 无法加载模块:Public

[ 2017-04-29T13:10:37+08:00 ] 127.0.0.1 /thinkstudy/Public/bootstrap-3.3.7-dist/js/bootstarp.js
INFO: [ app_init ] --START--
INFO: Run Behavior\BuildLiteBehavior [ RunTime:0.000008s ]
INFO: [ app_init ] --END-- [ RunTime:0.000548s ]
ERR: 无法加载模块:Public

[ 2017-04-29T13:12:00+08:00 ] 127.0.0.1 /thinkstudy/Public/bootstrap-3.3.7-dist/js/bootstarp.js
INFO: [ app_init ] --START--
INFO: Run Behavior\BuildLiteBehavior [ RunTime:0.000008s ]
INFO: [ app_init ] --END-- [ RunTime:0.000352s ]
ERR: 无法加载模块:Public

[ 2017-04-29T13:45:50+08:00 ] 127.0.0.1 /thinkstudy/Public/bootstrap-3.3.7-dist/js/bootstarp.js
INFO: [ app_init ] --START--
INFO: Run Behavior\BuildLiteBehavior [ RunTime:0.000009s ]
INFO: [ app_init ] --END-- [ RunTime:0.000553s ]
ERR: 无法加载模块:Public

[ 2017-04-29T13:46:22+08:00 ] 127.0.0.1 /thinkstudy/Public/bootstrap-3.3.7-dist/js/bootstarp.js
INFO: [ app_init ] --START--
INFO: Run Behavior\BuildLiteBehavior [ RunTime:0.000009s ]
INFO: [ app_init ] --END-- [ RunTime:0.000379s ]
ERR: 无法加载模块:Public

[ 2017-04-29T13:56:29+08:00 ] 127.0.0.1 /thinkstudy/Public/bootstrap-3.3.7-dist/js/bootstarp.js
INFO: [ app_init ] --START--
INFO: Run Behavior\BuildLiteBehavior [ RunTime:0.000008s ]
INFO: [ app_init ] --END-- [ RunTime:0.000375s ]
ERR: 无法加载模块:Public

[ 2017-04-29T13:56:31+08:00 ] 127.0.0.1 /thinkstudy/Public/bootstrap-3.3.7-dist/js/bootstarp.js
INFO: [ app_init ] --START--
INFO: Run Behavior\BuildLiteBehavior [ RunTime:0.000008s ]
INFO: [ app_init ] --END-- [ RunTime:0.000399s ]
ERR: 无法加载模块:Public

[ 2017-04-29T14:02:01+08:00 ] 127.0.0.1 /thinkstudy/Public/bootstrap-3.3.7-dist/js/bootstarp.js
INFO: [ app_init ] --START--
INFO: Run Behavior\BuildLiteBehavior [ RunTime:0.000007s ]
INFO: [ app_init ] --END-- [ RunTime:0.000515s ]
ERR: 无法加载模块:Public

[ 2017-04-29T14:02:51+08:00 ] 127.0.0.1 /thinkstudy/Public/bootstrap-3.3.7-dist/js/bootstarp.js
INFO: [ app_init ] --START--
INFO: Run Behavior\BuildLiteBehavior [ RunTime:0.000009s ]
INFO: [ app_init ] --END-- [ RunTime:0.000391s ]
ERR: 无法加载模块:Public

