[ 2017-05-09T08:39:14+08:00 ] 127.0.0.1 /thinkstudy/Public/bootstrap-3.3.7-dist/js/bootstarp.js
INFO: [ app_init ] --START--
INFO: Run Behavior\BuildLiteBehavior [ RunTime:0.000014s ]
INFO: [ app_init ] --END-- [ RunTime:0.000556s ]
ERR: 无法加载模块:Public

[ 2017-05-09T17:09:20+08:00 ] 127.0.0.1 /thinkstudy/Application/Admin/index
INFO: [ app_init ] --START--
INFO: Run Behavior\BuildLiteBehavior [ RunTime:0.000010s ]
INFO: [ app_init ] --END-- [ RunTime:0.000579s ]
ERR: 无法加载模块:Application

[ 2017-05-09T17:09:32+08:00 ] 127.0.0.1 /thinkstudy/Test/index
INFO: [ app_init ] --START--
INFO: Run Behavior\BuildLiteBehavior [ RunTime:0.000009s ]
INFO: [ app_init ] --END-- [ RunTime:0.000399s ]
ERR: 无法加载模块:Test

[ 2017-05-09T20:28:19+08:00 ] 127.0.0.1 /thinkstudy/Public/bootstrap-3.3.7-dist/js/bootstarp.js
INFO: [ app_init ] --START--
INFO: Run Behavior\BuildLiteBehavior [ RunTime:0.000009s ]
INFO: [ app_init ] --END-- [ RunTime:0.000571s ]
ERR: 无法加载模块:Public

