[ 2017-04-07T08:55:25+08:00 ] ::1 /thinkstudy/Application/Admin/View/Index/__PUBLIC__/bootstrap-3.3.7-dist/js/bootstrap.js
INFO: [ app_init ] --START--
INFO: Run Behavior\BuildLiteBehavior [ RunTime:0.000015s ]
INFO: [ app_init ] --END-- [ RunTime:0.006360s ]
ERR: 无法加载模块:Application

[ 2017-04-07T08:55:25+08:00 ] ::1 /thinkstudy/Application/Admin/View/Index/__PUBLIC__/bootstrap-3.3.7-dist/css/bootstrap.css
INFO: [ app_init ] --START--
INFO: Run Behavior\BuildLiteBehavior [ RunTime:0.000016s ]
INFO: [ app_init ] --END-- [ RunTime:0.006440s ]
ERR: 无法加载模块:Applica[ 2017-04-07T08:55:25+08:00 ] ::1 /thinkstudy/Application/Admin/View/Index/__PUBLIC__/bootstrap-3.3.7-dist/js/jquery.min.js
INFO: [ app_init ] --START--
INFO: Run Behavior\BuildLiteBehavior [ RunTime:0.000015s ]
INFO: [ app_init ] --END-- [ RunTime:0.006304s ]
ERR: 无法加载模块:Application

[ 2017-04-07T08:55:25+08:00 ] ::1 /thinkstudy/Application/Admin/View/Index/__PUBLIC__/bootstrap-3.3.7-dist/js/bootstrap.js
INFO: [ app_init ] --START--
INFO: Run Behavior\BuildLiteBehavior [ RunTime:0.000009s ]
INFO: [ app_init ] --END-- [ RunTime:0.000370s ]
ERR: 无法加载模块:Application

[ 2017-04-07T08:55:40+08:00 ] ::1 /thinkstudy/Public/bootstrap-3.3.7-dist/js/bootstarp.js
INFO: [ app_init ] --START--
INFO: Run Behavior\BuildLiteBehavior [ RunTime:0.000017s ]
INFO: [ app_init ] --END-- [ RunTime:0.000471s ]
ERR: 无法加载模块:Public

[ 2017-04-07T14:51:10+08:00 ] ::1 /thinkstudy/Public/bootstrap-3.3.7-dist/js/bootstarp.js
INFO: [ app_init ] --START--
INFO: Run Behavior\BuildLiteBehavior [ RunTime:0.000015s ]
INFO: [ app_init ] --END-- [ RunTime:0.000894s ]
ERR: 无法加载模块:Public

[ 2017-04-07T16:20:00+08:00 ] ::1 /thinkstudy/index.php/thinkstudy/index.php/Admin/User/deleteinfo.html
INFO: [ app_init ] --START--
INFO: Run Behavior\BuildLiteBehavior [ RunTime:0.000013s ]
INFO: [ app_init ] --END-- [ RunTime:0.000427s ]
ERR: 无法加载模块:Thinkstudy

