[ 2017-03-29T17:13:20+08:00 ] ::1 /thinkstudy/Application/Home/index/index
INFO: [ app_init ] --START--
INFO: Run Behavior\BuildLiteBehavior [ RunTime:0.000032s ]
INFO: [ app_init ] --END-- [ RunTime:0.006868s ]
ERR: æ— æ³•åŠ è½½æ¨¡å—:Application

[ 2017-03-29T17:14:30+08:00 ] ::1 /thinkstudy/Application/Home/Index/index
INFO: [ app_init ] --START--
INFO: Run Behavior\BuildLiteBehavior [ RunTime:0.000011s ]
INFO: [ app_init ] --END-- [ RunTime:0.000788s ]
ERR: æ— æ³•åŠ è½½æ¨¡å—:Application

[ 2017-03-29T17:14:48+08:00 ] ::1 /thinkstudy/Application/Home/Index
INFO: [ app_init ] --START--
INFO: Run Behavior\BuildLiteBehavior [ RunTime:0.000010s ]
INFO: [ app_init ] --END-- [ RunTime:0.000592s ]
ERR: æ— æ³•åŠ è½½æ¨¡å—:Application

[ 2017-03-29T17:15:16+08:00 ] ::1 /thinkstudy/Application/Home/Index
INFO: [ app_init ] --START--
INFO: Run Behavior\BuildLiteBehavior [ RunTime:0.000010s ]
INFO: [ app_init ] --END-- [ RunTime:0.000748s ]
ERR: æ— æ³•åŠ è½½æ¨¡å—:Application

[ 2017-03-29T17:15:22+08:00 ] ::1 /thinkstudy/Application/Home/Index/index
INFO: [ app_init ] --START--
INFO: Run Behavior\BuildLiteBehavior [ RunTime:0.000011s ]
INFO: [ app_init ] --END-- [ RunTime:0.000668s ]
ERR: æ— æ³•åŠ è½½æ¨¡å—:Application

[ 2017-03-29T17:15:45+08:00 ] ::1 /thinkstudy/Application/Home/Index/hello
INFO: [ app_init ] --START--
INFO: Run Behavior\BuildLiteBehavior [ RunTime:0.000011s ]
INFO: [ app_init ] --END-- [ RunTime:0.000608s ]
ERR: æ— æ³•åŠ è½½æ¨¡å—:Application

[ 2017-03-29T17:16:35+08:00 ] ::1 /thinkstudy/Application/Home/Index/hello
INFO: [ app_init ] --START--
INFO: Run Behavior\BuildLiteBehavior [ RunTime:0.000010s ]
INFO: [ app_init ] --END-- [ RunTime:0.000575s ]
ERR: æ— æ³•åŠ è½½æ¨¡å—:Application

[ 2017-03-29T17:16:40+08:00 ] ::1 /thinkstudy/Application/Home/Index/index
INFO: [ app_init ] --START--
INFO: Run Behavior\BuildLiteBehavior [ RunTime:0.000010s ]
INFO: [ app_init ] --END-- [ RunTime:0.000576s ]
ERR: æ— æ³•åŠ è½½æ¨¡å—:Application

[ 2017-03-29T17:17:04+08:00 ] ::1 /thinkstudy/Application/Home/Index/index
INFO: [ app_init ] --START--
INFO: Run Behavior\BuildLiteBehavior [ RunTime:0.000011s ]
INFO: [ app_init ] --END-- [ RunTime:0.000576s ]
ERR: æ— æ³•åŠ è½½æ¨¡å—:Application

[ 2017-03-29T17:17:05+08:00 ] ::1 /thinkstudy/Application/Home/Index/index
INFO: [ app_init ] --START--
INFO: Run Behavior\BuildLiteBehavior [ RunTime:0.000010s ]
INFO: [ app_init ] --END-- [ RunTime:0.000578s ]
ERR: æ— æ³•åŠ è½½æ¨¡å—:Application

[ 2017-03-29T17:17:05+08:00 ] ::1 /thinkstudy/Application/Home/Index/index
INFO: [ app_init ] --START--
INFO: Run Behavior\BuildLiteBehavior [ RunTime:0.000010s ]
INFO: [ app_init ] --END-- [ RunTime:0.000593s ]
ERR: æ— æ³•åŠ è½½æ¨¡å—:Application

[ 2017-03-29T17:17:05+08:00 ] ::1 /thinkstudy/Application/Home/Index/index
INFO: [ app_init ] --START--
INFO: Run Behavior\BuildLiteBehavior [ RunTime:0.000010s ]
INFO: [ app_init ] --END-- [ RunTime:0.000620s ]
ERR: æ— æ³•åŠ è½½æ¨¡å—:Application

[ 2017-03-29T17:19:50+08:00 ] ::1 /thinkstudy/Application/index.php/Home/Index/index
INFO: [ app_init ] --START--
INFO: Run Behavior\BuildLiteBehavior [ RunTime:0.000010s ]
INFO: [ app_init ] --END-- [ RunTime:0.000595s ]
ERR: æ— æ³•åŠ è½½æ¨¡å—:Application

[ 2017-03-29T17:19:56+08:00 ] ::1 /thinkstudy/Application/index.php/
INFO: [ app_init ] --START--
INFO: Run Behavior\BuildLiteBehavior [ RunTime:0.000011s ]
INFO: [ app_init ] --END-- [ RunTime:0.000608s ]
ERR: æ— æ³•åŠ è½½æ¨¡å—:Application

[ 2017-03-29T17:19:59+08:00 ] ::1 /thinkstudy/Application/index.php
INFO: [ app_init ] --START--
INFO: Run Behavior\BuildLiteBehavior [ RunTime:0.000011s ]
INFO: [ app_init ] --END-- [ RunTime:0.000699s ]
ERR: æ— æ³•åŠ è½½æ¨¡å—:Application

[ 2017-03-29T17:21:38+08:00 ] ::1 /thinkstudy/index.php/Index/index
INFO: [ app_init ] --START--
INFO: Run Behavior\BuildLiteBehavior [ RunTime:0.000011s ]
INFO: [ app_init ] --END-- [ RunTime:0.000582s ]
ERR: æ— æ³•åŠ è½½æ¨¡å—:Index

[ 2017-03-29T17:22:40+08:00 ] ::1 /thinkstudy/Public/bootstrap-3.3.7-dist/js/bootstarp.js
INFO: [ app_init ] --START--
INFO: Run Behavior\BuildLiteBehavior [ RunTime:0.000011s ]
INFO: [ app_init ] --END-- [ RunTime:0.001407s ]
ERR: æ— æ³•åŠ è½½æ¨¡å—:Public

[ 2017-03-29T17:29:27+08:00 ] ::1 /thinkstudy/Public/bootstrap-3.3.7-dist/js/bootstarp.js
INFO: [ app_init ] --START--
INFO: Run Behavior\BuildLiteBehavior [ RunTime:0.000011s ]
INFO: [ app_init ] --END-- [ RunTime:0.000402s ]
ERR: æ— æ³•åŠ è½½æ¨¡å—:Public

[ 2017-03-29T17:29:59+08:00 ] ::1 /thinkstudy/Public/bootstrap-3.3.7-dist/js/bootstarp.js
INFO: [ app_init ] --START--
INFO: Run Behavior\BuildLiteBehavior [ RunTime:0.000011s ]
INFO: [ app_init ] --END-- [ RunTime:0.000585s ]
ERR: æ— æ³•åŠ è½½æ¨¡å—:Public

[ 2017-03-29T17:30:00+08:00 ] ::1 /thinkstudy/Public/bootstrap-3.3.7-dist/js/bootstarp.js
INFO: [ app_init ] --START--
INFO: Run Behavior\BuildLiteBehavior [ RunTime:0.000013s ]
INFO: [ app_init ] --END-- [ RunTime:0.000797s ]
ERR: æ— æ³•åŠ è½½æ¨¡å—:Public

[ 2017-03-29T17:30:00+08:00 ] ::1 /thinkstudy/Public/bootstrap-3.3.7-dist/js/bootstarp.js
INFO: [ app_init ] --START--
INFO: Run Behavior\BuildLiteBehavior [ RunTime:0.000010s ]
INFO: [ app_init ] --END-- [ RunTime:0.000567s ]
ERR: æ— æ³•åŠ è½½æ¨¡å—:Public

[ 2017-03-29T17:30:00+08:00 ] ::1 /thinkstudy/Public/bootstrap-3.3.7-dist/js/bootstarp.js
INFO: [ app_init ] --START--
INFO: Run Behavior\BuildLiteBehavior [ RunTime:0.000009s ]
INFO: [ app_init ] --END-- [ RunTime:0.000560s ]
ERR: æ— æ³•åŠ è½½æ¨¡å—:Public

[ 2017-03-29T17:30:30+08:00 ] ::1 /thinkstudy/Public/bootstrap-3.3.7-dist/js/bootstarp.js
INFO: [ app_init ] --START--
INFO: Run Behavior\BuildLiteBehavior [ RunTime:0.000009s ]
INFO: [ app_init ] --END-- [ RunTime:0.000397s ]
ERR: æ— æ³•åŠ è½½æ¨¡å—:Public

[ 2017-03-29T20:07:28+08:00 ] ::1 /thinkstudy/Public/bootstrap-3.3.7-dist/js/bootstarp.js
INFO: [ app_init ] --START--
INFO: Run Behavior\BuildLiteBehavior [ RunTime:0.000009s ]
INFO: [ app_init ] --END-- [ RunTime:0.000388s ]
ERR: æ— æ³•åŠ è½½æ¨¡å—:Public

[ 2017-03-29T20:08:19+08:00 ] ::1 /thinkstudy/Public/bootstrap-3.3.7-dist/js/bootstarp.js
INFO: [ app_init ] --START--
INFO: Run Behavior\BuildLiteBehavior [ RunTime:0.000008s ]
INFO: [ app_init ] --END-- [ RunTime:0.000370s ]
ERR: æ— æ³•åŠ è½½æ¨¡å—:Public

[ 2017-03-29T20:13:33+08:00 ] ::1 /thinkstudy/Public/bootstrap-3.3.7-dist/js/bootstarp.js
INFO: [ app_init ] --START--
INFO: Run Behavior\BuildLiteBehavior [ RunTime:0.000009s ]
INFO: [ app_init ] --END-- [ RunTime:0.000380s ]
ERR: æ— æ³•åŠ è½½æ¨¡å—:Public

[ 2017-03-29T20:13:39+08:00 ] ::1 /thinkstudy/Public/bootstrap-3.3.7-dist/js/bootstarp.js
INFO: [ app_init ] --START--
INFO: Run Behavior\BuildLiteBehavior [ RunTime:0.000010s ]
INFO: [ app_init ] --END-- [ RunTime:0.000388s ]
ERR: æ— æ³•åŠ è½½æ¨¡å—:Public

[ 2017-03-29T20:14:25+08:00 ] ::1 /thinkstudy/Public/bootstrap-3.3.7-dist/js/bootstarp.js
INFO: [ app_init ] --START--
INFO: Run Behavior\BuildLiteBehavior [ RunTime:0.000009s ]
INFO: [ app_init ] --END-- [ RunTime:0.000374s ]
ERR: æ— æ³•åŠ è½½æ¨¡å—:Public

[ 2017-03-29T20:17:40+08:00 ] ::1 /thinkstudy/Public/bootstrap-3.3.7-dist/js/bootstarp.js
INFO: [ app_init ] --START--
INFO: Run Behavior\BuildLiteBehavior [ RunTime:0.000009s ]
INFO: [ app_init ] --END-- [ RunTime:0.000378s ]
ERR: æ— æ³•åŠ è½½æ¨¡å—:Public

[ 2017-03-29T20:18:20+08:00 ] ::1 /thinkstudy/Public/bootstrap-3.3.7-dist/js/bootstarp.js
INFO: [ app_init ] --START--
INFO: Run Behavior\BuildLiteBehavior [ RunTime:0.000008s ]
INFO: [ app_init ] --END-- [ RunTime:0.000371s ]
ERR: æ— æ³•åŠ è½½æ¨¡å—:Public

[ 2017-03-29T20:18:20+08:00 ] ::1 /thinkstudy/Public/bootstrap-3.3.7-dist/js/bootstarp.js
INFO: [ app_init ] --START--
INFO: Run Behavior\BuildLiteBehavior [ RunTime:0.000008s ]
INFO: [ app_init ] --END-- [ RunTime:0.000375s ]
ERR: æ— æ³•åŠ è½½æ¨¡å—:Public

[ 2017-03-29T20:18:20+08:00 ] ::1 /thinkstudy/Public/bootstrap-3.3.7-dist/js/bootstarp.js
INFO: [ app_init ] --START--
INFO: Run Behavior\BuildLiteBehavior [ RunTime:0.000009s ]
INFO: [ app_init ] --END-- [ RunTime:0.000380s ]
ERR: æ— æ³•åŠ è½½æ¨¡å—:Public

[ 2017-03-29T20:19:20+08:00 ] ::1 /thinkstudy/Public/bootstrap-3.3.7-dist/js/bootstarp.js
INFO: [ app_init ] --START--
INFO: Run Behavior\BuildLiteBehavior [ RunTime:0.000008s ]
INFO: [ app_init ] --END-- [ RunTime:0.000364s ]
ERR: æ— æ³•åŠ è½½æ¨¡å—:Public

[ 2017-03-29T20:20:09+08:00 ] ::1 /thinkstudy/Public/bootstrap-3.3.7-dist/js/bootstarp.js
INFO: [ app_init ] --START--
INFO: Run Behavior\BuildLiteBehavior [ RunTime:0.000009s ]
INFO: [ app_init ] --END-- [ RunTime:0.000384s ]
ERR: æ— æ³•åŠ è½½æ¨¡å—:Public

[ 2017-03-29T20:24:19+08:00 ] ::1 /thinkstudy/Public/bootstrap-3.3.7-dist/js/bootstarp.js
INFO: [ app_init ] --START--
INFO: Run Behavior\BuildLiteBehavior [ RunTime:0.000008s ]
INFO: [ app_init ] --END-- [ RunTime:0.000378s ]
ERR: æ— æ³•åŠ è½½æ¨¡å—:Public

[ 2017-03-29T20:25:01+08:00 ] ::1 /thinkstudy/Public/bootstrap-3.3.7-dist/js/bootstarp.js
INFO: [ app_init ] --START--
INFO: Run Behavior\BuildLiteBehavior [ RunTime:0.000012s ]
INFO: [ app_init ] --END-- [ RunTime:0.000409s ]
ERR: æ— æ³•åŠ è½½æ¨¡å—:Public

[ 2017-03-29T20:25:02+08:00 ] ::1 /thinkstudy/Public/bootstrap-3.3.7-dist/js/bootstarp.js
INFO: [ app_init ] --START--
INFO: Run Behavior\BuildLiteBehavior [ RunTime:0.000011s ]
INFO: [ app_init ] --END-- [ RunTime:0.000384s ]
ERR: æ— æ³•åŠ è½½æ¨¡å—:Public

[ 2017-03-29T20:25:03+08:00 ] ::1 /thinkstudy/Public/bootstrap-3.3.7-dist/js/bootstarp.js
INFO: [ app_init ] --START--
INFO: Run Behavior\BuildLiteBehavior [ RunTime:0.000009s ]
INFO: [ app_init ] --END-- [ RunTime:0.000381s ]
ERR: æ— æ³•åŠ è½½æ¨¡å—:Public

[ 2017-03-29T20:25:04+08:00 ] ::1 /thinkstudy/Public/bootstrap-3.3.7-dist/js/bootstarp.js
INFO: [ app_init ] --START--
INFO: Run Behavior\BuildLiteBehavior [ RunTime:0.000009s ]
INFO: [ app_init ] --END-- [ RunTime:0.000379s ]
ERR: æ— æ³•åŠ è½½æ¨¡å—:Public

[ 2017-03-29T20:27:16+08:00 ] ::1 /thinkstudy/Public/bootstrap-3.3.7-dist/js/bootstarp.js
INFO: [ app_init ] --START--
INFO: Run Behavior\BuildLiteBehavior [ RunTime:0.000009s ]
INFO: [ app_init ] --END-- [ RunTime:0.000374s ]
ERR: æ— æ³•åŠ è½½æ¨¡å—:Public

[ 2017-03-29T20:29:24+08:00 ] ::1 /thinkstudy/Public/bootstrap-3.3.7-dist/js/bootstarp.js
INFO: [ app_init ] --START--
INFO: Run Behavior\BuildLiteBehavior [ RunTime:0.000011s ]
INFO: [ app_init ] --END-- [ RunTime:0.000387s ]
ERR: æ— æ³•åŠ è½½æ¨¡å—:Public

[ 2017-03-29T20:30:57+08:00 ] ::1 /thinkstudy/Public/bootstrap-3.3.7-dist/js/bootstarp.js
INFO: [ app_init ] --START--
INFO: Run Behavior\BuildLiteBehavior [ RunTime:0.000009s ]
INFO: [ app_init ] --END-- [ RunTime:0.000382s ]
ERR: æ— æ³•åŠ è½½æ¨¡å—:Public

[ 2017-03-29T20:31:32+08:00 ] ::1 /thinkstudy/Public/bootstrap-3.3.7-dist/js/bootstarp.js
INFO: [ app_init ] --START--
INFO: Run Behavior\BuildLiteBehavior [ RunTime:0.000009s ]
INFO: [ app_init ] --END-- [ RunTime:0.000374s ]
ERR: æ— æ³•åŠ è½½æ¨¡å—:Public

[ 2017-03-29T20:33:33+08:00 ] ::1 /thinkstudy/Public/bootstrap-3.3.7-dist/js/bootstarp.js
INFO: [ app_init ] --START--
INFO: Run Behavior\BuildLiteBehavior [ RunTime:0.000008s ]
INFO: [ app_init ] --END-- [ RunTime:0.000394s ]
ERR: æ— æ³•åŠ è½½æ¨¡å—:Public

[ 2017-03-29T20:55:54+08:00 ] ::1 /thinkstudy/index.php/login/verify
INFO: [ app_init ] --START--
INFO: Run Behavior\BuildLiteBehavior [ RunTime:0.000009s ]
INFO: [ app_init ] --END-- [ RunTime:0.000646s ]
ERR: æ— æ³•åŠ è½½æ¨¡å—:Login

[ 2017-03-29T20:56:14+08:00 ] ::1 /thinkstudy/index.php/Login/index/verify
INFO: [ app_init ] --START--
INFO: Run Behavior\BuildLiteBehavior [ RunTime:0.000012s ]
INFO: [ app_init ] --END-- [ RunTime:0.000612s ]
ERR: æ— æ³•åŠ è½½æ¨¡å—:Login

[ 2017-03-29T20:56:27+08:00 ] ::1 /thinkstudy/index.php/login/index/verify
INFO: [ app_init ] --START--
INFO: Run Behavior\BuildLiteBehavior [ RunTime:0.000009s ]
INFO: [ app_init ] --END-- [ RunTime:0.000381s ]
ERR: æ— æ³•åŠ è½½æ¨¡å—:Login

[ 2017-03-29T20:56:37+08:00 ] ::1 /thinkstudy/Public/bootstrap-3.3.7-dist/js/bootstarp.js
INFO: [ app_init ] --START--
INFO: Run Behavior\BuildLiteBehavior [ RunTime:0.000010s ]
INFO: [ app_init ] --END-- [ RunTime:0.000389s ]
ERR: æ— æ³•åŠ è½½æ¨¡å—:Public

[ 2017-03-29T20:57:54+08:00 ] ::1 /thinkstudy/Public/bootstrap-3.3.7-dist/js/bootstarp.js
INFO: [ app_init ] --START--
INFO: Run Behavior\BuildLiteBehavior [ RunTime:0.000010s ]
INFO: [ app_init ] --END-- [ RunTime:0.000399s ]
ERR: æ— æ³•åŠ è½½æ¨¡å—:Public

[ 2017-03-29T20:57:58+08:00 ] ::1 /thinkstudy/Public/bootstrap-3.3.7-dist/js/bootstarp.js
INFO: [ app_init ] --START--
INFO: Run Behavior\BuildLiteBehavior [ RunTime:0.000009s ]
INFO: [ app_init ] --END-- [ RunTime:0.000395s ]
ERR: æ— æ³•åŠ è½½æ¨¡å—:Public

[ 2017-03-29T21:02:38+08:00 ] ::1 /thinkstudy/Public/bootstrap-3.3.7-dist/js/bootstarp.js
INFO: [ app_init ] --START--
INFO: Run Behavior\BuildLiteBehavior [ RunTime:0.000015s ]
INFO: [ app_init ] --END-- [ RunTime:0.000670s ]
ERR: æ— æ³•åŠ è½½æ¨¡å—:Public

[ 2017-03-29T21:02:43+08:00 ] ::1 /thinkstudy/Public/bootstrap-3.3.7-dist/js/bootstarp.js
INFO: [ app_init ] --START--
INFO: Run Behavior\BuildLiteBehavior [ RunTime:0.000010s ]
INFO: [ app_init ] --END-- [ RunTime:0.000400s ]
ERR: æ— æ³•åŠ è½½æ¨¡å—:Public

[ 2017-03-29T21:03:57+08:00 ] 127.0.0.1 /thinkstudy/Public/bootstrap-3.3.7-dist/js/bootstarp.js
INFO: [ app_init ] --START--
INFO: Run Behavior\BuildLiteBehavior [ RunTime:0.000011s ]
INFO: [ app_init ] --END-- [ RunTime:0.000450s ]
ERR: æ— æ³•åŠ è½½æ¨¡å—:Public

[ 2017-03-29T21:03:57+08:00 ] 127.0.0.1 /thinkstudy/Public/bootstrap-3.3.7-dist/js/bootstarp.js
INFO: [ app_init ] --START--
INFO: Run Behavior\BuildLiteBehavior [ RunTime:0.000010s ]
INFO: [ app_init ] --END-- [ RunTime:0.000399s ]
ERR: æ— æ³•åŠ è½½æ¨¡å—:Public

[ 2017-03-29T21:06:46+08:00 ] 127.0.0.1 /thinkstudy/Public/bootstrap-3.3.7-dist/js/bootstarp.js
INFO: [ app_init ] --START--
INFO: Run Behavior\BuildLiteBehavior [ RunTime:0.000008s ]
INFO: [ app_init ] --END-- [ RunTime:0.000384s ]
ERR: æ— æ³•åŠ è½½æ¨¡å—:Public

[ 2017-03-29T21:07:10+08:00 ] 127.0.0.1 /thinkstudy/Public/bootstrap-3.3.7-dist/js/bootstarp.js
INFO: [ app_init ] --START--
INFO: Run Behavior\BuildLiteBehavior [ RunTime:0.000008s ]
INFO: [ app_init ] --END-- [ RunTime:0.000383s ]
ERR: æ— æ³•åŠ è½½æ¨¡å—:Public

[ 2017-03-29T21:07:29+08:00 ] 127.0.0.1 /thinkstudy/Public/bootstrap-3.3.7-dist/js/bootstarp.js
INFO: [ app_init ] --START--
INFO: Run Behavior\BuildLiteBehavior [ RunTime:0.000008s ]
INFO: [ app_init ] --END-- [ RunTime:0.000386s ]
ERR: æ— æ³•åŠ è½½æ¨¡å—:Public

[ 2017-03-29T21:10:12+08:00 ] ::1 /thinkstudy/Public/bootstrap-3.3.7-dist/js/bootstarp.js
INFO: [ app_init ] --START--
INFO: Run Behavior\BuildLiteBehavior [ RunTime:0.000010s ]
INFO: [ app_init ] --END-- [ RunTime:0.000406s ]
ERR: æ— æ³•åŠ è½½æ¨¡å—:Public

[ 2017-03-29T21:10:25+08:00 ] ::1 /thinkstudy/Public/bootstrap-3.3.7-dist/js/bootstarp.js
INFO: [ app_init ] --START--
INFO: Run Behavior\BuildLiteBehavior [ RunTime:0.000009s ]
INFO: [ app_init ] --END-- [ RunTime:0.000406s ]
ERR: æ— æ³•åŠ è½½æ¨¡å—:Public

[ 2017-03-29T21:38:00+08:00 ] ::1 /thinkstudy/Public/bootstrap-3.3.7-dist/js/bootstarp.js
INFO: [ app_init ] --START--
INFO: Run Behavior\BuildLiteBehavior [ RunTime:0.000010s ]
INFO: [ app_init ] --END-- [ RunTime:0.000383s ]
ERR: æ— æ³•åŠ è½½æ¨¡å—:Public

[ 2017-03-29T21:39:18+08:00 ] ::1 /thinkstudy/Public/bootstrap-3.3.7-dist/js/bootstarp.js
INFO: [ app_init ] --START--
INFO: Run Behavior\BuildLiteBehavior [ RunTime:0.000009s ]
INFO: [ app_init ] --END-- [ RunTime:0.000385s ]
ERR: æ— æ³•åŠ è½½æ¨¡å—:Public

[ 2017-03-29T21:39:20+08:00 ] ::1 /thinkstudy/Public/bootstrap-3.3.7-dist/js/bootstarp.js
INFO: [ app_init ] --START--
INFO: Run Behavior\BuildLiteBehavior [ RunTime:0.000008s ]
INFO: [ app_init ] --END-- [ RunTime:0.000379s ]
ERR: æ— æ³•åŠ è½½æ¨¡å—:Public

[ 2017-03-29T21:39:20+08:00 ] ::1 /thinkstudy/Public/bootstrap-3.3.7-dist/js/bootstarp.js
INFO: [ app_init ] --START--
INFO: Run Behavior\BuildLiteBehavior [ RunTime:0.000009s ]
INFO: [ app_init ] --END-- [ RunTime:0.000396s ]
ERR: æ— æ³•åŠ è½½æ¨¡å—:Public

[ 2017-03-29T21:39:20+08:00 ] ::1 /thinkstudy/Public/bootstrap-3.3.7-dist/js/bootstarp.js
INFO: [ app_init ] --START--
INFO: Run Behavior\BuildLiteBehavior [ RunTime:0.000008s ]
INFO: [ app_init ] --END-- [ RunTime:0.000377s ]
ERR: æ— æ³•åŠ è½½æ¨¡å—:Public

[ 2017-03-29T21:39:29+08:00 ] ::1 /thinkstudy/Public/bootstrap-3.3.7-dist/js/bootstarp.js
INFO: [ app_init ] --START--
INFO: Run Behavior\BuildLiteBehavior [ RunTime:0.000008s ]
INFO: [ app_init ] --END-- [ RunTime:0.000388s ]
ERR: æ— æ³•åŠ è½½æ¨¡å—:Public

[ 2017-03-29T21:39:30+08:00 ] ::1 /thinkstudy/Public/bootstrap-3.3.7-dist/js/bootstarp.js
INFO: [ app_init ] --START--
INFO: Run Behavior\BuildLiteBehavior [ RunTime:0.000009s ]
INFO: [ app_init ] --END-- [ RunTime:0.000389s ]
ERR: æ— æ³•åŠ è½½æ¨¡å—:Public

[ 2017-03-29T21:39:30+08:00 ] ::1 /thinkstudy/Public/bootstrap-3.3.7-dist/js/bootstarp.js
INFO: [ app_init ] --START--
INFO: Run Behavior\BuildLiteBehavior [ RunTime:0.000009s ]
INFO: [ app_init ] --END-- [ RunTime:0.000381s ]
ERR: æ— æ³•åŠ è½½æ¨¡å—:Public

[ 2017-03-29T21:39:45+08:00 ] ::1 /thinkstudy/Public/bootstrap-3.3.7-dist/js/bootstarp.js
INFO: [ app_init ] --START--
INFO: Run Behavior\BuildLiteBehavior [ RunTime:0.000009s ]
INFO: [ app_init ] --END-- [ RunTime:0.000394s ]
ERR: æ— æ³•åŠ è½½æ¨¡å—:Public

[ 2017-03-29T21:39:46+08:00 ] ::1 /thinkstudy/Public/bootstrap-3.3.7-dist/js/bootstarp.js
INFO: [ app_init ] --START--
INFO: Run Behavior\BuildLiteBehavior [ RunTime:0.000011s ]
INFO: [ app_init ] --END-- [ RunTime:0.000388s ]
ERR: æ— æ³•åŠ è½½æ¨¡å—:Public

[ 2017-03-29T21:39:46+08:00 ] ::1 /thinkstudy/Public/bootstrap-3.3.7-dist/js/bootstarp.js
INFO: [ app_init ] --START--
INFO: Run Behavior\BuildLiteBehavior [ RunTime:0.000009s ]
INFO: [ app_init ] --END-- [ RunTime:0.000408s ]
ERR: æ— æ³•åŠ è½½æ¨¡å—:Public

[ 2017-03-29T21:39:46+08:00 ] ::1 /thinkstudy/Public/bootstrap-3.3.7-dist/js/bootstarp.js
INFO: [ app_init ] --START--
INFO: Run Behavior\BuildLiteBehavior [ RunTime:0.000008s ]
INFO: [ app_init ] --END-- [ RunTime:0.000414s ]
ERR: æ— æ³•åŠ è½½æ¨¡å—:Public

[ 2017-03-29T21:39:46+08:00 ] ::1 /thinkstudy/Public/bootstrap-3.3.7-dist/js/bootstarp.js
INFO: [ app_init ] --START--
INFO: Run Behavior\BuildLiteBehavior [ RunTime:0.000007s ]
INFO: [ app_init ] --END-- [ RunTime:0.000406s ]
ERR: æ— æ³•åŠ è½½æ¨¡å—:Public

[ 2017-03-29T21:39:46+08:00 ] ::1 /thinkstudy/Public/bootstrap-3.3.7-dist/js/bootstarp.js
INFO: [ app_init ] --START--
INFO: Run Behavior\BuildLiteBehavior [ RunTime:0.000009s ]
INFO: [ app_init ] --END-- [ RunTime:0.000398s ]
ERR: æ— æ³•åŠ è½½æ¨¡å—:Public

[ 2017-03-29T21:40:20+08:00 ] ::1 /thinkstudy/Public/bootstrap-3.3.7-dist/js/bootstarp.js
INFO: [ app_init ] --START--
INFO: Run Behavior\BuildLiteBehavior [ RunTime:0.000009s ]
INFO: [ app_init ] --END-- [ RunTime:0.000387s ]
ERR: æ— æ³•åŠ è½½æ¨¡å—:Public

[ 2017-03-29T21:40:20+08:00 ] ::1 /thinkstudy/Public/bootstrap-3.3.7-dist/js/bootstarp.js
INFO: [ app_init ] --START--
INFO: Run Behavior\BuildLiteBehavior [ RunTime:0.000009s ]
INFO: [ app_init ] --END-- [ RunTime:0.000384s ]
ERR: æ— æ³•åŠ è½½æ¨¡å—:Public

[ 2017-03-29T21:40:20+08:00 ] ::1 /thinkstudy/Public/bootstrap-3.3.7-dist/js/bootstarp.js
INFO: [ app_init ] --START--
INFO: Run Behavior\BuildLiteBehavior [ RunTime:0.000010s ]
INFO: [ app_init ] --END-- [ RunTime:0.000610s ]
ERR: æ— æ³•åŠ è½½æ¨¡å—:Public

[ 2017-03-29T21:40:20+08:00 ] ::1 /thinkstudy/Public/bootstrap-3.3.7-dist/js/bootstarp.js
INFO: [ app_init ] --START--
INFO: Run Behavior\BuildLiteBehavior [ RunTime:0.000008s ]
INFO: [ app_init ] --END-- [ RunTime:0.000376s ]
ERR: æ— æ³•åŠ è½½æ¨¡å—:Public

[ 2017-03-29T21:42:11+08:00 ] ::1 /thinkstudy/Public/bootstrap-3.3.7-dist/js/bootstarp.js
INFO: [ app_init ] --START--
INFO: Run Behavior\BuildLiteBehavior [ RunTime:0.000012s ]
INFO: [ app_init ] --END-- [ RunTime:0.000436s ]
ERR: æ— æ³•åŠ è½½æ¨¡å—:Public

[ 2017-03-29T21:42:12+08:00 ] ::1 /thinkstudy/Public/bootstrap-3.3.7-dist/js/bootstarp.js
INFO: [ app_init ] --START--
INFO: Run Behavior\BuildLiteBehavior [ RunTime:0.000014s ]
INFO: [ app_init ] --END-- [ RunTime:0.000427s ]
ERR: æ— æ³•åŠ è½½æ¨¡å—:Public

[ 2017-03-29T21:42:12+08:00 ] ::1 /thinkstudy/Public/bootstrap-3.3.7-dist/js/bootstarp.js
INFO: [ app_init ] --START--
INFO: Run Behavior\BuildLiteBehavior [ RunTime:0.000009s ]
INFO: [ app_init ] --END-- [ RunTime:0.000398s ]
ERR: æ— æ³•åŠ è½½æ¨¡å—:Public

[ 2017-03-29T21:42:12+08:00 ] ::1 /thinkstudy/Public/bootstrap-3.3.7-dist/js/bootstarp.js
INFO: [ app_init ] --START--
INFO: Run Behavior\BuildLiteBehavior [ RunTime:0.000008s ]
INFO: [ app_init ] --END-- [ RunTime:0.000371s ]
ERR: æ— æ³•åŠ è½½æ¨¡å—:Public

[ 2017-03-29T21:42:12+08:00 ] ::1 /thinkstudy/Public/bootstrap-3.3.7-dist/js/bootstarp.js
INFO: [ app_init ] --START--
INFO: Run Behavior\BuildLiteBehavior [ RunTime:0.000009s ]
INFO: [ app_init ] --END-- [ RunTime:0.000364s ]
ERR: æ— æ³•åŠ è½½æ¨¡å—:Public

[ 2017-03-29T21:42:12+08:00 ] ::1 /thinkstudy/Public/bootstrap-3.3.7-dist/js/bootstarp.js
INFO: [ app_init ] --START--
INFO: Run Behavior\BuildLiteBehavior [ RunTime:0.000008s ]
INFO: [ app_init ] --END-- [ RunTime:0.000380s ]
ERR: æ— æ³•åŠ è½½æ¨¡å—:Public

[ 2017-03-29T21:44:04+08:00 ] ::1 /thinkstudy/Public/bootstrap-3.3.7-dist/js/bootstarp.js
INFO: [ app_init ] --START--
INFO: Run Behavior\BuildLiteBehavior [ RunTime:0.000010s ]
INFO: [ app_init ] --END-- [ RunTime:0.000391s ]
ERR: æ— æ³•åŠ è½½æ¨¡å—:Public

[ 2017-03-29T21:44:04+08:00 ] ::1 /thinkstudy/Public/bootstrap-3.3.7-dist/js/bootstarp.js
INFO: [ app_init ] --START--
INFO: Run Behavior\BuildLiteBehavior [ RunTime:0.000007s ]
INFO: [ app_init ] --END-- [ RunTime:0.000393s ]
ERR: æ— æ³•åŠ è½½æ¨¡å—:Public

[ 2017-03-29T21:44:04+08:00 ] ::1 /thinkstudy/Public/bootstrap-3.3.7-dist/js/bootstarp.js
INFO: [ app_init ] --START--
INFO: Run Behavior\BuildLiteBehavior [ RunTime:0.000009s ]
INFO: [ app_init ] --END-- [ RunTime:0.000372s ]
ERR: æ— æ³•åŠ è½½æ¨¡å—:Public

[ 2017-03-29T21:44:04+08:00 ] ::1 /thinkstudy/Public/bootstrap-3.3.7-dist/js/bootstarp.js
INFO: [ app_init ] --START--
INFO: Run Behavior\BuildLiteBehavior [ RunTime:0.000012s ]
INFO: [ app_init ] --END-- [ RunTime:0.000536s ]
ERR: æ— æ³•åŠ è½½æ¨¡å—:Public

[ 2017-03-29T21:44:04+08:00 ] ::1 /thinkstudy/Public/bootstrap-3.3.7-dist/js/bootstarp.js
INFO: [ app_init ] --START--
INFO: Run Behavior\BuildLiteBehavior [ RunTime:0.000009s ]
INFO: [ app_init ] --END-- [ RunTime:0.000427s ]
ERR: æ— æ³•åŠ è½½æ¨¡å—:Public

[ 2017-03-29T21:44:05+08:00 ] ::1 /thinkstudy/Public/bootstrap-3.3.7-dist/js/bootstarp.js
INFO: [ app_init ] --START--
INFO: Run Behavior\BuildLiteBehavior [ RunTime:0.000008s ]
INFO: [ app_init ] --END-- [ RunTime:0.000379s ]
ERR: æ— æ³•åŠ è½½æ¨¡å—:Public

[ 2017-03-29T21:44:05+08:00 ] ::1 /thinkstudy/Public/bootstrap-3.3.7-dist/js/bootstarp.js
INFO: [ app_init ] --START--
INFO: Run Behavior\BuildLiteBehavior [ RunTime:0.000009s ]
INFO: [ app_init ] --END-- [ RunTime:0.000405s ]
ERR: æ— æ³•åŠ è½½æ¨¡å—:Public

[ 2017-03-29T21:44:05+08:00 ] ::1 /thinkstudy/Public/bootstrap-3.3.7-dist/js/bootstarp.js
INFO: [ app_init ] --START--
INFO: Run Behavior\BuildLiteBehavior [ RunTime:0.000009s ]
INFO: [ app_init ] --END-- [ RunTime:0.000398s ]
ERR: æ— æ³•åŠ è½½æ¨¡å—:Public

[ 2017-03-29T21:44:33+08:00 ] ::1 /thinkstudy/Public/bootstrap-3.3.7-dist/js/bootstarp.js
INFO: [ app_init ] --START--
INFO: Run Behavior\BuildLiteBehavior [ RunTime:0.000010s ]
INFO: [ app_init ] --END-- [ RunTime:0.000390s ]
ERR: æ— æ³•åŠ è½½æ¨¡å—:Public

[ 2017-03-29T21:44:34+08:00 ] ::1 /thinkstudy/Public/bootstrap-3.3.7-dist/js/bootstarp.js
INFO: [ app_init ] --START--
INFO: Run Behavior\BuildLiteBehavior [ RunTime:0.000007s ]
INFO: [ app_init ] --END-- [ RunTime:0.000371s ]
ERR: æ— æ³•åŠ è½½æ¨¡å—:Public

[ 2017-03-29T21:44:34+08:00 ] ::1 /thinkstudy/Public/bootstrap-3.3.7-dist/js/bootstarp.js
INFO: [ app_init ] --START--
INFO: Run Behavior\BuildLiteBehavior [ RunTime:0.000007s ]
INFO: [ app_init ] --END-- [ RunTime:0.000384s ]
ERR: æ— æ³•åŠ è½½æ¨¡å—:Public

[ 2017-03-29T21:44:34+08:00 ] ::1 /thinkstudy/Public/bootstrap-3.3.7-dist/js/bootstarp.js
INFO: [ app_init ] --START--
INFO: Run Behavior\BuildLiteBehavior [ RunTime:0.000010s ]
INFO: [ app_init ] --END-- [ RunTime:0.000525s ]
ERR: æ— æ³•åŠ è½½æ¨¡å—:Public

[ 2017-03-29T21:44:34+08:00 ] ::1 /thinkstudy/Public/bootstrap-3.3.7-dist/js/bootstarp.js
INFO: [ app_init ] --START--
INFO: Run Behavior\BuildLiteBehavior [ RunTime:0.000009s ]
INFO: [ app_init ] --END-- [ RunTime:0.000377s ]
ERR: æ— æ³•åŠ è½½æ¨¡å—:Public

[ 2017-03-29T21:44:35+08:00 ] ::1 /thinkstudy/Public/bootstrap-3.3.7-dist/js/bootstarp.js
INFO: [ app_init ] --START--
INFO: Run Behavior\BuildLiteBehavior [ RunTime:0.000009s ]
INFO: [ app_init ] --END-- [ RunTime:0.000536s ]
ERR: æ— æ³•åŠ è½½æ¨¡å—:Public

[ 2017-03-29T21:44:35+08:00 ] ::1 /thinkstudy/Public/bootstrap-3.3.7-dist/js/bootstarp.js
INFO: [ app_init ] --START--
INFO: Run Behavior\BuildLiteBehavior [ RunTime:0.000009s ]
INFO: [ app_init ] --END-- [ RunTime:0.000408s ]
ERR: æ— æ³•åŠ è½½æ¨¡å—:Public

[ 2017-03-29T21:44:35+08:00 ] ::1 /thinkstudy/Public/bootstrap-3.3.7-dist/js/bootstarp.js
INFO: [ app_init ] --START--
INFO: Run Behavior\BuildLiteBehavior [ RunTime:0.000008s ]
INFO: [ app_init ] --END-- [ RunTime:0.000383s ]
ERR: æ— æ³•åŠ è½½æ¨¡å—:Public

[ 2017-03-29T21:44:35+08:00 ] ::1 /thinkstudy/Public/bootstrap-3.3.7-dist/js/bootstarp.js
INFO: [ app_init ] --START--
INFO: Run Behavior\BuildLiteBehavior [ RunTime:0.000009s ]
INFO: [ app_init ] --END-- [ RunTime:0.000431s ]
ERR: æ— æ³•åŠ è½½æ¨¡å—:Public

[ 2017-03-29T21:44:36+08:00 ] ::1 /thinkstudy/Public/bootstrap-3.3.7-dist/js/bootstarp.js
INFO: [ app_init ] --START--
INFO: Run Behavior\BuildLiteBehavior [ RunTime:0.000008s ]
INFO: [ app_init ] --END-- [ RunTime:0.000378s ]
ERR: æ— æ³•åŠ è½½æ¨¡å—:Public

[ 2017-03-29T21:46:56+08:00 ] ::1 /thinkstudy/Public/bootstrap-3.3.7-dist/js/bootstarp.js
INFO: [ app_init ] --START--
INFO: Run Behavior\BuildLiteBehavior [ RunTime:0.000011s ]
INFO: [ app_init ] --END-- [ RunTime:0.000391s ]
ERR: æ— æ³•åŠ è½½æ¨¡å—:Public

[ 2017-03-29T21:51:54+08:00 ] ::1 /thinkstudy/Public/bootstrap-3.3.7-dist/js/bootstarp.js
INFO: [ app_init ] --START--
INFO: Run Behavior\BuildLiteBehavior [ RunTime:0.000034s ]
INFO: [ app_init ] --END-- [ RunTime:0.001130s ]
ERR: æ— æ³•åŠ è½½æ¨¡å—:Public

[ 2017-03-29T21:54:59+08:00 ] ::1 /thinkstudy/Public/bootstrap-3.3.7-dist/js/bootstarp.js
INFO: [ app_init ] --START--
INFO: Run Behavior\BuildLiteBehavior [ RunTime:0.000011s ]
INFO: [ app_init ] --END-- [ RunTime:0.000400s ]
ERR: æ— æ³•åŠ è½½æ¨¡å—:Public

[ 2017-03-29T21:55:28+08:00 ] ::1 /thinkstudy/Public/bootstrap-3.3.7-dist/js/bootstarp.js
INFO: [ app_init ] --START--
INFO: Run Behavior\BuildLiteBehavior [ RunTime:0.000011s ]
INFO: [ app_init ] --END-- [ RunTime:0.000515s ]
ERR: æ— æ³•åŠ è½½æ¨¡å—:Public

[ 2017-03-29T21:56:14+08:00 ] ::1 /thinkstudy/Public/bootstrap-3.3.7-dist/js/bootstarp.js
INFO: [ app_init ] --START--
INFO: Run Behavior\BuildLiteBehavior [ RunTime:0.000008s ]
INFO: [ app_init ] --END-- [ RunTime:0.000377s ]
ERR: æ— æ³•åŠ è½½æ¨¡å—:Public

[ 2017-03-29T22:00:51+08:00 ] ::1 /thinkstudy/Public/bootstrap-3.3.7-dist/js/bootstarp.js
INFO: [ app_init ] --START--
INFO: Run Behavior\BuildLiteBehavior [ RunTime:0.000009s ]
INFO: [ app_init ] --END-- [ RunTime:0.000382s ]
ERR: æ— æ³•åŠ è½½æ¨¡å—:Public

[ 2017-03-29T22:01:18+08:00 ] ::1 /thinkstudy/Public/bootstrap-3.3.7-dist/js/bootstarp.js
INFO: [ app_init ] --START--
INFO: Run Behavior\BuildLiteBehavior [ RunTime:0.000009s ]
INFO: [ app_init ] --END-- [ RunTime:0.000397s ]
ERR: æ— æ³•åŠ è½½æ¨¡å—:Public

[ 2017-03-29T22:01:19+08:00 ] ::1 /thinkstudy/Public/bootstrap-3.3.7-dist/js/bootstarp.js
INFO: [ app_init ] --START--
INFO: Run Behavior\BuildLiteBehavior [ RunTime:0.000010s ]
INFO: [ app_init ] --END-- [ RunTime:0.000380s ]
ERR: æ— æ³•åŠ è½½æ¨¡å—:Public

[ 2017-03-29T22:01:19+08:00 ] ::1 /thinkstudy/Public/bootstrap-3.3.7-dist/js/bootstarp.js
INFO: [ app_init ] --START--
INFO: Run Behavior\BuildLiteBehavior [ RunTime:0.000010s ]
INFO: [ app_init ] --END-- [ RunTime:0.000388s ]
ERR: æ— æ³•åŠ è½½æ¨¡å—:Public

[ 2017-03-29T22:01:19+08:00 ] ::1 /thinkstudy/Public/bootstrap-3.3.7-dist/js/bootstarp.js
INFO: [ app_init ] --START--
INFO: Run Behavior\BuildLiteBehavior [ RunTime:0.000009s ]
INFO: [ app_init ] --END-- [ RunTime:0.000400s ]
ERR: æ— æ³•åŠ è½½æ¨¡å—:Public

[ 2017-03-29T22:01:50+08:00 ] ::1 /thinkstudy/Public/bootstrap-3.3.7-dist/js/bootstarp.js
INFO: [ app_init ] --START--
INFO: Run Behavior\BuildLiteBehavior [ RunTime:0.000009s ]
INFO: [ app_init ] --END-- [ RunTime:0.000383s ]
ERR: æ— æ³•åŠ è½½æ¨¡å—:Public

[ 2017-03-29T22:01:51+08:00 ] ::1 /thinkstudy/Public/bootstrap-3.3.7-dist/js/bootstarp.js
INFO: [ app_init ] --START--
INFO: Run Behavior\BuildLiteBehavior [ RunTime:0.000008s ]
INFO: [ app_init ] --END-- [ RunTime:0.000380s ]
ERR: æ— æ³•åŠ è½½æ¨¡å—:Public

[ 2017-03-29T22:01:51+08:00 ] ::1 /thinkstudy/Public/bootstrap-3.3.7-dist/js/bootstarp.js
INFO: [ app_init ] --START--
INFO: Run Behavior\BuildLiteBehavior [ RunTime:0.000009s ]
INFO: [ app_init ] --END-- [ RunTime:0.000423s ]
ERR: æ— æ³•åŠ è½½æ¨¡å—:Public

[ 2017-03-29T22:01:51+08:00 ] ::1 /thinkstudy/Public/bootstrap-3.3.7-dist/js/bootstarp.js
INFO: [ app_init ] --START--
INFO: Run Behavior\BuildLiteBehavior [ RunTime:0.000007s ]
INFO: [ app_init ] --END-- [ RunTime:0.000379s ]
ERR: æ— æ³•åŠ è½½æ¨¡å—:Public

[ 2017-03-29T22:01:52+08:00 ] ::1 /thinkstudy/Public/bootstrap-3.3.7-dist/js/bootstarp.js
INFO: [ app_init ] --START--
INFO: Run Behavior\BuildLiteBehavior [ RunTime:0.000010s ]
INFO: [ app_init ] --END-- [ RunTime:0.000390s ]
ERR: æ— æ³•åŠ è½½æ¨¡å—:Public

[ 2017-03-29T22:01:52+08:00 ] ::1 /thinkstudy/Public/bootstrap-3.3.7-dist/js/bootstarp.js
INFO: [ app_init ] --START--
INFO: Run Behavior\BuildLiteBehavior [ RunTime:0.000009s ]
INFO: [ app_init ] --END-- [ RunTime:0.000397s ]
ERR: æ— æ³•åŠ è½½æ¨¡å—:Public

[ 2017-03-29T22:03:03+08:00 ] ::1 /thinkstudy/Public/bootstrap-3.3.7-dist/js/bootstarp.js
INFO: [ app_init ] --START--
INFO: Run Behavior\BuildLiteBehavior [ RunTime:0.000017s ]
INFO: [ app_init ] --END-- [ RunTime:0.000613s ]
ERR: æ— æ³•åŠ è½½æ¨¡å—:Public

[ 2017-03-29T22:03:03+08:00 ] ::1 /thinkstudy/Public/bootstrap-3.3.7-dist/js/bootstarp.js
INFO: [ app_init ] --START--
INFO: Run Behavior\BuildLiteBehavior [ RunTime:0.000008s ]
INFO: [ app_init ] --END-- [ RunTime:0.000372s ]
ERR: æ— æ³•åŠ è½½æ¨¡å—:Public

[ 2017-03-29T22:03:04+08:00 ] ::1 /thinkstudy/Public/bootstrap-3.3.7-dist/js/bootstarp.js
INFO: [ app_init ] --START--
INFO: Run Behavior\BuildLiteBehavior [ RunTime:0.000009s ]
INFO: [ app_init ] --END-- [ RunTime:0.000379s ]
ERR: æ— æ³•åŠ è½½æ¨¡å—:Public

[ 2017-03-29T22:03:04+08:00 ] ::1 /thinkstudy/Public/bootstrap-3.3.7-dist/js/bootstarp.js
INFO: [ app_init ] --START--
INFO: Run Behavior\BuildLiteBehavior [ RunTime:0.000008s ]
INFO: [ app_init ] --END-- [ RunTime:0.000371s ]
ERR: æ— æ³•åŠ è½½æ¨¡å—:Public

[ 2017-03-29T22:03:04+08:00 ] ::1 /thinkstudy/Public/bootstrap-3.3.7-dist/js/bootstarp.js
INFO: [ app_init ] --START--
INFO: Run Behavior\BuildLiteBehavior [ RunTime:0.000008s ]
INFO: [ app_init ] --END-- [ RunTime:0.000482s ]
ERR: æ— æ³•åŠ è½½æ¨¡å—:Public

[ 2017-03-29T22:03:49+08:00 ] ::1 /thinkstudy/Public/bootstrap-3.3.7-dist/js/bootstarp.js
INFO: [ app_init ] --START--
INFO: Run Behavior\BuildLiteBehavior [ RunTime:0.000009s ]
INFO: [ app_init ] --END-- [ RunTime:0.000379s ]
ERR: æ— æ³•åŠ è½½æ¨¡å—:Public

[ 2017-03-29T22:03:49+08:00 ] ::1 /thinkstudy/Public/bootstrap-3.3.7-dist/js/bootstarp.js
INFO: [ app_init ] --START--
INFO: Run Behavior\BuildLiteBehavior [ RunTime:0.000008s ]
INFO: [ app_init ] --END-- [ RunTime:0.000375s ]
ERR: æ— æ³•åŠ è½½æ¨¡å—:Public

[ 2017-03-29T22:03:50+08:00 ] ::1 /thinkstudy/Public/bootstrap-3.3.7-dist/js/bootstarp.js
INFO: [ app_init ] --START--
INFO: Run Behavior\BuildLiteBehavior [ RunTime:0.000009s ]
INFO: [ app_init ] --END-- [ RunTime:0.000380s ]
ERR: æ— æ³•åŠ è½½æ¨¡å—:Public

[ 2017-03-29T22:03:50+08:00 ] ::1 /thinkstudy/Public/bootstrap-3.3.7-dist/js/bootstarp.js
INFO: [ app_init ] --START--
INFO: Run Behavior\BuildLiteBehavior [ RunTime:0.000007s ]
INFO: [ app_init ] --END-- [ RunTime:0.000375s ]
ERR: æ— æ³•åŠ è½½æ¨¡å—:Public

[ 2017-03-29T22:03:58+08:00 ] ::1 /thinkstudy/Public/bootstrap-3.3.7-dist/js/bootstarp.js
INFO: [ app_init ] --START--
INFO: Run Behavior\BuildLiteBehavior [ RunTime:0.000008s ]
INFO: [ app_init ] --END-- [ RunTime:0.000374s ]
ERR: æ— æ³•åŠ è½½æ¨¡å—:Public

[ 2017-03-29T22:03:59+08:00 ] ::1 /thinkstudy/Public/bootstrap-3.3.7-dist/js/bootstarp.js
INFO: [ app_init ] --START--
INFO: Run Behavior\BuildLiteBehavior [ RunTime:0.000009s ]
INFO: [ app_init ] --END-- [ RunTime:0.000401s ]
ERR: æ— æ³•åŠ è½½æ¨¡å—:Public

[ 2017-03-29T22:03:59+08:00 ] ::1 /thinkstudy/Public/bootstrap-3.3.7-dist/js/bootstarp.js
INFO: [ app_init ] --START--
INFO: Run Behavior\BuildLiteBehavior [ RunTime:0.000009s ]
INFO: [ app_init ] --END-- [ RunTime:0.000375s ]
ERR: æ— æ³•åŠ è½½æ¨¡å—:Public

[ 2017-03-29T22:03:59+08:00 ] ::1 /thinkstudy/Public/bootstrap-3.3.7-dist/js/bootstarp.js
INFO: [ app_init ] --START--
INFO: Run Behavior\BuildLiteBehavior [ RunTime:0.000009s ]
INFO: [ app_init ] --END-- [ RunTime:0.000381s ]
ERR: æ— æ³•åŠ è½½æ¨¡å—:Public

[ 2017-03-29T22:07:10+08:00 ] ::1 /thinkstudy/Public/bootstrap-3.3.7-dist/js/bootstarp.js
INFO: [ app_init ] --START--
INFO: Run Behavior\BuildLiteBehavior [ RunTime:0.000009s ]
INFO: [ app_init ] --END-- [ RunTime:0.000379s ]
ERR: æ— æ³•åŠ è½½æ¨¡å—:Public

[ 2017-03-29T22:07:52+08:00 ] ::1 /thinkstudy/Public/bootstrap-3.3.7-dist/js/bootstarp.js
INFO: [ app_init ] --START--
INFO: Run Behavior\BuildLiteBehavior [ RunTime:0.000009s ]
INFO: [ app_init ] --END-- [ RunTime:0.000370s ]
ERR: æ— æ³•åŠ è½½æ¨¡å—:Public

[ 2017-03-29T22:08:29+08:00 ] ::1 /thinkstudy/Public/bootstrap-3.3.7-dist/js/bootstarp.js
INFO: [ app_init ] --START--
INFO: Run Behavior\BuildLiteBehavior [ RunTime:0.000009s ]
INFO: [ app_init ] --END-- [ RunTime:0.000402s ]
ERR: æ— æ³•åŠ è½½æ¨¡å—:Public

[ 2017-03-29T22:08:30+08:00 ] ::1 /thinkstudy/Public/bootstrap-3.3.7-dist/js/bootstarp.js
INFO: [ app_init ] --START--
INFO: Run Behavior\BuildLiteBehavior [ RunTime:0.000009s ]
INFO: [ app_init ] --END-- [ RunTime:0.000384s ]
ERR: æ— æ³•åŠ è½½æ¨¡å—:Public

[ 2017-03-29T22:09:35+08:00 ] ::1 /thinkstudy/Public/bootstrap-3.3.7-dist/js/bootstarp.js
INFO: [ app_init ] --START--
INFO: Run Behavior\BuildLiteBehavior [ RunTime:0.000010s ]
INFO: [ app_init ] --END-- [ RunTime:0.000418s ]
ERR: æ— æ³•åŠ è½½æ¨¡å—:Public

[ 2017-03-29T22:10:00+08:00 ] ::1 /thinkstudy/Public/bootstrap-3.3.7-dist/js/bootstarp.js
INFO: [ app_init ] --START--
INFO: Run Behavior\BuildLiteBehavior [ RunTime:0.000010s ]
INFO: [ app_init ] --END-- [ RunTime:0.000402s ]
ERR: æ— æ³•åŠ è½½æ¨¡å—:Public

[ 2017-03-29T22:10:36+08:00 ] ::1 /thinkstudy/Public/bootstrap-3.3.7-dist/js/bootstarp.js
INFO: [ app_init ] --START--
INFO: Run Behavior\BuildLiteBehavior [ RunTime:0.000012s ]
INFO: [ app_init ] --END-- [ RunTime:0.000419s ]
ERR: æ— æ³•åŠ è½½æ¨¡å—:Public

[ 2017-03-29T22:10:37+08:00 ] ::1 /thinkstudy/Public/bootstrap-3.3.7-dist/js/bootstarp.js
INFO: [ app_init ] --START--
INFO: Run Behavior\BuildLiteBehavior [ RunTime:0.000008s ]
INFO: [ app_init ] --END-- [ RunTime:0.000384s ]
ERR: æ— æ³•åŠ è½½æ¨¡å—:Public

[ 2017-03-29T22:10:38+08:00 ] ::1 /thinkstudy/Public/bootstrap-3.3.7-dist/js/bootstarp.js
INFO: [ app_init ] --START--
INFO: Run Behavior\BuildLiteBehavior [ RunTime:0.000009s ]
INFO: [ app_init ] --END-- [ RunTime:0.000456s ]
ERR: æ— æ³•åŠ è½½æ¨¡å—:Public

[ 2017-03-29T22:11:44+08:00 ] ::1 /thinkstudy/Public/bootstrap-3.3.7-dist/js/bootstarp.js
INFO: [ app_init ] --START--
INFO: Run Behavior\BuildLiteBehavior [ RunTime:0.000009s ]
INFO: [ app_init ] --END-- [ RunTime:0.000383s ]
ERR: æ— æ³•åŠ è½½æ¨¡å—:Public

[ 2017-03-29T22:12:06+08:00 ] ::1 /thinkstudy/Public/bootstrap-3.3.7-dist/js/bootstarp.js
INFO: [ app_init ] --START--
INFO: Run Behavior\BuildLiteBehavior [ RunTime:0.000010s ]
INFO: [ app_init ] --END-- [ RunTime:0.000399s ]
ERR: æ— æ³•åŠ è½½æ¨¡å—:Public

[ 2017-03-29T22:14:24+08:00 ] ::1 /thinkstudy/Public/bootstrap-3.3.7-dist/js/bootstarp.js
INFO: [ app_init ] --START--
INFO: Run Behavior\BuildLiteBehavior [ RunTime:0.000009s ]
INFO: [ app_init ] --END-- [ RunTime:0.000424s ]
ERR: æ— æ³•åŠ è½½æ¨¡å—:Public

[ 2017-03-29T22:17:47+08:00 ] ::1 /thinkstudy/Public/bootstrap-3.3.7-dist/js/bootstarp.js
INFO: [ app_init ] --START--
INFO: Run Behavior\BuildLiteBehavior [ RunTime:0.000008s ]
INFO: [ app_init ] --END-- [ RunTime:0.000382s ]
ERR: æ— æ³•åŠ è½½æ¨¡å—:Public

[ 2017-03-29T22:18:43+08:00 ] ::1 /thinkstudy/Public/bootstrap-3.3.7-dist/js/bootstarp.js
INFO: [ app_init ] --START--
INFO: Run Behavior\BuildLiteBehavior [ RunTime:0.000009s ]
INFO: [ app_init ] --END-- [ RunTime:0.000385s ]
ERR: æ— æ³•åŠ è½½æ¨¡å—:Public

[ 2017-03-29T22:22:43+08:00 ] ::1 /thinkstudy/Public/bootstrap-3.3.7-dist/js/bootstarp.js
INFO: [ app_init ] --START--
INFO: Run Behavior\BuildLiteBehavior [ RunTime:0.000008s ]
INFO: [ app_init ] --END-- [ RunTime:0.000406s ]
ERR: æ— æ³•åŠ è½½æ¨¡å—:Public

[ 2017-03-29T22:22:55+08:00 ] ::1 /thinkstudy/Public/bootstrap-3.3.7-dist/js/bootstarp.js
INFO: [ app_init ] --START--
INFO: Run Behavior\BuildLiteBehavior [ RunTime:0.000009s ]
INFO: [ app_init ] --END-- [ RunTime:0.000377s ]
ERR: æ— æ³•åŠ è½½æ¨¡å—:Public

[ 2017-03-29T22:24:06+08:00 ] ::1 /thinkstudy/Public/bootstrap-3.3.7-dist/js/bootstarp.js
INFO: [ app_init ] --START--
INFO: Run Behavior\BuildLiteBehavior [ RunTime:0.000008s ]
INFO: [ app_init ] --END-- [ RunTime:0.000379s ]
ERR: æ— æ³•åŠ è½½æ¨¡å—:Public

[ 2017-03-29T22:24:07+08:00 ] ::1 /thinkstudy/index.php/Login/logout
INFO: [ app_init ] --START--
INFO: Run Behavior\BuildLiteBehavior [ RunTime:0.000009s ]
INFO: [ app_init ] --END-- [ RunTime:0.000387s ]
ERR: æ— æ³•åŠ è½½æ¨¡å—:Login

[ 2017-03-29T22:26:32+08:00 ] ::1 /thinkstudy/index.php/Login/logout
INFO: [ app_init ] --START--
INFO: Run Behavior\BuildLiteBehavior [ RunTime:0.000011s ]
INFO: [ app_init ] --END-- [ RunTime:0.000557s ]
ERR: æ— æ³•åŠ è½½æ¨¡å—:Login

[ 2017-03-29T22:26:39+08:00 ] ::1 /thinkstudy/index.php/Login
INFO: [ app_init ] --START--
INFO: Run Behavior\BuildLiteBehavior [ RunTime:0.000010s ]
INFO: [ app_init ] --END-- [ RunTime:0.000583s ]
ERR: æ— æ³•åŠ è½½æ¨¡å—:Login

[ 2017-03-29T22:26:54+08:00 ] ::1 /thinkstudy/index.php/Login
INFO: [ app_init ] --START--
INFO: Run Behavior\BuildLiteBehavior [ RunTime:0.000011s ]
INFO: [ app_init ] --END-- [ RunTime:0.000606s ]
ERR: æ— æ³•åŠ è½½æ¨¡å—:Login

[ 2017-03-29T22:27:15+08:00 ] ::1 /thinkstudy/Public/bootstrap-3.3.7-dist/js/bootstarp.js
INFO: [ app_init ] --START--
INFO: Run Behavior\BuildLiteBehavior [ RunTime:0.000008s ]
INFO: [ app_init ] --END-- [ RunTime:0.000390s ]
ERR: æ— æ³•åŠ è½½æ¨¡å—:Public

[ 2017-03-29T22:27:47+08:00 ] ::1 /thinkstudy/Public/bootstrap-3.3.7-dist/js/bootstarp.js
INFO: [ app_init ] --START--
INFO: Run Behavior\BuildLiteBehavior [ RunTime:0.000010s ]
INFO: [ app_init ] --END-- [ RunTime:0.000436s ]
ERR: æ— æ³•åŠ è½½æ¨¡å—:Public

[ 2017-03-29T22:36:12+08:00 ] ::1 /thinkstudy/Public/bootstrap-3.3.7-dist/js/bootstarp.js
INFO: [ app_init ] --START--
INFO: Run Behavior\BuildLiteBehavior [ RunTime:0.000008s ]
INFO: [ app_init ] --END-- [ RunTime:0.000382s ]
ERR: æ— æ³•åŠ è½½æ¨¡å—:Public

[ 2017-03-29T22:37:36+08:00 ] ::1 /thinkstudy/index.php/js/bootstrap-tab.js
INFO: [ app_init ] --START--
INFO: Run Behavior\BuildLiteBehavior [ RunTime:0.000013s ]
INFO: [ app_init ] --END-- [ RunTime:0.000476s ]
ERR: æ— æ³•åŠ è½½æ¨¡å—:Js

[ 2017-03-29T22:37:36+08:00 ] ::1 /thinkstudy/Public/bootstrap-3.3.7-dist/js/bootstarp.js
INFO: [ app_init ] --START--
INFO: Run Behavior\BuildLiteBehavior [ RunTime:0.000009s ]
INFO: [ app_init ] --END-- [ RunTime:0.000441s ]
ERR: æ— æ³•åŠ è½½æ¨¡å—:Public

[ 2017-03-29T22:37:36+08:00 ] ::1 /thinkstudy/index.php/js/bootstrap.min.js
INFO: [ app_init ] --START--
INFO: Run Behavior\BuildLiteBehavior [ RunTime:0.000015s ]
INFO: [ app_init ] --END-- [ RunTime:0.000649s ]
ERR: æ— æ³•åŠ è½½æ¨¡å—:Js

[ 2017-03-29T22:37:36+08:00 ] ::1 /thinkstudy/index.php/js/jquery.min.js
INFO: [ app_init ] --START--
INFO: Run Behavior\BuildLiteBehavior [ RunTime:0.000010s ]
INFO: [ app_init ] --END-- [ RunTime:0.000754s ]
ERR: æ— æ³•åŠ è½½æ¨¡å—:Js

[ 2017-03-29T22:37:36+08:00 ] ::1 /thinkstudy/index.php/js/bootstrap.min.js
INFO: [ app_init ] --START--
INFO: Run Behavior\BuildLiteBehavior [ RunTime:0.000012s ]
INFO: [ app_init ] --END-- [ RunTime:0.000500s ]
ERR: æ— æ³•åŠ è½½æ¨¡å—:Js

[ 2017-03-29T22:37:36+08:00 ] ::1 /thinkstudy/index.php/js/bootstrap-tab.js
INFO: [ app_init ] --START--
INFO: Run Behavior\BuildLiteBehavior [ RunTime:0.000009s ]
INFO: [ app_init ] --END-- [ RunTime:0.000378s ]
ERR: æ— æ³•åŠ è½½æ¨¡å—:Js

[ 2017-03-29T22:37:37+08:00 ] ::1 /thinkstudy/index.php/js/jquery.min.js
INFO: [ app_init ] --START--
INFO: Run Behavior\BuildLiteBehavior [ RunTime:0.000011s ]
INFO: [ app_init ] --END-- [ RunTime:0.000444s ]
ERR: æ— æ³•åŠ è½½æ¨¡å—:Js

[ 2017-03-29T22:37:37+08:00 ] ::1 /thinkstudy/index.php/js/bootstrap-tab.js
INFO: [ app_init ] --START--
INFO: Run Behavior\BuildLiteBehavior [ RunTime:0.000010s ]
INFO: [ app_init ] --END-- [ RunTime:0.000419s ]
ERR: æ— æ³•åŠ è½½æ¨¡å—:Js

[ 2017-03-29T22:37:37+08:00 ] ::1 /thinkstudy/index.php/js/bootstrap.min.js
INFO: [ app_init ] --START--
INFO: Run Behavior\BuildLiteBehavior [ RunTime:0.000008s ]
INFO: [ app_init ] --END-- [ RunTime:0.000404s ]
ERR: æ— æ³•åŠ è½½æ¨¡å—:Js

½æ¨¡å—:Public

[ 2017-03-29T22:37:37+08:00 ] ::1 /thinkstudy/index.php/js/jquery.min.js
INFO: [ app_init ] --START--
INFO: Run Behavior\BuildLiteBehavior [ RunTime:0.000012s ]
INFO: [ app_init ] --END-- [ RunTime:0.000406s ]
ERR: æ— æ³•åŠ è½½æ¨¡å—:Js

[ 2017-03-29T22:37:37+08:00 ] ::1 /thinkstudy/index.php/js/bootstrap.min.js
INFO: [ app_init ] --START--
INFO: Run Behavior\BuildLiteBehavior [ RunTime:0.000011s ]
INFO: [ app_init ] --END-- [ RunTime:0.000486s ]
ERR: æ— æ³•åŠ è½½æ¨¡å—:Js

[ 2017-03-29T22:37:37+08:00 ] ::1 /thinkstudy/index.php/js/bootstrap-tab.js
INFO: [ app_init ] --START--
INFO: Run Behavior\BuildLiteBehavior [ RunTime:0.000009s ]
INFO: [ app_init ] --END-- [ RunTime:0.000366s ]
ERR: æ— æ³•åŠ è½½æ¨¡å—:Js

[ 2017-03-29T22:44:50+08:00 ] ::1 /thinkstudy/Public/bootstrap-3.3.7-dist/js/bootstarp.js
INFO: [ app_init ] --START--
INFO: Run Behavior\BuildLiteBehavior [ RunTime:0.000015s ]
INFO: [ app_init ] --END-- [ RunTime:0.000578s ]
ERR: æ— æ³•åŠ è½½æ¨¡å—:Public

[ 2017-03-29T22:46:11+08:00 ] ::1 /thinkstudy/Public/bootstrap-3.3.7-dist/js/bootstarp.js
INFO: [ app_init ] --START--
INFO: Run Behavior\BuildLiteBehavior [ RunTime:0.000010s ]
INFO: [ app_init ] --END-- [ RunTime:0.000428s ]
ERR: æ— æ³•åŠ è½½æ¨¡å—:Public

[ 2017-03-29T22:46:26+08:00 ] ::1 /thinkstudy/Public/bootstrap-3.3.7-dist/js/bootstarp.js
INFO: [ app_init ] --START--
INFO: Run Behavior\BuildLiteBehavior [ RunTime:0.000009s ]
INFO: [ app_init ] --END-- [ RunTime:0.000378s ]
ERR: æ— æ³•åŠ è½½æ¨¡å—:Public

[ 2017-03-29T22:48:48+08:00 ] ::1 /thinkstudy/Public/bootstrap-3.3.7-dist/js/bootstarp.js
INFO: [ app_init ] --START--
INFO: Run Behavior\BuildLiteBehavior [ RunTime:0.000009s ]
INFO: [ app_init ] --END-- [ RunTime:0.000378s ]
ERR: æ— æ³•åŠ è½½æ¨¡å—:Public

[ 2017-03-29T22:48:48+08:00 ] ::1 /thinkstudy/Public/bootstrap-3.3.7-dist/js/bootstarp.js
INFO: [ app_init ] --START--
INFO: Run Behavior\BuildLiteBehavior [ RunTime:0.000009s ]
INFO: [ app_init ] --END-- [ RunTime:0.000391s ]
ERR: æ— æ³•åŠ è½½æ¨¡å—:Public

[ 2017-03-29T22:49:02+08:00 ] ::1 /thinkstudy/Public/bootstrap-3.3.7-dist/js/bootstarp.js
INFO: [ app_init ] --START--
INFO: Run Behavior\BuildLiteBehavior [ RunTime:0.000009s ]
INFO: [ app_init ] --END-- [ RunTime:0.000379s ]
ERR: æ— æ³•åŠ è½½æ¨¡å—:Public

[ 2017-03-29T22:49:03+08:00 ] ::1 /thinkstudy/Public/bootstrap-3.3.7-dist/js/bootstarp.js
INFO: [ app_init ] --START--
INFO: Run Behavior\BuildLiteBehavior [ RunTime:0.000009s ]
INFO: [ app_init ] --END-- [ RunTime:0.000453s ]
ERR: æ— æ³•åŠ è½½æ¨¡å—:Public

[ 2017-03-29T22:49:59+08:00 ] ::1 /thinkstudy/Public/bootstrap-3.3.7-dist/js/bootstarp.js
INFO: [ app_init ] --START--
INFO: Run Behavior\BuildLiteBehavior [ RunTime:0.000010s ]
INFO: [ app_init ] --END-- [ RunTime:0.000393s ]
ERR: æ— æ³•åŠ è½½æ¨¡å—:Public

[ 2017-03-29T22:49:59+08:00 ] ::1 /thinkstudy/Public/bootstrap-3.3.7-dist/js/jquery.js
INFO: [ app_init ] --START--
INFO: Run Behavior\BuildLiteBehavior [ RunTime:0.000010s ]
INFO: [ app_init ] --END-- [ RunTime:0.000424s ]
ERR: æ— æ³•åŠ è½½æ¨¡å—:Public

[ 2017-03-29T22:52:02+08:00 ] ::1 /thinkstudy/Public/bootstrap-3.3.7-dist/js/bootstarp.js/bootstrap.min.js
INFO: [ app_init ] --START--
INFO: Run Behavior\BuildLiteBehavior [ RunTime:0.000008s ]
INFO: [ app_init ] --END-- [ RunTime:0.000421s ]
ERR: æ— æ³•åŠ è½½æ¨¡å—:Public

[ 2017-03-29T22:52:02+08:00 ] ::1 /thinkstudy/Public/bootstrap-3.3.7-dist/js/jquery.js
INFO: [ app_init ] --START--
INFO: Run Behavior\BuildLiteBehavior [ RunTime:0.000011s ]
INFO: [ app_init ] --END-- [ RunTime:0.000577s ]
ERR: æ— æ³•åŠ è½½æ¨¡å—:Public

[ 2017-03-29T22:53:01+08:00 ] ::1 /thinkstudy/Public/bootstrap-3.3.7-dist/js/bootstarp.js
INFO: [ app_init ] --START--
INFO: Run Behavior\BuildLiteBehavior [ RunTime:0.000009s ]
INFO: [ app_init ] --END-- [ RunTime:0.000374s ]
ERR: æ— æ³•åŠ è½½æ¨¡å—:Public

[ 2017-03-29T22:53:01+08:00 ] ::1 /thinkstudy/Public/bootstrap-3.3.7-dist/js/jquery.js
INFO: [ app_init ] --START--
INFO: Run Behavior\BuildLiteBehavior [ RunTime:0.000012s ]
INFO: [ app_init ] --END-- [ RunTime:0.000580s ]
ERR: æ— æ³•åŠ è½½æ¨¡å—:Public

[ 2017-03-29T22:53:02+08:00 ] ::1 /thinkstudy/Public/bootstrap-3.3.7-dist/js/bootstarp.js
INFO: [ app_init ] --START--
INFO: Run Behavior\BuildLiteBehavior [ RunTime:0.000010s ]
INFO: [ app_init ] --END-- [ RunTime:0.000408s ]
ERR: æ— æ³•åŠ è½½æ¨¡å—:Public

