[ 2017-05-08T15:09:30+08:00 ] 127.0.0.1 /thinkstudy/Public/bootstrap-3.3.7-dist/js/bootstarp.js
INFO: [ app_init ] --START--
INFO: Run Behavior\BuildLiteBehavior [ RunTime:0.000012s ]
INFO: [ app_init ] --END-- [ RunTime:0.000424s ]
ERR: 无法加载模块:Public

[ 2017-05-08T15:35:59+08:00 ] 127.0.0.1 /thinkstudy/Application/__PUBLIC__/bootstrap-3.3.7-dist/js/jquery.min.js
INFO: [ app_init ] --START--
INFO: Run Behavior\BuildLiteBehavior [ RunTime:0.000009s ]
INFO: [ app_init ] --END-- [ RunTime:0.000584s ]
ERR: 无法加载模块:Application

[ 2017-05-08T15:36:51+08:00 ] 127.0.0.1 /thinkstudy/Application/__PUBLIC__/bootstrap-3.3.7-dist/js/jquery.min.js
INFO: [ app_init ] --START--
INFO: Run Behavior\BuildLiteBehavior [ RunTime:0.000011s ]
INFO: [ app_init ] --END-- [ RunTime:0.000612s ]
ERR: 无法加载模块:Application

[ 2017-05-08T15:36:52+08:00 ] 127.0.0.1 /thinkstudy/Application/__PUBLIC__/bootstrap-3.3.7-dist/js/jquery.min.js
INFO: [ app_init ] --START--
INFO: Run Behavior\BuildLiteBehavior [ RunTime:0.000008s ]
INFO: [ app_init ] --END-- [ RunTime:0.000381s ]
ERR: 无法加载模块:Application

[ 2017-05-08T15:36:52+08:00 ] 127.0.0.1 /thinkstudy/Application/__PUBLIC__/bootstrap-3.3.7-dist/js/jquery.min.js
INFO: [ app_init ] --START--
INFO: Run Behavior\BuildLiteBehavior [ RunTime:0.000008s ]
INFO: [ app_init ] --END-- [ RunTime:0.000372s ]
ERR: 无法加载模块:Application

[ 2017-05-08T15:40:28+08:00 ] 127.0.0.1 /thinkstudy/Application/__PUBLIC__/bootstrap-3.3.7-dist/js/jquery-3.2.1.min.js
INFO: [ app_init ] --START--
INFO: Run Behavior\BuildLiteBehavior [ RunTime:0.000010s ]
INFO: [ app_init ] --END-- [ RunTime:0.000610s ]
ERR: 无法加载模块:Application

[ 2017-05-08T15:43:19+08:00 ] 127.0.0.1 /thinkstudy/Application/__APP__/Public/bootstrap-3.3.7-dist/js/jquery-3.2.1.min.js
INFO: [ app_init ] --START--
INFO: Run Behavior\BuildLiteBehavior [ RunTime:0.000009s ]
INFO: [ app_init ] --END-- [ RunTime:0.000592s ]
ERR: 无法加载模块:Application

[ 2017-05-08T15:43:40+08:00 ] 127.0.0.1 /thinkstudy/Application/Public/bootstrap-3.3.7-dist/js/jquery-3.2.1.min.js
INFO: [ app_init ] --START--
INFO: Run Behavior\BuildLiteBehavior [ RunTime:0.000011s ]
INFO: [ app_init ] --END-- [ RunTime:0.000596s ]
ERR: 无法加载模块:Application

[ 2017-05-08T15:43:41+08:00 ] 127.0.0.1 /thinkstudy/Application/Public/bootstrap-3.3.7-dist/js/jquery-3.2.1.min.js
INFO: [ app_init ] --START--
INFO: Run Behavior\BuildLiteBehavior [ RunTime:0.000010s ]
INFO: [ app_init ] --END-- [ RunTime:0.000402s ]
ERR: 无法加载模块:Application

[ 2017-05-08T15:46:17+08:00 ] 127.0.0.1 /thinkstudy/Application/__APP__/Public/bootstrap-3.3.7-dist/js/jquery-3.2.1.min.js
INFO: [ app_init ] --START--
INFO: Run Behavior\BuildLiteBehavior [ RunTime:0.000010s ]
INFO: [ app_init ] --END-- [ RunTime:0.000583s ]
ERR: 无法加载模块:Application

[ 2017-05-08T15:55:08+08:00 ] 127.0.0.1 /thinkstudy/Application/__PUBLIC__/bootstrap-3.3.7-dist/js/userjs.js
INFO: [ app_init ] --START--
INFO: Run Behavior\BuildLiteBehavior [ RunTime:0.000029s ]
INFO: [ app_init ] --END-- [ RunTime:0.000757s ]
ERR: 无法加载模块:Application

[ 2017-05-08T15:55:08+08:00 ] 127.0.0.1 /thinkstudy/Application/__PUBLIC__/bootstrap-3.3.7-dist/js/userjs.js
INFO: [ app_init ] --START--
INFO: Run Behavior\BuildLiteBehavior [ RunTime:0.000010s ]
INFO: [ app_init ] --END-- [ RunTime:0.000611s ]
ERR: 无法加载模块:Application

[ 2017-05-08T15:55:44+08:00 ] 127.0.0.1 /thinkstudy/Application/Public/bootstrap-3.3.7-dist/js/userjs.js
INFO: [ app_init ] --START--
INFO: Run Behavior\BuildLiteBehavior [ RunTime:0.000010s ]
INFO: [ app_init ] --END-- [ RunTime:0.000565s ]
ERR: 无法加载模块:Application

[ 2017-05-08T15:55:56+08:00 ] 127.0.0.1 /thinkstudy/Application/Public/bootstrap-3.3.7-dist/js/userjs.js
INFO: [ app_init ] --START--
INFO: Run Behavior\BuildLiteBehavior [ RunTime:0.000010s ]
INFO: [ app_init ] --END-- [ RunTime:0.000407s ]
ERR: 无法加载模块:Application

[ 2017-05-08T15:55:56+08:00 ] 127.0.0.1 /thinkstudy/Application/Public/bootstrap-3.3.7-dist/js/userjs.js
INFO: [ app_init ] --START--
INFO: Run Behavior\BuildLiteBehavior [ RunTime:0.000010s ]
INFO: [ app_init ] --END-- [ RunTime:0.000453s ]
ERR: 无法加载模块:Application

[ 2017-05-08T15:56:43+08:00 ] 127.0.0.1 /thinkstudy/Application/Public/bootstrap-3.3.7-dist/js/userjs.js
INFO: [ app_init ] --START--
INFO: Run Behavior\BuildLiteBehavior [ RunTime:0.000011s ]
INFO: [ app_init ] --END-- [ RunTime:0.000444s ]
ERR: 无法加载模块:Application

[ 2017-05-08T15:57:32+08:00 ] 127.0.0.1 /thinkstudy/Application/Public/bootstrap-3.3.7-dist/js/userjs.js
INFO: [ app_init ] --START--
INFO: Run Behavior\BuildLiteBehavior [ RunTime:0.000012s ]
INFO: [ app_init ] --END-- [ RunTime:0.000801s ]
ERR: 无法加载模块:Application

cation

[ 2017-05-08T15:57:54+08:00 ] 127.0.0.1 /thinkstudy/Application/Public/bootstrap-3.3.7-dist/js/jquery-3.2.1.min.js
INFO: [ app_init ] --START--
INFO: Run Behavior\BuildLiteBehavior [ RunTime:0.000010s ]
INFO: [ app_init ] --END-- [ RunTime:0.000634s ]
ERR: 无法加载模块:Application

[ 2017-05-08T15:57:54+08:00 ] 127.0.0.1 /thinkstudy/Application/Public/bootstrap-3.3.7-dist/js/userjs.js
INFO: [ app_init ] --START--
INFO: Run Behavior\BuildLiteBehavior [ RunTime:0.000010s ]
INFO: [ app_init ] --END-- [ RunTime:0.000600s ]
ERR: 无法加载模块:Application

[ 2017-05-08T15:57:54+08:00 ] 127.0.0.1 /thinkstudy/Application/Public/bootstrap-3.3.7-dist/js/userjs.js
INFO: [ app_init ] --START--
INFO: Run Behavior\BuildLiteBehavior [ RunTime:0.000011s ]
INFO: [ app_init ] --END-- [ RunTime:0.000425s ]
ERR: 无法加载模块:Application

[ 2017-05-08T15:58:55+08:00 ] 127.0.0.1 /thinkstudy/Application/Public/bootstrap-3.3.7-dist/js/userjs.js
INFO: [ app_init ] --START--
INFO: Run Behavior\BuildLiteBehavior [ RunTime:0.000013s ]
INFO: [ app_init ] --END-- [ RunTime:0.000404s ]
ERR: 无法加载模块:Application

[ 2017-05-08T15:58:55+08:00 ] 127.0.0.1 /thinkstudy/Application/Public/bootstrap-3.3.7-dist/js/jquery-3.2.1.min.js
INFO: [ app_init ] --START--
INFO: Run Behavior\BuildLiteBehavior [ RunTime:0.000011s ]
INFO: [ app_init ] --END-- [ RunTime:0.000387s ]
ERR: 无法加载模块:Application

[ 2017-05-08T15:58:55+08:00 ] 127.0.0.1 /thinkstudy/Application/Public/bootstrap-3.3.7-dist/js/userjs.js
INFO: [ app_init ] --START--
INFO: Run Behavior\BuildLiteBehavior [ RunTime:0.000010s ]
INFO: [ app_init ] --END-- [ RunTime:0.000410s ]
ERR: 无法加载模块:Application

[ 2017-05-08T16:02:35+08:00 ] 127.0.0.1 /thinkstudy/Application/Public/bootstrap-3.3.7-dist/js/jquery-3.2.1.min.js
INFO: [ app_init ] --START--
INFO: Run Behavior\BuildLiteBehavior [ RunTime:0.000010s ]
INFO: [ app_init ] --END-- [ RunTime:0.000576s ]
ERR: 无法加载模块:Application

[ 2017-05-08T16:02:35+08:00 ] 127.0.0.1 /thinkstudy/Application/Public/bootstrap-3.3.7-dist/js/userjs.js
INFO: [ app_init ] --START--
INFO: Run Behavior\BuildLiteBehavior [ RunTime:0.000009s ]
INFO: [ app_init ] --END-- [ RunTime:0.000567s ]
ERR: 无法加载模块:Application

[ 2017-05-08T16:02:51+08:00 ] 127.0.0.1 /thinkstudy/Application/Public/bootstrap-3.3.7-dist/js/jquery-3.2.1.min.js
INFO: [ app_init ] --START--
INFO: Run Behavior\BuildLiteBehavior [ RunTime:0.000010s ]
INFO: [ app_init ] --END-- [ RunTime:0.000571s ]
ERR: 无法加载模块:Application

[ 2017-05-08T16:02:51+08:00 ] 127.0.0.1 /thinkstudy/Application/Public/bootstrap-3.3.7-dist/js/userjs.js
INFO: [ app_init ] --START--
INFO: Run Behavior\BuildLiteBehavior [ RunTime:0.000008s ]
INFO: [ app_init ] --END-- [ RunTime:0.000563s ]
ERR: 无法加载模块:Application

[ 2017-05-08T16:02:51+08:00 ] 127.0.0.1 /thinkstudy/Application/Public/bootstrap-3.3.7-dist/js/userjs.js
INFO: [ app_init ] --START--
INFO: Run Behavior\BuildLiteBehavior [ RunTime:0.000009s ]
INFO: [ app_init ] --END-- [ RunTime:0.000381s ]
ERR: 无法加载模块:Application

[ 2017-05-08T16:06:40+08:00 ] 127.0.0.1 /thinkstudy/Application/Public/bootstrap-3.3.7-dist/js/jquery-3.2.1.min.js
INFO: [ app_init ] --START--
INFO: Run Behavior\BuildLiteBehavior [ RunTime:0.000010s ]
INFO: [ app_init ] --END-- [ RunTime:0.000590s ]
ERR: 无法加载模块:Application

[ 2017-05-08T16:06:40+08:00 ] 127.0.0.1 /thinkstudy/Application/Public/bootstrap-3.3.7-dist/js/userjs.js
INFO: [ app_init ] --START--
INFO: Run Behavior\BuildLiteBehavior [ RunTime:0.000010s ]
INFO: [ app_init ] --END-- [ RunTime:0.000578s ]
ERR: 无法加载模块:Application

[ 2017-05-08T16:06:40+08:00 ] 127.0.0.1 /thinkstudy/Application/Public/bootstrap-3.3.7-dist/js/jquery-3.2.1.min.js
INFO: [ app_init ] --START--
INFO: Run Behavior\BuildLiteBehavior [ RunTime:0.000010s ]
INFO: [ app_init ] --END-- [ RunTime:0.000407s ]
ERR: 无法加载模块:Application

[ 2017-05-08T16:06:40+08:00 ] 127.0.0.1 /thinkstudy/Application/Public/bootstrap-3.3.7-dist/js/userjs.js
INFO: [ app_init ] --START--
INFO: Run Behavior\BuildLiteBehavior [ RunTime:0.000010s ]
INFO: [ app_init ] --END-- [ RunTime:0.000397s ]
ERR: 无法加载模块:Application

[ 2017-05-08T16:07:04+08:00 ] 127.0.0.1 /thinkstudy/Application/Public/bootstrap-3.3.7-dist/js/jquery-3.2.1.min.js
INFO: [ app_init ] --START--
INFO: Run Behavior\BuildLiteBehavior [ RunTime:0.000011s ]
INFO: [ app_init ] --END-- [ RunTime:0.000574s ]
ERR: 无法加载模块:Application

[ 2017-05-08T16:07:04+08:00 ] 127.0.0.1 /thinkstudy/Application/__PUBLIC__/bootstrap-3.3.7-dist/js/userjs.js
INFO: [ app_init ] --START--
INFO: Run Behavior\BuildLiteBehavior [ RunTime:0.000010s ]
INFO: [ app_init ] --END-- [ RunTime:0.000584s ]
ERR: 无法加载模块:Application

[ 2017-05-08T16:07:39+08:00 ] 127.0.0.1 /thinkstudy/Application/Public/bootstrap-3.3.7-dist/js/jquery-3.2.1.min.js
INFO: [ app_init ] --START--
INFO: Run Behavior\BuildLiteBehavior [ RunTime:0.000010s ]
INFO: [ app_init ] --END-- [ RunTime:0.000408s ]
ERR: 无法加载模块:Application

[ 2017-05-08T16:07:40+08:00 ] 127.0.0.1 /thinkstudy/Application/Public/bootstrap-3.3.7-dist/js/jquery-3.2.1.min.js
INFO: [ app_init ] --START--
INFO: Run Behavior\BuildLiteBehavior [ RunTime:0.000016s ]
INFO: [ app_init ] --END-- [ RunTime:0.000774s ]
ERR: 无法加载模块:Application

[ 2017-05-08T16:08:24+08:00 ] 127.0.0.1 /thinkstudy/Application/Public/bootstrap-3.3.7-dist/js/jquery-3.2.1.min.js
INFO: [ app_init ] --START--
INFO: Run Behavior\BuildLiteBehavior [ RunTime:0.000014s ]
INFO: [ app_init ] --END-- [ RunTime:0.000579s ]
ERR: 无法加载模块:Application

[ 2017-05-08T16:08:24+08:00 ] 127.0.0.1 /thinkstudy/Application/Public/bootstrap-3.3.7-dist/js/userjs.js
INFO: [ app_init ] --START--
INFO: Run Behavior\BuildLiteBehavior [ RunTime:0.000013s ]
INFO: [ app_init ] --END-- [ RunTime:0.000575s ]
ERR: 无法加载模块:Application

[ 2017-05-08T16:08:24+08:00 ] 127.0.0.1 /thinkstudy/Application/Public/bootstrap-3.3.7-dist/js/userjs.js
INFO: [ app_init ] --START--
INFO: Run Behavior\BuildLiteBehavior [ RunTime:0.000011s ]
INFO: [ app_init ] --END-- [ RunTime:0.000406s ]
ERR: 无法加载模块:Application

[ 2017-05-08T16:08:24+08:00 ] 127.0.0.1 /thinkstudy/Application/Public/bootstrap-3.3.7-dist/js/jquery-3.2.1.min.js
INFO: [ app_init ] --START--
INFO: Run Behavior\BuildLiteBehavior [ RunTime:0.000013s ]
INFO: [ app_init ] --END-- [ RunTime:0.000573s ]
ERR: 无法加载模块:Application

[ 2017-05-08T16:08:24+08:00 ] 127.0.0.1 /thinkstudy/Application/Public/bootstrap-3.3.7-dist/js/userjs.js
INFO: [ app_init ] --START--
INFO: Run Behavior\BuildLiteBehavior [ RunTime:0.000011s ]
INFO: [ app_init ] --END-- [ RunTime:0.000403s ]
ERR: 无法加载模块:Application

[ 2017-05-08T16:08:36+08:00 ] 127.0.0.1 /thinkstudy/Application/__PUBLIC__/bootstrap-3.3.7-dist/js/userjs.js
INFO: [ app_init ] --START--
INFO: Run Behavior\BuildLiteBehavior [ RunTime:0.000011s ]
INFO: [ app_init ] --END-- [ RunTime:0.000399s ]
ERR: 无法加载模块:Application

[ 2017-05-08T16:08:36+08:00 ] 127.0.0.1 /thinkstudy/Application/Public/bootstrap-3.3.7-dist/js/jquery-3.2.1.min.js
INFO: [ app_init ] --START--
INFO: Run Behavior\BuildLiteBehavior [ RunTime:0.000011s ]
INFO: [ app_init ] --END-- [ RunTime:0.000563s ]
ERR: 无法加载模块:Application

[ 2017-05-08T16:08:36+08:00 ] 127.0.0.1 /thinkstudy/Application/__PUBLIC__/bootstrap-3.3.7-dist/js/userjs.js
INFO: [ app_init ] --START--
INFO: Run Behavior\BuildLiteBehavior [ RunTime:0.000011s ]
INFO: [ app_init ] --END-- [ RunTime:0.000409s ]
ERR: 无法加载模块:Application

[ 2017-05-08T16:08:36+08:00 ] 127.0.0.1 /thinkstudy/Application/Public/bootstrap-3.3.7-dist/js/jquery-3.2.1.min.js
INFO: [ app_init ] --START--
INFO: Run Behavior\BuildLiteBehavior [ RunTime:0.000010s ]
INFO: [ app_init ] --END-- [ RunTime:0.000416s ]
ERR: 无法加载模块:Application

[ 2017-05-08T16:08:36+08:00 ] 127.0.0.1 /thinkstudy/Application/__PUBLIC__/bootstrap-3.3.7-dist/js/userjs.js
INFO: [ app_init ] --START--
INFO: Run Behavior\BuildLiteBehavior [ RunTime:0.000011s ]
INFO: [ app_init ] --END-- [ RunTime:0.000810s ]
ERR: 无法加载模块:Application

[ 2017-05-08T16:16:28+08:00 ] 127.0.0.1 /thinkstudy/Application/Public/bootstrap-3.3.7-dist/js/jquery-3.2.1.min.js
INFO: [ app_init ] --START--
INFO: Run Behavior\BuildLiteBehavior [ RunTime:0.000010s ]
INFO: [ app_init ] --END-- [ RunTime:0.000576s ]
ERR: 无法加载模块:Application

[ 2017-05-08T16:16:28+08:00 ] 127.0.0.1 /thinkstudy/Application/__ROOT__/Public/bootstrap-3.3.7-dist/js/userjs.js
INFO: [ app_init ] --START--
INFO: Run Behavior\BuildLiteBehavior [ RunTime:0.000009s ]
INFO: [ app_init ] --END-- [ RunTime:0.000549s ]
ERR: 无法加载模块:Application

[ 2017-05-08T16:17:22+08:00 ] 127.0.0.1 /thinkstudy/Application/Public/bootstrap-3.3.7-dist/js/jquery-3.2.1.min.js
INFO: [ app_init ] --START--
INFO: Run Behavior\BuildLiteBehavior [ RunTime:0.000011s ]
INFO: [ app_init ] --END-- [ RunTime:0.000583s ]
ERR: 无法加载模块:Application

[ 2017-05-08T16:17:52+08:00 ] 127.0.0.1 /thinkstudy/Application/Public/bootstrap-3.3.7-dist/js/jquery-3.2.1.min.js
INFO: [ app_init ] --START--
INFO: Run Behavior\BuildLiteBehavior [ RunTime:0.000010s ]
INFO: [ app_init ] --END-- [ RunTime:0.000485s ]
ERR: 无法加载模块:Application

[ 2017-05-08T16:18:10+08:00 ] 127.0.0.1 /thinkstudy/Application/Public/bootstrap-3.3.7-dist/js/jquery-3.2.1.min.js
INFO: [ app_init ] --START--
INFO: Run Behavior\BuildLiteBehavior [ RunTime:0.000012s ]
INFO: [ app_init ] --END-- [ RunTime:0.000646s ]
ERR: 无法加载模块:Application

[ 2017-05-08T16:18:22+08:00 ] 127.0.0.1 /thinkstudy/Application/Public/bootstrap-3.3.7-dist/js/jquery-3.2.1.min.js
INFO: [ app_init ] --START--
INFO: Run Behavior\BuildLiteBehavior [ RunTime:0.000011s ]
INFO: [ app_init ] --END-- [ RunTime:0.000395s ]
ERR: 无法加载模块:Application

[ 2017-05-08T16:18:22+08:00 ] 127.0.0.1 /thinkstudy/Application/Public/bootstrap-3.3.7-dist/js/jquery-3.2.1.min.js
INFO: [ app_init ] --START--
INFO: Run Behavior\BuildLiteBehavior [ RunTime:0.000010s ]
INFO: [ app_init ] --END-- [ RunTime:0.000386s ]
ERR: 无法加载模块:Application

[ 2017-05-08T16:18:26+08:00 ] 127.0.0.1 /thinkstudy/Application/Public/bootstrap-3.3.7-dist/js/jquery-3.2.1.min.js
INFO: [ app_init ] --START--
INFO: Run Behavior\BuildLiteBehavior [ RunTime:0.000011s ]
INFO: [ app_init ] --END-- [ RunTime:0.000392s ]
ERR: 无法加载模块:Application

[ 2017-05-08T16:18:42+08:00 ] 127.0.0.1 /thinkstudy/Application/Public/bootstrap-3.3.7-dist/js/jquery-3.2.1.min.js
INFO: [ app_init ] --START--
INFO: Run Behavior\BuildLiteBehavior [ RunTime:0.000011s ]
INFO: [ app_init ] --END-- [ RunTime:0.000400s ]
ERR: 无法加载模块:Application

[ 2017-05-08T16:18:43+08:00 ] 127.0.0.1 /thinkstudy/Application/Public/bootstrap-3.3.7-dist/js/jquery-3.2.1.min.js
INFO: [ app_init ] --START--
INFO: Run Behavior\BuildLiteBehavior [ RunTime:0.000010s ]
INFO: [ app_init ] --END-- [ RunTime:0.000392s ]
ERR: 无法加载模块:Application

[ 2017-05-08T16:19:11+08:00 ] 127.0.0.1 /thinkstudy/Application/Public/bootstrap-3.3.7-dist/js/jquery-3.2.1.min.js
INFO: [ app_init ] --START--
INFO: Run Behavior\BuildLiteBehavior [ RunTime:0.000017s ]
INFO: [ app_init ] --END-- [ RunTime:0.000590s ]
ERR: 无法加载模块:Application

[ 2017-05-08T16:19:11+08:00 ] 127.0.0.1 /thinkstudy/Application/Public/bootstrap-3.3.7-dist/js/jquery-3.2.1.min.js
INFO: [ app_init ] --START--
INFO: Run Behavior\BuildLiteBehavior [ RunTime:0.000010s ]
INFO: [ app_init ] --END-- [ RunTime:0.000387s ]
ERR: 无法加载模块:Application

[ 2017-05-08T16:19:24+08:00 ] 127.0.0.1 /thinkstudy/Application/Public/bootstrap-3.3.7-dist/js/jquery-3.2.1.min.js
INFO: [ app_init ] --START--
INFO: Run Behavior\BuildLiteBehavior [ RunTime:0.000012s ]
INFO: [ app_init ] --END-- [ RunTime:0.000584s ]
ERR: 无法加载模块:Application

[ 2017-05-08T16:19:24+08:00 ] 127.0.0.1 /thinkstudy/Application/Public/bootstrap-3.3.7-dist/js/jquery-3.2.1.min.js
INFO: [ app_init ] --START--
INFO: Run Behavior\BuildLiteBehavior [ RunTime:0.000011s ]
INFO: [ app_init ] --END-- [ RunTime:0.000408s ]
ERR: 无法加载模块:Application

[ 2017-05-08T16:19:36+08:00 ] 127.0.0.1 /thinkstudy/Application/Public/bootstrap-3.3.7-dist/js/jquery-3.2.1.min.js
INFO: [ app_init ] --START--
INFO: Run Behavior\BuildLiteBehavior [ RunTime:0.000011s ]
INFO: [ app_init ] --END-- [ RunTime:0.000562s ]
ERR: 无法加载模块:Application

[ 2017-05-08T16:19:36+08:00 ] 127.0.0.1 /thinkstudy/Application/Public/bootstrap-3.3.7-dist/js/jquery-3.2.1.min.js
INFO: [ app_init ] --START--
INFO: Run Behavior\BuildLiteBehavior [ RunTime:0.000013s ]
INFO: [ app_init ] --END-- [ RunTime:0.000417s ]
ERR: 无法加载模块:Application

[ 2017-05-08T16:19:46+08:00 ] 127.0.0.1 /thinkstudy/Application/Public/bootstrap-3.3.7-dist/js/jquery-3.2.1.min.js
INFO: [ app_init ] --START--
INFO: Run Behavior\BuildLiteBehavior [ RunTime:0.000009s ]
INFO: [ app_init ] --END-- [ RunTime:0.000388s ]
ERR: 无法加载模块:Application

[ 2017-05-08T16:19:46+08:00 ] 127.0.0.1 /thinkstudy/Application/Public/bootstrap-3.3.7-dist/js/jquery-3.2.1.min.js
INFO: [ app_init ] --START--
INFO: Run Behavior\BuildLiteBehavior [ RunTime:0.000011s ]
INFO: [ app_init ] --END-- [ RunTime:0.000464s ]
ERR: 无法加载模块:Application

[ 2017-05-08T16:20:15+08:00 ] 127.0.0.1 /thinkstudy/Application/Public/bootstrap-3.3.7-dist/js/jquery-3.2.1.min.js
INFO: [ app_init ] --START--
INFO: Run Behavior\BuildLiteBehavior [ RunTime:0.000009s ]
INFO: [ app_init ] --END-- [ RunTime:0.000565s ]
ERR: 无法加载模块:Application

[ 2017-05-08T16:20:25+08:00 ] 127.0.0.1 /thinkstudy/Application/Public/bootstrap-3.3.7-dist/js/jquery-3.2.1.min.js
INFO: [ app_init ] --START--
INFO: Run Behavior\BuildLiteBehavior [ RunTime:0.000015s ]
INFO: [ app_init ] --END-- [ RunTime:0.000558s ]
ERR: 无法加载模块:Application

[ 2017-05-08T16:20:25+08:00 ] 127.0.0.1 /thinkstudy/Application/Public/bootstrap-3.3.7-dist/js/userjs.js
INFO: [ app_init ] --START--
INFO: Run Behavior\BuildLiteBehavior [ RunTime:0.000011s ]
INFO: [ app_init ] --END-- [ RunTime:0.000592s ]
ERR: 无法加载模块:Application

[ 2017-05-08T16:20:25+08:00 ] 127.0.0.1 /thinkstudy/Application/Public/bootstrap-3.3.7-dist/js/jquery-3.2.1.min.js
INFO: [ app_init ] --START--
INFO: Run Behavior\BuildLiteBehavior [ RunTime:0.000014s ]
INFO: [ app_init ] --END-- [ RunTime:0.000581s ]
ERR: 无法加载模块:Application

[ 2017-05-08T16:20:25+08:00 ] 127.0.0.1 /thinkstudy/Application/Public/bootstrap-3.3.7-dist/js/userjs.js
INFO: [ app_init ] --START--
INFO: Run Behavior\BuildLiteBehavior [ RunTime:0.000015s ]
INFO: [ app_init ] --END-- [ RunTime:0.000547s ]
ERR: 无法加载模块:Application

[ 2017-05-08T16:20:54+08:00 ] 127.0.0.1 /thinkstudy/Application/Public/bootstrap-3.3.7-dist/js/jquery-3.2.1.min.js
INFO: [ app_init ] --START--
INFO: Run Behavior\BuildLiteBehavior [ RunTime:0.000009s ]
INFO: [ app_init ] --END-- [ RunTime:0.000385s ]
ERR: 无法加载模块:Application

[ 2017-05-08T16:20:54+08:00 ] 127.0.0.1 /thinkstudy/Application/Public/bootstrap-3.3.7-dist/js/jquery-3.2.1.min.js
INFO: [ app_init ] --START--
INFO: Run Behavior\BuildLiteBehavior [ RunTime:0.000011s ]
INFO: [ app_init ] --END-- [ RunTime:0.000398s ]
ERR: 无法加载模块:Application

[ 2017-05-08T16:21:42+08:00 ] 127.0.0.1 /thinkstudy/Application/Public/bootstrap-3.3.7-dist/js/jquery-3.2.1.min.js
INFO: [ app_init ] --START--
INFO: Run Behavior\BuildLiteBehavior [ RunTime:0.000010s ]
INFO: [ app_init ] --END-- [ RunTime:0.000396s ]
ERR: 无法加载模块:Application

[ 2017-05-08T16:21:42+08:00 ] 127.0.0.1 /thinkstudy/Application/Public/bootstrap-3.3.7-dist/js/jquery-3.2.1.min.js
INFO: [ app_init ] --START--
INFO: Run Behavior\BuildLiteBehavior [ RunTime:0.000010s ]
INFO: [ app_init ] --END-- [ RunTime:0.000383s ]
ERR: 无法加载模块:Application

[ 2017-05-08T16:22:28+08:00 ] 127.0.0.1 /thinkstudy/Application/Public/bootstrap-3.3.7-dist/js/userjs.js
INFO: [ app_init ] --START--
INFO: Run Behavior\BuildLiteBehavior [ RunTime:0.000011s ]
INFO: [ app_init ] --END-- [ RunTime:0.000782s ]
ERR: 无法加载模块:Application

cation

[ 2017-05-08T16:22:28+08:00 ] 127.0.0.1 /thinkstudy/Application/Public/bootstrap-3.3.7-dist/js/userjs.js
INFO: [ app_init ] --START--
INFO: Run Behavior\BuildLiteBehavior [ RunTime:0.000011s ]
INFO: [ app_init ] --END-- [ RunTime:0.000405s ]
ERR: 无法加载模块:Application

[ 2017-05-08T16:23:40+08:00 ] 127.0.0.1 /thinkstudy/Application/__ROOT__/Public/bootstrap-3.3.7-dist/js/userjs.js
INFO: [ app_init ] --START--
INFO: Run Behavior\BuildLiteBehavior [ RunTime:0.000009s ]
INFO: [ app_init ] --END-- [ RunTime:0.000578s ]
ERR: 无法加载模块:Application

[ 2017-05-08T16:23:40+08:00 ] 127.0.0.1 /thinkstudy/Application/Public/bootstrap-3.3.7-dist/js/jquery-3.2.1.min.js
INFO: [ app_init ] --START--
INFO: Run Behavior\BuildLiteBehavior [ RunTime:0.000009s ]
INFO: [ app_init ] --END-- [ RunTime:0.000552s ]
ERR: 无法加载模块:Application

[ 2017-05-08T16:23:40+08:00 ] 127.0.0.1 /thinkstudy/Application/__ROOT__/Public/bootstrap-3.3.7-dist/js/userjs.js
INFO: [ app_init ] --START--
INFO: Run Behavior\BuildLiteBehavior [ RunTime:0.000010s ]
INFO: [ app_init ] --END-- [ RunTime:0.000384s ]
ERR: 无法加载模块:Application

[ 2017-05-08T16:23:40+08:00 ] 127.0.0.1 /thinkstudy/Application/Public/bootstrap-3.3.7-dist/js/jquery-3.2.1.min.js
INFO: [ app_init ] --START--
INFO: Run Behavior\BuildLiteBehavior [ RunTime:0.000009s ]
INFO: [ app_init ] --END-- [ RunTime:0.000387s ]
ERR: 无法加载模块:Application

[ 2017-05-08T16:23:40+08:00 ] 127.0.0.1 /thinkstudy/Application/__ROOT__/Public/bootstrap-3.3.7-dist/js/userjs.js
INFO: [ app_init ] --START--
INFO: Run Behavior\BuildLiteBehavior [ RunTime:0.000015s ]
INFO: [ app_init ] --END-- [ RunTime:0.000432s ]
ERR: 无法加载模块:Application

[ 2017-05-08T16:23:58+08:00 ] 127.0.0.1 /thinkstudy/Application/__ROOT__/Public/bootstrap-3.3.7-dist/js/userjs.js
INFO: [ app_init ] --START--
INFO: Run Behavior\BuildLiteBehavior [ RunTime:0.000010s ]
INFO: [ app_init ] --END-- [ RunTime:0.000406s ]
ERR: 无法加载模块:Application

[ 2017-05-08T16:23:58+08:00 ] 127.0.0.1 /thinkstudy/Application/Public/bootstrap-3.3.7-dist/js/jquery-3.2.1.min.js
INFO: [ app_init ] --START--
INFO: Run Behavior\BuildLiteBehavior [ RunTime:0.000010s ]
INFO: [ app_init ] --END-- [ RunTime:0.000619s ]
ERR: 无法加载模块:Application

[ 2017-05-08T16:23:58+08:00 ] 127.0.0.1 /thinkstudy/Application/__ROOT__/Public/bootstrap-3.3.7-dist/js/userjs.js
INFO: [ app_init ] --START--
INFO: Run Behavior\BuildLiteBehavior [ RunTime:0.000009s ]
INFO: [ app_init ] --END-- [ RunTime:0.000386s ]
ERR: 无法加载模块:Application

[ 2017-05-08T16:24:18+08:00 ] 127.0.0.1 /thinkstudy/Application/Public/bootstrap-3.3.7-dist/js/jquery-3.2.1.min.js
INFO: [ app_init ] --START--
INFO: Run Behavior\BuildLiteBehavior [ RunTime:0.000011s ]
INFO: [ app_init ] --END-- [ RunTime:0.000424s ]
ERR: 无法加载模块:Application

[ 2017-05-08T16:25:48+08:00 ] 127.0.0.1 /thinkstudy/__ROOT__/Public/bootstrap-3.3.7-dist/js/userjs.js
INFO: [ app_init ] --START--
INFO: Run Behavior\BuildLiteBehavior [ RunTime:0.000025s ]
INFO: [ app_init ] --END-- [ RunTime:0.000909s ]
ERR: 无法加载模块:__ROOT__

[ 2017-05-08T16:26:15+08:00 ] 127.0.0.1 /thinkstudy/Application/Public/bootstrap-3.3.7-dist/js/jquery-3.2.1.min.js
INFO: [ app_init ] --START--
INFO: Run Behavior\BuildLiteBehavior [ RunTime:0.000009s ]
INFO: [ app_init ] --END-- [ RunTime:0.000367s ]
ERR: 无法加载模块:Application

[ 2017-05-08T16:26:15+08:00 ] 127.0.0.1 /thinkstudy/Application/Public/bootstrap-3.3.7-dist/js/jquery-3.2.1.min.js
INFO: [ app_init ] --START--
INFO: Run Behavior\BuildLiteBehavior [ RunTime:0.000009s ]
INFO: [ app_init ] --END-- [ RunTime:0.000377s ]
ERR: 无法加载模块:Application

[ 2017-05-08T16:29:38+08:00 ] 127.0.0.1 /thinkstudy/Application/Public/bootstrap-3.3.7-dist/js/jquery-3.2.1.min.js
INFO: [ app_init ] --START--
INFO: Run Behavior\BuildLiteBehavior [ RunTime:0.000009s ]
INFO: [ app_init ] --END-- [ RunTime:0.000579s ]
ERR: 无法加载模块:Application

[ 2017-05-08T16:29:38+08:00 ] 127.0.0.1 /thinkstudy/Application/Public/bootstrap-3.3.7-dist/js/jquery-3.2.1.min.js
INFO: [ app_init ] --START--
INFO: Run Behavior\BuildLiteBehavior [ RunTime:0.000008s ]
INFO: [ app_init ] --END-- [ RunTime:0.000375s ]
ERR: 无法加载模块:Application

[ 2017-05-08T16:30:52+08:00 ] 127.0.0.1 /thinkstudy/Application/Public/bootstrap-3.3.7-dist/js/jquery-3.2.1.min.js
INFO: [ app_init ] --START--
INFO: Run Behavior\BuildLiteBehavior [ RunTime:0.000010s ]
INFO: [ app_init ] --END-- [ RunTime:0.000620s ]
ERR: 无法加载模块:Application

[ 2017-05-08T16:30:52+08:00 ] 127.0.0.1 /thinkstudy/Application/Public/bootstrap-3.3.7-dist/js/jquery-3.2.1.min.js
INFO: [ app_init ] --START--
INFO: Run Behavior\BuildLiteBehavior [ RunTime:0.000010s ]
INFO: [ app_init ] --END-- [ RunTime:0.000391s ]
ERR: 无法加载模块:Application

[ 2017-05-08T16:31:16+08:00 ] 127.0.0.1 /thinkstudy/Application/Public/bootstrap-3.3.7-dist/js/jquery-3.2.1.min.js
INFO: [ app_init ] --START--
INFO: Run Behavior\BuildLiteBehavior [ RunTime:0.000011s ]
INFO: [ app_init ] --END-- [ RunTime:0.000392s ]
ERR: 无法加载模块:Application

[ 2017-05-08T16:31:16+08:00 ] 127.0.0.1 /thinkstudy/Application/__PUBLIC__/userjs.js
INFO: [ app_init ] --START--
INFO: Run Behavior\BuildLiteBehavior [ RunTime:0.000011s ]
INFO: [ app_init ] --END-- [ RunTime:0.000628s ]
ERR: 无法加载模块:Application

[ 2017-05-08T16:31:16+08:00 ] 127.0.0.1 /thinkstudy/Application/Public/bootstrap-3.3.7-dist/js/jquery-3.2.1.min.js
INFO: [ app_init ] --START--
INFO: Run Behavior\BuildLiteBehavior [ RunTime:0.000010s ]
INFO: [ app_init ] --END-- [ RunTime:0.000394s ]
ERR: 无法加载模块:Application

[ 2017-05-08T16:31:16+08:00 ] 127.0.0.1 /thinkstudy/Application/__PUBLIC__/userjs.js
INFO: [ app_init ] --START--
INFO: Run Behavior\BuildLiteBehavior [ RunTime:0.000008s ]
INFO: [ app_init ] --END-- [ RunTime:0.000375s ]
ERR: 无法加载模块:Application

[ 2017-05-08T16:31:28+08:00 ] 127.0.0.1 /thinkstudy/Application/Public/bootstrap-3.3.7-dist/js/jquery-3.2.1.min.js
INFO: [ app_init ] --START--
INFO: Run Behavior\BuildLiteBehavior [ RunTime:0.000010s ]
INFO: [ app_init ] --END-- [ RunTime:0.000398s ]
ERR: 无法加载模块:Application

[ 2017-05-08T16:31:28+08:00 ] 127.0.0.1 /thinkstudy/Application/Public/bootstrap-3.3.7-dist/js/jquery-3.2.1.min.js
INFO: [ app_init ] --START--
INFO: Run Behavior\BuildLiteBehavior [ RunTime:0.000009s ]
INFO: [ app_init ] --END-- [ RunTime:0.000382s ]
ERR: 无法加载模块:Application

[ 2017-05-08T16:33:02+08:00 ] 127.0.0.1 /thinkstudy/Application/__PUBLIC__/userjs.js
INFO: [ app_init ] --START--
INFO: Run Behavior\BuildLiteBehavior [ RunTime:0.000012s ]
INFO: [ app_init ] --END-- [ RunTime:0.000582s ]
ERR: 无法加载模块:Application

[ 2017-05-08T16:33:02+08:00 ] 127.0.0.1 /thinkstudy/Application/__PUBLIC__/userjs.js
INFO: [ app_init ] --START--
INFO: Run Behavior\BuildLiteBehavior [ RunTime:0.000010s ]
INFO: [ app_init ] --END-- [ RunTime:0.000383s ]
ERR: 无法加载模块:Application

[ 2017-05-08T16:41:02+08:00 ] 127.0.0.1 /thinkstudy/Application/__PUBLIC__/userjs.js
INFO: [ app_init ] --START--
INFO: Run Behavior\BuildLiteBehavior [ RunTime:0.000010s ]
INFO: [ app_init ] --END-- [ RunTime:0.000550s ]
ERR: 无法加载模块:Application

[ 2017-05-08T16:41:03+08:00 ] 127.0.0.1 /thinkstudy/Application/__PUBLIC__/userjs.js
INFO: [ app_init ] --START--
INFO: Run Behavior\BuildLiteBehavior [ RunTime:0.000011s ]
INFO: [ app_init ] --END-- [ RunTime:0.000393s ]
ERR: 无法加载模块:Application

[ 2017-05-08T16:41:54+08:00 ] 127.0.0.1 /thinkstudy/Application/__ROOT__/Public/userjs.js
INFO: [ app_init ] --START--
INFO: Run Behavior\BuildLiteBehavior [ RunTime:0.000011s ]
INFO: [ app_init ] --END-- [ RunTime:0.000561s ]
ERR: 无法加载模块:Application

[ 2017-05-08T16:41:54+08:00 ] 127.0.0.1 /thinkstudy/Application/__ROOT__/Public/userjs.js
INFO: [ app_init ] --START--
INFO: Run Behavior\BuildLiteBehavior [ RunTime:0.000010s ]
INFO: [ app_init ] --END-- [ RunTime:0.000379s ]
ERR: 无法加载模块:Application

[ 2017-05-08T16:41:54+08:00 ] 127.0.0.1 /thinkstudy/Application/__ROOT__/Public/userjs.js
INFO: [ app_init ] --START--
INFO: Run Behavior\BuildLiteBehavior [ RunTime:0.000010s ]
INFO: [ app_init ] --END-- [ RunTime:0.000384s ]
ERR: 无法加载模块:Application

[ 2017-05-08T16:47:28+08:00 ] 127.0.0.1 /thinkstudy/Application/__PUBLIC__/userjs.js
INFO: [ app_init ] --START--
INFO: Run Behavior\BuildLiteBehavior [ RunTime:0.000010s ]
INFO: [ app_init ] --END-- [ RunTime:0.000573s ]
ERR: 无法加载模块:Application

[ 2017-05-08T16:47:45+08:00 ] 127.0.0.1 /thinkstudy/Application/__ROOT__/userjs.js
INFO: [ app_init ] --START--
INFO: Run Behavior\BuildLiteBehavior [ RunTime:0.000010s ]
INFO: [ app_init ] --END-- [ RunTime:0.000393s ]
ERR: 无法加载模块:Application

[ 2017-05-08T17:00:00+08:00 ] 127.0.0.1 /thinkstudy/Application/__PUBLIC__/userjs.js
INFO: [ app_init ] --START--
INFO: Run Behavior\BuildLiteBehavior [ RunTime:0.000011s ]
INFO: [ app_init ] --END-- [ RunTime:0.000679s ]
ERR: 无法加载模块:Application

[ 2017-05-08T17:04:23+08:00 ] 127.0.0.1 /thinkstudy/Public/bootstrap-3.3.7-dist/js/bootstarp.js
INFO: [ app_init ] --START--
INFO: Run Behavior\BuildLiteBehavior [ RunTime:0.000056s ]
INFO: [ app_init ] --END-- [ RunTime:0.000829s ]
ERR: 无法加载模块:Public

