[ 2017-04-26T10:51:32+08:00 ] ::1 /thinkstudy/index.php
INFO: [ app_init ] --START--
INFO: Run Behavior\BuildLiteBehavior [ RunTime:0.000012s ]
INFO: [ app_init ] --END-- [ RunTime:0.006053s ]
INFO: [ app_begin ] --START--
INFO: Run Behavior\ReadHtmlCacheBehavior [ RunTime:0.007121s ]
INFO: [ app_begin ] --END-- [ RunTime:0.007184s ]
INFO: [ view_parse ] --START--
INFO: [ template_filter ] --START--
INFO: Run Behavior\ContentReplaceBehavior [ RunTime:0.015539s ]
INFO: [ template_filter ] --END-- [ RunTime:0.015596s ]
INFO: Run Behavior\ParseTemplateBehavior [ RunTime:0.079281s ]
INFO: [ view_parse ] --END-- [ RunTime:0.079336s ]
INFO: [ view_filter ] --START--
INFO: Run Behavior\WriteHtmlCacheBehavior [ RunTime:0.022269s ]
INFO: [ view_filter ] --END-- [ RunTime:0.022310s ]
INFO: [ app_end ] --START--
INFO: Run Behavior\ShowPageTraceBehavior [ RunTime:0.006062s ]
INFO: [ app_end ] --END-- [ RunTime:0.006104s ]

[ 2017-04-26T10:51:32+08:00 ] ::1 /thinkstudy/index.php/Admin/Login/verify
INFO: [ app_init ] --START--
INFO: Run Behavior\BuildLiteBehavior [ RunTime:0.000010s ]
INFO: [ app_init ] --END-- [ RunTime:0.000569s ]
INFO: [ app_begin ] --START--
INFO: Run Behavior\ReadHtmlCacheBehavior [ RunTime:0.001038s ]
INFO: [ app_begin ] --END-- [ RunTime:0.001092s ]
INFO: [ app_end ] --START--
INFO: Run Behavior\ShowPageTraceBehavior [ RunTime:0.000968s ]
INFO: [ app_end ] --END-- [ RunTime:0.001023s ]

[ 2017-04-26T11:29:43+08:00 ] ::1 /thinkstudy/index.php
INFO: [ app_init ] --START--
INFO: Run Behavior\BuildLiteBehavior [ RunTime:0.000010s ]
INFO: [ app_init ] --END-- [ RunTime:0.000592s ]
INFO: [ app_begin ] --START--
INFO: Run Behavior\ReadHtmlCacheBehavior [ RunTime:0.001010s ]
INFO: [ app_begin ] --END-- [ RunTime:0.001053s ]
INFO: [ view_parse ] --START--
INFO: [ template_filter ] --START--
INFO: Run Behavior\ContentReplaceBehavior [ RunTime:0.000045s ]
INFO: [ template_filter ] --END-- [ RunTime:0.000084s ]
INFO: Run Behavior\ParseTemplateBehavior [ RunTime:0.011516s ]
INFO: [ view_parse ] --END-- [ RunTime:0.011573s ]
INFO: [ view_filter ] --START--
INFO: Run Behavior\WriteHtmlCacheBehavior [ RunTime:0.000780s ]
INFO: [ view_filter ] --END-- [ RunTime:0.000808s ]
INFO: [ app_end ] --START--
INFO: Run Behavior\ShowPageTraceBehavior [ RunTime:0.000833s ]
INFO: [ app_end ] --END-- [ RunTime:0.000862s ]

[ 2017-04-26T11:29:43+08:00 ] ::1 /thinkstudy/index.php/Admin/Login/verify
INFO: [ app_init ] --START--
INFO: Run Behavior\BuildLiteBehavior [ RunTime:0.000011s ]
INFO: [ app_init ] --END-- [ RunTime:0.000605s ]
INFO: [ app_begin ] --START--
INFO: Run Behavior\ReadHtmlCacheBehavior [ RunTime:0.001027s ]
INFO: [ app_begin ] --END-- [ RunTime:0.001071s ]
INFO: [ app_end ] --START--
INFO: Run Behavior\ShowPageTraceBehavior [ RunTime:0.000834s ]
INFO: [ app_end ] --END-- [ RunTime:0.000875s ]

[ 2017-04-26T19:57:46+08:00 ] ::1 /thinkstudy/index.php
INFO: [ app_init ] --START--
INFO: Run Behavior\BuildLiteBehavior [ RunTime:0.000013s ]
INFO: [ app_init ] --END-- [ RunTime:0.006203s ]
INFO: [ app_begin ] --START--
INFO: Run Behavior\ReadHtmlCacheBehavior [ RunTime:0.007561s ]
INFO: [ app_begin ] --END-- [ RunTime:0.007620s ]
INFO: [ view_parse ] --START--
INFO: [ template_filter ] --START--
INFO: Run Behavior\ContentReplaceBehavior [ RunTime:0.014955s ]
INFO: [ template_filter ] --END-- [ RunTime:0.015018s ]
INFO: Run Behavior\ParseTemplateBehavior [ RunTime:0.089914s ]
INFO: [ view_parse ] --END-- [ RunTime:0.089971s ]
INFO: [ view_filter ] --START--
INFO: Run Behavior\WriteHtmlCacheBehavior [ RunTime:0.022177s ]
INFO: [ view_filter ] --END-- [ RunTime:0.022223s ]
INFO: [ app_end ] --START--
INFO: Run Behavior\ShowPageTraceBehavior [ RunTime:0.006866s ]
INFO: [ app_end ] --END-- [ RunTime:0.006909s ]

[ 2017-04-26T19:57:46+08:00 ] ::1 /thinkstudy/index.php/Admin/Login/verify
INFO: [ app_init ] --START--
INFO: Run Behavior\BuildLiteBehavior [ RunTime:0.000011s ]
INFO: [ app_init ] --END-- [ RunTime:0.000384s ]
INFO: [ app_begin ] --START--
INFO: Run Behavior\ReadHtmlCacheBehavior [ RunTime:0.000948s ]
INFO: [ app_begin ] --END-- [ RunTime:0.001049s ]
INFO: [ app_end ] --START--
INFO: Run Behavior\ShowPageTraceBehavior [ RunTime:0.000651s ]
INFO: [ app_end ] --END-- [ RunTime:0.000709s ]

[ 2017-04-26T19:59:00+08:00 ] ::1 /thinkstudy/index.php/Admin/Login/login
INFO: [ app_init ] --START--
INFO: Run Behavior\BuildLiteBehavior [ RunTime:0.000011s ]
INFO: [ app_init ] --END-- [ RunTime:0.000392s ]
INFO: [ app_begin ] --START--
INFO: Run Behavior\ReadHtmlCacheBehavior [ RunTime:0.001360s ]
INFO: [ app_begin ] --END-- [ RunTime:0.001546s ]
SQL: SHOW COLUMNS FROM `think_user` [ RunTime:0.0650s ]
NOTIC: [8] Undefined index: validate F:\newXAMPP\htdocs\thinkstudy\ThinkPHP\Library\Think\Model.class.php 第 1185 行.
NOTIC: [2] call_user_func_array() expects parameter 1 to be a valid callback, function 'checkName' not found or invalid function name F:\newXAMPP\htdocs\thinkstudy\ThinkPHP\Library\Think\Model.class.php 第 1279 行.
NOTIC: [2] call_user_func_array() expects parameter 1 to be a valid callback, function 'checkPwd' not found or invalid function name F:\newXAMPP\htdocs\thinkstudy\ThinkPHP\Library\Think\Model.class.php 第 1279 行.
NOTIC: [8] Undefined index: auto F:\newXAMPP\htdocs\thinkstudy\ThinkPHP\Library\Think\Model.class.php 第 1128 行.
SQL: SELECT * FROM `think_user` WHERE ( username='admin' and userpassword='admin' ) LIMIT 1   [ RunTime:0.0007s ]
INFO: [ view_parse ] --START--
INFO: [ template_filter ] --START--
INFO: Run Behavior\ContentReplaceBehavior [ RunTime:0.000032s ]
INFO: [ template_filter ] --END-- [ RunTime:0.000069s ]
INFO: Run Behavior\ParseTemplateBehavior [ RunTime:0.035295s ]
INFO: [ view_parse ] --END-- [ RunTime:0.035347s ]
INFO: [ view_filter ] --START--
INFO: Run Behavior\WriteHtmlCacheBehavior [ RunTime:0.000317s ]
INFO: [ view_filter ] --END-- [ RunTime:0.000345s ]
INFO: [ app_end ] --START--
INFO: Run Behavior\ShowPageTraceBehavior [ RunTime:0.000458s ]
INFO: [ app_end ] --END-- [ RunTime:0.000487s ]

[ 2017-04-26T19:59:01+08:00 ] ::1 /thinkstudy/index.php/Admin/User/read.html
INFO: [ app_init ] --START--
INFO: Run Behavior\BuildLiteBehavior [ RunTime:0.000008s ]
INFO: [ app_init ] --END-- [ RunTime:0.000370s ]
INFO: [ app_begin ] --START--
INFO: Run Behavior\ReadHtmlCacheBehavior [ RunTime:0.000433s ]
INFO: [ app_begin ] --END-- [ RunTime:0.000469s ]
SQL: SHOW COLUMNS FROM `think_student` [ RunTime:0.0202s ]
SQL: SELECT COUNT(*) AS tp_count FROM `think_student` LIMIT 1   [ RunTime:0.0008s ]
SQL: SELECT * FROM `think_student` ORDER BY sid LIMIT 0,10   [ RunTime:0.0004s ]
INFO: [ view_parse ] --START--
INFO: [ template_filter ] --START--
INFO: Run Behavior\ContentReplaceBehavior [ RunTime:0.000063s ]
INFO: [ template_filter ] --END-- [ RunTime:0.000117s ]
INFO: Run Behavior\ParseTemplateBehavior [ RunTime:0.096243s ]
INFO: [ view_parse ] --END-- [ RunTime:0.096293s ]
INFO: [ view_filter ] --START--
INFO: Run Behavior\WriteHtmlCacheBehavior [ RunTime:0.000376s ]
INFO: [ view_filter ] --END-- [ RunTime:0.000415s ]
INFO: [ app_end ] --START--
INFO: Run Behavior\ShowPageTraceBehavior [ RunTime:0.000479s ]
INFO: [ app_end ] --END-- [ RunTime:0.000509s ]

[ 2017-04-26T19:59:15+08:00 ] ::1 /thinkstudy/index.php/Admin/Index/index
INFO: [ app_init ] --START--
INFO: Run Behavior\BuildLiteBehavior [ RunTime:0.000009s ]
INFO: [ app_init ] --END-- [ RunTime:0.000377s ]
INFO: [ app_begin ] --START--
INFO: Run Behavior\ReadHtmlCacheBehavior [ RunTime:0.000438s ]
INFO: [ app_begin ] --END-- [ RunTime:0.000472s ]
SQL: SHOW COLUMNS FROM `think_user` [ RunTime:0.0104s ]
SQL: SELECT COUNT(*) AS tp_count FROM `think_user` LIMIT 1   [ RunTime:0.0015s ]
SQL: SELECT * FROM `think_user` ORDER BY uid LIMIT 0,12   [ RunTime:0.0004s ]
INFO: [ view_parse ] --START--
INFO: [ template_filter ] --START--
INFO: Run Behavior\ContentReplaceBehavior [ RunTime:0.000045s ]
INFO: [ template_filter ] --END-- [ RunTime:0.000074s ]
INFO: Run Behavior\ParseTemplateBehavior [ RunTime:0.018503s ]
INFO: [ view_parse ] --END-- [ RunTime:0.018549s ]
INFO: [ view_filter ] --START--
INFO: Run Behavior\WriteHtmlCacheBehavior [ RunTime:0.000353s ]
INFO: [ view_filter ] --END-- [ RunTime:0.000383s ]
INFO: [ app_end ] --START--
INFO: Run Behavior\ShowPageTraceBehavior [ RunTime:0.000475s ]
INFO: [ app_end ] --END-- [ RunTime:0.000504s ]

[ 2017-04-26T19:59:25+08:00 ] ::1 /thinkstudy/index.php/Admin/Index/edituser/uid/5.html
INFO: [ app_init ] --START--
INFO: Run Behavior\BuildLiteBehavior [ RunTime:0.000009s ]
INFO: [ app_init ] --END-- [ RunTime:0.000417s ]
INFO: [ app_begin ] --START--
INFO: Run Behavior\ReadHtmlCacheBehavior [ RunTime:0.000481s ]
INFO: [ app_begin ] --END-- [ RunTime:0.000515s ]
SQL: SHOW COLUMNS FROM `think_user` [ RunTime:0.0091s ]
SQL: SELECT * FROM `think_user` WHERE ( uid=5 ) LIMIT 1   [ RunTime:0.0003s ]
INFO: [ view_parse ] --START--
INFO: [ template_filter ] --START--
INFO: Run Behavior\ContentReplaceBehavior [ RunTime:0.000061s ]
INFO: [ template_filter ] --END-- [ RunTime:0.000102s ]
INFO: Run Behavior\ParseTemplateBehavior [ RunTime:0.022597s ]
INFO: [ view_parse ] --END-- [ RunTime:0.022645s ]
INFO: [ view_filter ] --START--
INFO: Run Behavior\WriteHtmlCacheBehavior [ RunTime:0.000314s ]
INFO: [ view_filter ] --END-- [ RunTime:0.000340s ]
INFO: [ app_end ] --START--
INFO: Run Behavior\ShowPageTraceBehavior [ RunTime:0.000448s ]
INFO: [ app_end ] --END-- [ RunTime:0.000478s ]

[ 2017-04-26T19:59:36+08:00 ] ::1 /thinkstudy/index.php/Admin/Index/adduser
INFO: [ app_init ] --START--
INFO: Run Behavior\BuildLiteBehavior [ RunTime:0.000009s ]
INFO: [ app_init ] --END-- [ RunTime:0.000391s ]
INFO: [ app_begin ] --START--
INFO: Run Behavior\ReadHtmlCacheBehavior [ RunTime:0.000439s ]
INFO: [ app_begin ] --END-- [ RunTime:0.000473s ]
INFO: [ view_parse ] --START--
INFO: [ template_filter ] --START--
INFO: Run Behavior\ContentReplaceBehavior [ RunTime:0.000046s ]
INFO: [ template_filter ] --END-- [ RunTime:0.000107s ]
INFO: Run Behavior\ParseTemplateBehavior [ RunTime:0.045414s ]
INFO: [ view_parse ] --END-- [ RunTime:0.045479s ]
INFO: [ view_filter ] --START--
INFO: Run Behavior\WriteHtmlCacheBehavior [ RunTime:0.000310s ]
INFO: [ view_filter ] --END-- [ RunTime:0.000337s ]
INFO: [ app_end ] --START--
INFO: Run Behavior\ShowPageTraceBehavior [ RunTime:0.000472s ]
INFO: [ app_end ] --END-- [ RunTime:0.000501s ]

[ 2017-04-26T19:59:48+08:00 ] ::1 /thinkstudy/index.php/Admin/User/read
INFO: [ app_init ] --START--
INFO: Run Behavior\BuildLiteBehavior [ RunTime:0.000010s ]
INFO: [ app_init ] --END-- [ RunTime:0.000582s ]
INFO: [ app_begin ] --START--
INFO: Run Behavior\ReadHtmlCacheBehavior [ RunTime:0.000987s ]
INFO: [ app_begin ] --END-- [ RunTime:0.001028s ]
SQL: SHOW COLUMNS FROM `think_student` [ RunTime:0.0091s ]
SQL: SELECT COUNT(*) AS tp_count FROM `think_student` LIMIT 1   [ RunTime:0.0002s ]
SQL: SELECT * FROM `think_student` ORDER BY sid LIMIT 0,10   [ RunTime:0.0003s ]
INFO: [ view_parse ] --START--
INFO: [ template_filter ] --START--
INFO: Run Behavior\ContentReplaceBehavior [ RunTime:0.000055s ]
INFO: [ template_filter ] --END-- [ RunTime:0.000090s ]
INFO: Run Behavior\ParseTemplateBehavior [ RunTime:0.016431s ]
INFO: [ view_parse ] --END-- [ RunTime:0.016476s ]
INFO: [ view_filter ] --START--
INFO: Run Behavior\WriteHtmlCacheBehavior [ RunTime:0.000733s ]
INFO: [ view_filter ] --END-- [ RunTime:0.000762s ]
INFO: [ app_end ] --START--
INFO: Run Behavior\ShowPageTraceBehavior [ RunTime:0.000812s ]
INFO: [ app_end ] --END-- [ RunTime:0.000841s ]

[ 2017-04-26T19:59:53+08:00 ] ::1 /thinkstudy/index.php/Admin/User/add
INFO: [ app_init ] --START--
INFO: Run Behavior\BuildLiteBehavior [ RunTime:0.000019s ]
INFO: [ app_init ] --END-- [ RunTime:0.000657s ]
INFO: [ app_begin ] --START--
INFO: Run Behavior\ReadHtmlCacheBehavior [ RunTime:0.000468s ]
INFO: [ app_begin ] --END-- [ RunTime:0.000524s ]
SQL: SHOW COLUMNS FROM `think_user` [ RunTime:0.0086s ]
SQL: SELECT * FROM `think_user` WHERE ( usertype=2 )  [ RunTime:0.0002s ]
INFO: [ view_parse ] --START--
INFO: [ template_filter ] --START--
INFO: Run Behavior\ContentReplaceBehavior [ RunTime:0.000074s ]
INFO: [ template_filter ] --END-- [ RunTime:0.000116s ]
INFO: Run Behavior\ParseTemplateBehavior [ RunTime:0.054054s ]
INFO: [ view_parse ] --END-- [ RunTime:0.054102s ]
INFO: [ view_filter ] --START--
INFO: Run Behavior\WriteHtmlCacheBehavior [ RunTime:0.000310s ]
INFO: [ view_filter ] --END-- [ RunTime:0.000336s ]
INFO: [ app_end ] --START--
INFO: Run Behavior\ShowPageTraceBehavior [ RunTime:0.000459s ]
INFO: [ app_end ] --END-- [ RunTime:0.000491s ]

[ 2017-04-26T19:59:59+08:00 ] ::1 /thinkstudy/index.php/Admin/User/read
INFO: [ app_init ] --START--
INFO: Run Behavior\BuildLiteBehavior [ RunTime:0.000010s ]
INFO: [ app_init ] --END-- [ RunTime:0.000392s ]
INFO: [ app_begin ] --START--
INFO: Run Behavior\ReadHtmlCacheBehavior [ RunTime:0.000457s ]
INFO: [ app_begin ] --END-- [ RunTime:0.000493s ]
SQL: SHOW COLUMNS FROM `think_student` [ RunTime:0.0091s ]
SQL: SELECT COUNT(*) AS tp_count FROM `think_student` LIMIT 1   [ RunTime:0.0002s ]
SQL: SELECT * FROM `think_student` ORDER BY sid LIMIT 0,10   [ RunTime:0.0003s ]
INFO: [ view_parse ] --START--
INFO: [ template_filter ] --START--
INFO: Run Behavior\ContentReplaceBehavior [ RunTime:0.000052s ]
INFO: [ template_filter ] --END-- [ RunTime:0.000085s ]
INFO: Run Behavior\ParseTemplateBehavior [ RunTime:0.011321s ]
INFO: [ view_parse ] --END-- [ RunTime:0.011378s ]
INFO: [ view_filter ] --START--
INFO: Run Behavior\WriteHtmlCacheBehavior [ RunTime:0.000437s ]
INFO: [ view_filter ] --END-- [ RunTime:0.000469s ]
INFO: [ app_end ] --START--
INFO: Run Behavior\ShowPageTraceBehavior [ RunTime:0.000441s ]
INFO: [ app_end ] --END-- [ RunTime:0.000467s ]

[ 2017-04-26T20:00:11+08:00 ] ::1 /thinkstudy/index.php/Admin/User/add
INFO: [ app_init ] --START--
INFO: Run Behavior\BuildLiteBehavior [ RunTime:0.000008s ]
INFO: [ app_init ] --END-- [ RunTime:0.000393s ]
INFO: [ app_begin ] --START--
INFO: Run Behavior\ReadHtmlCacheBehavior [ RunTime:0.000446s ]
INFO: [ app_begin ] --END-- [ RunTime:0.000498s ]
SQL: SHOW COLUMNS FROM `think_user` [ RunTime:0.0125s ]
SQL: SELECT * FROM `think_user` WHERE ( usertype=2 )  [ RunTime:0.0002s ]
INFO: [ view_parse ] --START--
INFO: [ template_filter ] --START--
INFO: Run Behavior\ContentReplaceBehavior [ RunTime:0.000067s ]
INFO: [ template_filter ] --END-- [ RunTime:0.000101s ]
INFO: Run Behavior\ParseTemplateBehavior [ RunTime:0.017914s ]
INFO: [ view_parse ] --END-- [ RunTime:0.017957s ]
INFO: [ view_filter ] --START--
INFO: Run Behavior\WriteHtmlCacheBehavior [ RunTime:0.000308s ]
INFO: [ view_filter ] --END-- [ RunTime:0.000335s ]
INFO: [ app_end ] --START--
INFO: Run Behavior\ShowPageTraceBehavior [ RunTime:0.000457s ]
INFO: [ app_end ] --END-- [ RunTime:0.000489s ]

[ 2017-04-26T20:00:25+08:00 ] ::1 /thinkstudy/index.php/Admin/User/insertstudent
INFO: [ app_init ] --START--
INFO: Run Behavior\BuildLiteBehavior [ RunTime:0.000012s ]
INFO: [ app_init ] --END-- [ RunTime:0.000452s ]
INFO: [ app_begin ] --START--
INFO: Run Behavior\ReadHtmlCacheBehavior [ RunTime:0.000442s ]
INFO: [ app_begin ] --END-- [ RunTime:0.000478s ]
SQL: SHOW COLUMNS FROM `think_student` [ RunTime:0.0100s ]
NOTIC: [8] Undefined index: validate F:\newXAMPP\htdocs\thinkstudy\ThinkPHP\Library\Think\Model.class.php 第 1185 行.
SQL: SELECT * FROM `think_student` WHERE `name` = 'eee' LIMIT 1   [ RunTime:0.0004s ]
NOTIC: [8] Undefined index: auto F:\newXAMPP\htdocs\thinkstudy\ThinkPHP\Library\Think\Model.class.php 第 1128 行.
SQL: INSERT INTO `think_student` (`name`,`gender`,`dataofbirth`,`introducename`,`fixedline`,`telephone`,`registered`,`infotype`,`university`,`education`,`major`,`email`,`graduatedate`,`studyabroad`,`abroaddate`,`grade`,`sat1`,`sat1date`,`sat2`,`sat2date`,`toefl`,`toefldate`,`telts`,`teltsdate`,`gmat`,`gmatdate`,`grt`,`grtdate`,`lsat`,`lsatdate`) VALUES ('eee','男','','测试','','','','来电','','本科','','','','','','','','','','','','','','','','','','','','') [ RunTime:0.0865s ]

[ 2017-04-26T20:00:25+08:00 ] ::1 /thinkstudy/index.php/Admin/User/read.html
INFO: [ app_init ] --START--
INFO: Run Behavior\BuildLiteBehavior [ RunTime:0.000008s ]
INFO: [ app_init ] --END-- [ RunTime:0.000374s ]
INFO: [ app_begin ] --START--
INFO: Run Behavior\ReadHtmlCacheBehavior [ RunTime:0.000444s ]
INFO: [ app_begin ] --END-- [ RunTime:0.000479s ]
SQL: SHOW COLUMNS FROM `think_student` [ RunTime:0.0079s ]
SQL: SELECT COUNT(*) AS tp_count FROM `think_student` LIMIT 1   [ RunTime:0.0002s ]
SQL: SELECT * FROM `think_student` ORDER BY sid LIMIT 0,10   [ RunTime:0.0003s ]
INFO: [ view_parse ] --START--
INFO: [ template_filter ] --START--
INFO: Run Behavior\ContentReplaceBehavior [ RunTime:0.000069s ]
INFO: [ template_filter ] --END-- [ RunTime:0.000104s ]
INFO: Run Behavior\ParseTemplateBehavior [ RunTime:0.011838s ]
INFO: [ view_parse ] --END-- [ RunTime:0.011886s ]
INFO: [ view_filter ] --START--
INFO: Run Behavior\WriteHtmlCacheBehavior [ RunTime:0.000350s ]
INFO: [ view_filter ] --END-- [ RunTime:0.000378s ]
INFO: [ app_end ] --START--
INFO: Run Behavior\ShowPageTraceBehavior [ RunTime:0.000439s ]
INFO: [ app_end ] --END-- [ RunTime:0.000467s ]

[ 2017-04-26T20:00:31+08:00 ] ::1 /thinkstudy/index.php/Admin/User/detailinfo/sid/29.html
INFO: [ app_init ] --START--
INFO: Run Behavior\BuildLiteBehavior [ RunTime:0.000008s ]
INFO: [ app_init ] --END-- [ RunTime:0.000396s ]
INFO: [ app_begin ] --START--
INFO: Run Behavior\ReadHtmlCacheBehavior [ RunTime:0.000487s ]
INFO: [ app_begin ] --END-- [ RunTime:0.000531s ]
SQL: SHOW COLUMNS FROM `think_student` [ RunTime:0.0128s ]
SQL: SELECT * FROM `think_student` WHERE ( sid=29 ) LIMIT 1   [ RunTime:0.0004s ]
NOTIC: [2048] Only variables should be passed by reference F:\newXAMPP\htdocs\thinkstudy\Application\Admin\Controller\UserController.class.php 第 138 行.
SQL: SHOW COLUMNS FROM `think_comment` [ RunTime:0.0257s ]
SQL: SELECT think_comment.sid,think_comment.id,think_comment.add_time,think_comment.author,think_comment.content,`pid`,think_comment.id,think_comment.pid FROM `think_comment` WHERE think_comment.pid = 0 AND think_comment.sid = 29  [ RunTime:0.0241s ]
INFO: [ view_parse ] --START--
INFO: [ template_filter ] --START--
INFO: Run Behavior\ContentReplaceBehavior [ RunTime:0.000116s ]
INFO: [ template_filter ] --END-- [ RunTime:0.000163s ]
NOTIC: [8] Undefined index: lsatdata F:\newXAMPP\htdocs\thinkstudy\Application\Runtime\Cache\Admin\232c60f26d3af749d715224121dcd7c6.php 第 277 行.
NOTIC: [8] Undefined variable: vo F:\newXAMPP\htdocs\thinkstudy\Application\Runtime\Cache\Admin\232c60f26d3af749d715224121dcd7c6.php 第 350 行.
NOTIC: [8] Undefined variable: vo F:\newXAMPP\htdocs\thinkstudy\Application\Runtime\Cache\Admin\232c60f26d3af749d715224121dcd7c6.php 第 381 行.
NOTIC: [8] Undefined variable: Article F:\newXAMPP\htdocs\thinkstudy\Application\Runtime\Cache\Admin\232c60f26d3af749d715224121dcd7c6.php 第 384 行.
NOTIC: [8] Undefined variable: vo F:\newXAMPP\htdocs\thinkstudy\Application\Runtime\Cache\Admin\232c60f26d3af749d715224121dcd7c6.php 第 384 行.
NOTIC: [8] Undefined variable: username F:\newXAMPP\htdocs\thinkstudy\Application\Runtime\Cache\Admin\232c60f26d3af749d715224121dcd7c6.php 第 384 行.
INFO: Run Behavior\ParseTemplateBehavior [ RunTime:0.053441s ]
INFO: [ view_parse ] --END-- [ RunTime:0.053480s ]
INFO: [ view_filter ] --START--
INFO: Run Behavior\WriteHtmlCacheBehavior [ RunTime:0.000318s ]
INFO: [ view_filter ] --END-- [ RunTime:0.000345s ]
INFO: [ app_end ] --START--
INFO: Run Behavior\ShowPageTraceBehavior [ RunTime:0.000452s ]
INFO: [ app_end ] --END-- [ RunTime:0.000486s ]

[ 2017-04-26T20:00:37+08:00 ] ::1 /thinkstudy/index.php/Admin/User/edit/sid/29.html
INFO: [ app_init ] --START--
INFO: Run Behavior\BuildLiteBehavior [ RunTime:0.000034s ]
INFO: [ app_init ] --END-- [ RunTime:0.000892s ]
INFO: [ app_begin ] --START--
INFO: Run Behavior\ReadHtmlCacheBehavior [ RunTime:0.000548s ]
INFO: [ app_begin ] --END-- [ RunTime:0.000598s ]
SQL: SHOW COLUMNS FROM `think_student` [ RunTime:0.0097s ]
SQL: SHOW COLUMNS FROM `think_user` [ RunTime:0.0075s ]
SQL: SELECT * FROM `think_student` WHERE ( sid=29 ) LIMIT 1   [ RunTime:0.0003s ]
SQL: SELECT * FROM `think_user` WHERE ( usertype=2 )  [ RunTime:0.0003s ]
INFO: [ view_parse ] --START--
INFO: [ template_filter ] --START--
INFO: Run Behavior\ContentReplaceBehavior [ RunTime:0.000081s ]
INFO: [ template_filter ] --END-- [ RunTime:0.000119s ]
NOTIC: [8] Undefined index: lsatdata F:\newXAMPP\htdocs\thinkstudy\Application\Runtime\Cache\Admin\c5c8f88f4330c605468367c8bb60454a.php 第 299 行.
INFO: Run Behavior\ParseTemplateBehavior [ RunTime:0.069337s ]
INFO: [ view_parse ] --END-- [ RunTime:0.069417s ]
INFO: [ view_filter ] --START--
INFO: Run Behavior\WriteHtmlCacheBehavior [ RunTime:0.000316s ]
INFO: [ view_filter ] --END-- [ RunTime:0.000343s ]
INFO: [ app_end ] --START--
INFO: Run Behavior\ShowPageTraceBehavior [ RunTime:0.000461s ]
INFO: [ app_end ] --END-- [ RunTime:0.000494s ]

[ 2017-04-26T20:00:44+08:00 ] ::1 /thinkstudy/index.php/Admin/User/updateinfo
INFO: [ app_init ] --START--
INFO: Run Behavior\BuildLiteBehavior [ RunTime:0.000008s ]
INFO: [ app_init ] --END-- [ RunTime:0.000376s ]
INFO: [ app_begin ] --START--
INFO: Run Behavior\ReadHtmlCacheBehavior [ RunTime:0.000794s ]
INFO: [ app_begin ] --END-- [ RunTime:0.000862s ]
SQL: SHOW COLUMNS FROM `think_student` [ RunTime:0.0115s ]
NOTIC: [8] Undefined index: validate F:\newXAMPP\htdocs\thinkstudy\ThinkPHP\Library\Think\Model.class.php 第 1185 行.
NOTIC: [8] Undefined index: auto F:\newXAMPP\htdocs\thinkstudy\ThinkPHP\Library\Think\Model.class.php 第 1128 行.
SQL: UPDATE `think_student` SET `name`='eee',`gender`='男',`dataofbirth`='',`introducename`='测试',`fixedline`='',`telephone`='',`registered`='',`infotype`='来电',`university`='',`education`='本科',`major`='',`email`='',`graduatedate`='',`studyabroad`='',`abroaddate`='',`grade`='',`accessory`='',`state`='1',`sat1`='',`sat1date`='',`sat2`='',`sat2date`='',`toefl`='',`toefldate`='',`telts`='',`teltsdate`='',`gmat`='0000-00-00',`gmatdate`='',`grt`='',`grtdate`='',`lsat`='' WHERE `sid` = 29 [ RunTime:0.0642s ]
NOTIC: [8] Use of undefined constant read - assumed 'read' F:\newXAMPP\htdocs\thinkstudy\Application\Admin\Controller\UserController.class.php 第 120 行.
INFO: [ view_parse ] --START--
INFO: [ template_filter ] --START--
INFO: Run Behavior\ContentReplaceBehavior [ RunTime:0.000029s ]
INFO: [ template_filter ] --END-- [ RunTime:0.000065s ]
INFO: Run Behavior\ParseTemplateBehavior [ RunTime:0.007924s ]
INFO: [ view_parse ] --END-- [ RunTime:0.007990s ]
INFO: [ view_filter ] --START--
INFO: Run Behavior\WriteHtmlCacheBehavior [ RunTime:0.000314s ]
INFO: [ view_filter ] --END-- [ RunTime:0.000341s ]
INFO: [ app_end ] --START--
INFO: Run Behavior\ShowPageTraceBehavior [ RunTime:0.000450s ]
INFO: [ app_end ] --END-- [ RunTime:0.000478s ]

[ 2017-04-26T20:00:45+08:00 ] ::1 /thinkstudy/index.php/Admin/User/read.html
INFO: [ app_init ] --START--
INFO: Run Behavior\BuildLiteBehavior [ RunTime:0.000016s ]
INFO: [ app_init ] --END-- [ RunTime:0.000908s ]
INFO: [ app_begin ] --START--
INFO: Run Behavior\ReadHtmlCacheBehavior [ RunTime:0.000475s ]
INFO: [ app_begin ] --END-- [ RunTime:0.000515s ]
SQL: SHOW COLUMNS FROM `think_student` [ RunTime:0.0092s ]
SQL: SELECT COUNT(*) AS tp_count FROM `think_student` LIMIT 1   [ RunTime:0.0002s ]
SQL: SELECT * FROM `think_student` ORDER BY sid LIMIT 0,10   [ RunTime:0.0003s ]
INFO: [ view_parse ] --START--
INFO: [ template_filter ] --START--
INFO: Run Behavior\ContentReplaceBehavior [ RunTime:0.000053s ]
INFO: [ template_filter ] --END-- [ RunTime:0.000088s ]
INFO: Run Behavior\ParseTemplateBehavior [ RunTime:0.011511s ]
INFO: [ view_parse ] --END-- [ RunTime:0.011550s ]
INFO: [ view_filter ] --START--
INFO: Run Behavior\WriteHtmlCacheBehavior [ RunTime:0.000344s ]
INFO: [ view_filter ] --END-- [ RunTime:0.000373s ]
INFO: [ app_end ] --START--
INFO: Run Behavior\ShowPageTraceBehavior [ RunTime:0.000465s ]
INFO: [ app_end ] --END-- [ RunTime:0.000495s ]

[ 2017-04-26T20:00:57+08:00 ] ::1 /thinkstudy/index.php/Admin/Index/index
INFO: [ app_init ] --START--
INFO: Run Behavior\BuildLiteBehavior [ RunTime:0.000009s ]
INFO: [ app_init ] --END-- [ RunTime:0.000378s ]
INFO: [ app_begin ] --START--
INFO: Run Behavior\ReadHtmlCacheBehavior [ RunTime:0.000433s ]
INFO: [ app_begin ] --END-- [ RunTime:0.000468s ]
SQL: SHOW COLUMNS FROM `think_user` [ RunTime:0.0093s ]
SQL: SELECT COUNT(*) AS tp_count FROM `think_user` LIMIT 1   [ RunTime:0.0002s ]
SQL: SELECT * FROM `think_user` ORDER BY uid LIMIT 0,12   [ RunTime:0.0002s ]
INFO: [ view_parse ] --START--
INFO: [ template_filter ] --START--
INFO: Run Behavior\ContentReplaceBehavior [ RunTime:0.000055s ]
INFO: [ template_filter ] --END-- [ RunTime:0.000086s ]
INFO: Run Behavior\ParseTemplateBehavior [ RunTime:0.014038s ]
INFO: [ view_parse ] --END-- [ RunTime:0.014084s ]
INFO: [ view_filter ] --START--
INFO: Run Behavior\WriteHtmlCacheBehavior [ RunTime:0.000337s ]
INFO: [ view_filter ] --END-- [ RunTime:0.000367s ]
INFO: [ app_end ] --START--
INFO: Run Behavior\ShowPageTraceBehavior [ RunTime:0.000482s ]
INFO: [ app_end ] --END-- [ RunTime:0.000523s ]

[ 2017-04-26T20:01:02+08:00 ] ::1 /thinkstudy/index.php/Admin/Index/edituser/uid/5.html
INFO: [ app_init ] --START--
INFO: Run Behavior\BuildLiteBehavior [ RunTime:0.000021s ]
INFO: [ app_init ] --END-- [ RunTime:0.000589s ]
INFO: [ app_begin ] --START--
INFO: Run Behavior\ReadHtmlCacheBehavior [ RunTime:0.000458s ]
INFO: [ app_begin ] --END-- [ RunTime:0.000492s ]
SQL: SHOW COLUMNS FROM `think_user` [ RunTime:0.0092s ]
SQL: SELECT * FROM `think_user` WHERE ( uid=5 ) LIMIT 1   [ RunTime:0.0002s ]
INFO: [ view_parse ] --START--
INFO: [ template_filter ] --START--
INFO: Run Behavior\ContentReplaceBehavior [ RunTime:0.000062s ]
INFO: [ template_filter ] --END-- [ RunTime:0.000107s ]
INFO: Run Behavior\ParseTemplateBehavior [ RunTime:0.014196s ]
INFO: [ view_parse ] --END-- [ RunTime:0.014242s ]
INFO: [ view_filter ] --START--
INFO: Run Behavior\WriteHtmlCacheBehavior [ RunTime:0.000321s ]
INFO: [ view_filter ] --END-- [ RunTime:0.000348s ]
INFO: [ app_end ] --START--
INFO: Run Behavior\ShowPageTraceBehavior [ RunTime:0.000449s ]
INFO: [ app_end ] --END-- [ RunTime:0.000480s ]

[ 2017-04-26T20:01:13+08:00 ] ::1 /thinkstudy/index.php/Admin/Login/logout
INFO: [ app_init ] --START--
INFO: Run Behavior\BuildLiteBehavior [ RunTime:0.000009s ]
INFO: [ app_init ] --END-- [ RunTime:0.000388s ]
INFO: [ app_begin ] --START--
INFO: Run Behavior\ReadHtmlCacheBehavior [ RunTime:0.000440s ]
INFO: [ app_begin ] --END-- [ RunTime:0.000475s ]
NOTIC: [8] Use of undefined constant index - assumed 'index' F:\newXAMPP\htdocs\thinkstudy\Application\Admin\Controller\LoginController.class.php 第 56 行.

[ 2017-04-26T20:01:13+08:00 ] ::1 /thinkstudy/index.php/Admin/Login/index.html
INFO: [ app_init ] --START--
INFO: Run Behavior\BuildLiteBehavior [ RunTime:0.000009s ]
INFO: [ app_init ] --END-- [ RunTime:0.000400s ]
INFO: [ app_begin ] --START--
INFO: Run Behavior\ReadHtmlCacheBehavior [ RunTime:0.000432s ]
INFO: [ app_begin ] --END-- [ RunTime:0.000466s ]
INFO: [ view_parse ] --START--
INFO: [ template_filter ] --START--
INFO: Run Behavior\ContentReplaceBehavior [ RunTime:0.000038s ]
INFO: [ template_filter ] --END-- [ RunTime:0.000072s ]
INFO: Run Behavior\ParseTemplateBehavior [ RunTime:0.008305s ]
INFO: [ view_parse ] --END-- [ RunTime:0.008355s ]
INFO: [ view_filter ] --START--
INFO: Run Behavior\WriteHtmlCacheBehavior [ RunTime:0.000311s ]
INFO: [ view_filter ] --END-- [ RunTime:0.000338s ]
INFO: [ app_end ] --START--
INFO: Run Behavior\ShowPageTraceBehavior [ RunTime:0.000445s ]
INFO: [ app_end ] --END-- [ RunTime:0.000475s ]

[ 2017-04-26T20:01:13+08:00 ] ::1 /thinkstudy/index.php/Admin/Login/verify
INFO: [ app_init ] --START--
INFO: Run Behavior\BuildLiteBehavior [ RunTime:0.000011s ]
INFO: [ app_init ] --END-- [ RunTime:0.000754s ]
INFO: [ app_begin ] --START--
INFO: Run Behavior\ReadHtmlCacheBehavior [ RunTime:0.001642s ]
INFO: [ app_begin ] --END-- [ RunTime:0.001744s ]
INFO: [ app_end ] --START--
INFO: Run Behavior\ShowPageTraceBehavior [ RunTime:0.000862s ]
INFO: [ app_end ] --END-- [ RunTime:0.000906s ]

[ 2017-04-26T20:01:23+08:00 ] ::1 /thinkstudy/index.php/Admin/Login/login
INFO: [ app_init ] --START--
INFO: Run Behavior\BuildLiteBehavior [ RunTime:0.000039s ]
INFO: [ app_init ] --END-- [ RunTime:0.001016s ]
INFO: [ app_begin ] --START--
INFO: Run Behavior\ReadHtmlCacheBehavior [ RunTime:0.000560s ]
INFO: [ app_begin ] --END-- [ RunTime:0.000609s ]
SQL: SHOW COLUMNS FROM `think_user` [ RunTime:0.0100s ]
NOTIC: [8] Undefined index: validate F:\newXAMPP\htdocs\thinkstudy\ThinkPHP\Library\Think\Model.class.php 第 1185 行.
NOTIC: [2] call_user_func_array() expects parameter 1 to be a valid callback, function 'checkName' not found or invalid function name F:\newXAMPP\htdocs\thinkstudy\ThinkPHP\Library\Think\Model.class.php 第 1279 行.
NOTIC: [2] call_user_func_array() expects parameter 1 to be a valid callback, function 'checkPwd' not found or invalid function name F:\newXAMPP\htdocs\thinkstudy\ThinkPHP\Library\Think\Model.class.php 第 1279 行.
NOTIC: [8] Undefined index: auto F:\newXAMPP\htdocs\thinkstudy\ThinkPHP\Library\Think\Model.class.php 第 1128 行.
SQL: SELECT * FROM `think_user` WHERE ( username='小小' and userpassword='1111' ) LIMIT 1   [ RunTime:0.0003s ]
INFO: [ view_parse ] --START--
INFO: [ template_filter ] --START--
INFO: Run Behavior\ContentReplaceBehavior [ RunTime:0.000031s ]
INFO: [ template_filter ] --END-- [ RunTime:0.000070s ]
INFO: Run Behavior\ParseTemplateBehavior [ RunTime:0.011159s ]
INFO: [ view_parse ] --END-- [ RunTime:0.011210s ]
INFO: [ view_filter ] --START--
INFO: Run Behavior\WriteHtmlCacheBehavior [ RunTime:0.000828s ]
INFO: [ view_filter ] --END-- [ RunTime:0.000865s ]
INFO: [ app_end ] --START--
INFO: Run Behavior\ShowPageTraceBehavior [ RunTime:0.000606s ]
INFO: [ app_end ] --END-- [ RunTime:0.000643s ]

[ 2017-04-26T20:01:24+08:00 ] ::1 /thinkstudy/index.php/Admin/User/read.html
INFO: [ app_init ] --START--
INFO: Run Behavior\BuildLiteBehavior [ RunTime:0.000008s ]
INFO: [ app_init ] --END-- [ RunTime:0.000374s ]
INFO: [ app_begin ] --START--
INFO: Run Behavior\ReadHtmlCacheBehavior [ RunTime:0.000759s ]
INFO: [ app_begin ] --END-- [ RunTime:0.000824s ]
SQL: SHOW COLUMNS FROM `think_student` [ RunTime:0.0101s ]
SQL: SELECT COUNT(*) AS tp_count FROM `think_student` LIMIT 1   [ RunTime:0.0002s ]
SQL: SELECT * FROM `think_student` ORDER BY sid LIMIT 0,10   [ RunTime:0.0003s ]
INFO: [ view_parse ] --START--
INFO: [ template_filter ] --START--
INFO: Run Behavior\ContentReplaceBehavior [ RunTime:0.000139s ]
INFO: [ template_filter ] --END-- [ RunTime:0.000222s ]
INFO: Run Behavior\ParseTemplateBehavior [ RunTime:0.015756s ]
INFO: [ view_parse ] --END-- [ RunTime:0.015800s ]
INFO: [ view_filter ] --START--
INFO: Run Behavior\WriteHtmlCacheBehavior [ RunTime:0.000315s ]
INFO: [ view_filter ] --END-- [ RunTime:0.000343s ]
INFO: [ app_end ] --START--
INFO: Run Behavior\ShowPageTraceBehavior [ RunTime:0.000442s ]
INFO: [ app_end ] --END-- [ RunTime:0.000470s ]

[ 2017-04-26T20:01:32+08:00 ] ::1 /thinkstudy/index.php/Admin/User/read
INFO: [ app_init ] --START--
INFO: Run Behavior\BuildLiteBehavior [ RunTime:0.000009s ]
INFO: [ app_init ] --END-- [ RunTime:0.000379s ]
INFO: [ app_begin ] --START--
INFO: Run Behavior\ReadHtmlCacheBehavior [ RunTime:0.000455s ]
INFO: [ app_begin ] --END-- [ RunTime:0.000490s ]
SQL: SHOW COLUMNS FROM `think_student` [ RunTime:0.0094s ]
SQL: SELECT COUNT(*) AS tp_count FROM `think_student` LIMIT 1   [ RunTime:0.0002s ]
SQL: SELECT * FROM `think_student` ORDER BY sid LIMIT 0,10   [ RunTime:0.0003s ]
INFO: [ view_parse ] --START--
INFO: [ template_filter ] --START--
INFO: Run Behavior\ContentReplaceBehavior [ RunTime:0.000059s ]
INFO: [ template_filter ] --END-- [ RunTime:0.000093s ]
INFO: Run Behavior\ParseTemplateBehavior [ RunTime:0.015939s ]
INFO: [ view_parse ] --END-- [ RunTime:0.015986s ]
INFO: [ view_filter ] --START--
INFO: Run Behavior\WriteHtmlCacheBehavior [ RunTime:0.000335s ]
INFO: [ view_filter ] --END-- [ RunTime:0.000366s ]
INFO: [ app_end ] --START--
INFO: Run Behavior\ShowPageTraceBehavior [ RunTime:0.000474s ]
INFO: [ app_end ] --END-- [ RunTime:0.000509s ]

[ 2017-04-26T20:01:36+08:00 ] ::1 /thinkstudy/index.php/Admin/User/detailinfo/sid/28.html
INFO: [ app_init ] --START--
INFO: Run Behavior\BuildLiteBehavior [ RunTime:0.000040s ]
INFO: [ app_init ] --END-- [ RunTime:0.000919s ]
INFO: [ app_begin ] --START--
INFO: Run Behavior\ReadHtmlCacheBehavior [ RunTime:0.001125s ]
INFO: [ app_begin ] --END-- [ RunTime:0.001231s ]
SQL: SHOW COLUMNS FROM `think_student` [ RunTime:0.0088s ]
SQL: SELECT * FROM `think_student` WHERE ( sid=28 ) LIMIT 1   [ RunTime:0.0003s ]
NOTIC: [2048] Only variables should be passed by reference F:\newXAMPP\htdocs\thinkstudy\Application\Admin\Controller\UserController.class.php 第 138 行.
SQL: SHOW COLUMNS FROM `think_comment` [ RunTime:0.0076s ]
SQL: SELECT think_comment.sid,think_comment.id,think_comment.add_time,think_comment.author,think_comment.content,`pid`,think_comment.id,think_comment.pid FROM `think_comment` WHERE think_comment.pid = 0 AND think_comment.sid = 28  [ RunTime:0.0002s ]
INFO: [ view_parse ] --START--
INFO: [ template_filter ] --START--
INFO: Run Behavior\ContentReplaceBehavior [ RunTime:0.000112s ]
INFO: [ template_filter ] --END-- [ RunTime:0.000144s ]
NOTIC: [8] Undefined index: lsatdata F:\newXAMPP\htdocs\thinkstudy\Application\Runtime\Cache\Admin\232c60f26d3af749d715224121dcd7c6.php 第 277 行.
NOTIC: [8] Undefined variable: vo F:\newXAMPP\htdocs\thinkstudy\Application\Runtime\Cache\Admin\232c60f26d3af749d715224121dcd7c6.php 第 350 行.
NOTIC: [8] Undefined variable: vo F:\newXAMPP\htdocs\thinkstudy\Application\Runtime\Cache\Admin\232c60f26d3af749d715224121dcd7c6.php 第 381 行.
NOTIC: [8] Undefined variable: Article F:\newXAMPP\htdocs\thinkstudy\Application\Runtime\Cache\Admin\232c60f26d3af749d715224121dcd7c6.php 第 384 行.
NOTIC: [8] Undefined variable: vo F:\newXAMPP\htdocs\thinkstudy\Application\Runtime\Cache\Admin\232c60f26d3af749d715224121dcd7c6.php 第 384 行.
NOTIC: [8] Undefined variable: username F:\newXAMPP\htdocs\thinkstudy\Application\Runtime\Cache\Admin\232c60f26d3af749d715224121dcd7c6.php 第 384 行.
INFO: Run Behavior\ParseTemplateBehavior [ RunTime:0.034260s ]
INFO: [ view_parse ] --END-- [ RunTime:0.034301s ]
INFO: [ view_filter ] --START--
INFO: Run Behavior\WriteHtmlCacheBehavior [ RunTime:0.000318s ]
INFO: [ view_filter ] --END-- [ RunTime:0.000345s ]
INFO: [ app_end ] --START--
INFO: Run Behavior\ShowPageTraceBehavior [ RunTime:0.000451s ]
INFO: [ app_end ] --END-- [ RunTime:0.000483s ]

[ 2017-04-26T20:01:45+08:00 ] ::1 /thinkstudy/index.php/Admin/Comment/addComment.html
INFO: [ app_init ] --START--
INFO: Run Behavior\BuildLiteBehavior [ RunTime:0.000075s ]
INFO: [ app_init ] --END-- [ RunTime:0.001631s ]
INFO: [ app_begin ] --START--
INFO: Run Behavior\ReadHtmlCacheBehavior [ RunTime:0.001042s ]
INFO: [ app_begin ] --END-- [ RunTime:0.001117s ]
SQL: SHOW COLUMNS FROM `think_comment` [ RunTime:0.0099s ]
NOTIC: [8] Undefined index: auto F:\newXAMPP\htdocs\thinkstudy\ThinkPHP\Library\Think\Model.class.php 第 1128 行.
SQL: INSERT INTO `think_comment` (`content`,`ip`,`add_time`,`pid`,`author`,`sid`) VALUES ('aaa','0.0.0.0','1493208105','0','小小','28') [ RunTime:0.0357s ]
INFO: [ view_parse ] --START--
INFO: [ template_filter ] --START--
INFO: Run Behavior\ContentReplaceBehavior [ RunTime:0.000029s ]
INFO: [ template_filter ] --END-- [ RunTime:0.000062s ]
INFO: Run Behavior\ParseTemplateBehavior [ RunTime:0.006935s ]
INFO: [ view_parse ] --END-- [ RunTime:0.006978s ]
INFO: [ view_filter ] --START--
INFO: Run Behavior\WriteHtmlCacheBehavior [ RunTime:0.000337s ]
INFO: [ view_filter ] --END-- [ RunTime:0.000369s ]
INFO: [ app_end ] --START--
INFO: Run Behavior\ShowPageTraceBehavior [ RunTime:0.000487s ]
INFO: [ app_end ] --END-- [ RunTime:0.000519s ]

[ 2017-04-26T20:01:46+08:00 ] ::1 /thinkstudy/index.php/Admin/User/detailinfo/sid/28.html
INFO: [ app_init ] --START--
INFO: Run Behavior\BuildLiteBehavior [ RunTime:0.000042s ]
INFO: [ app_init ] --END-- [ RunTime:0.000446s ]
INFO: [ app_begin ] --START--
INFO: Run Behavior\ReadHtmlCacheBehavior [ RunTime:0.000903s ]
INFO: [ app_begin ] --END-- [ RunTime:0.000982s ]
SQL: SHOW COLUMNS FROM `think_student` [ RunTime:0.0100s ]
SQL: SELECT * FROM `think_student` WHERE ( sid=28 ) LIMIT 1   [ RunTime:0.0004s ]
NOTIC: [2048] Only variables should be passed by reference F:\newXAMPP\htdocs\thinkstudy\Application\Admin\Controller\UserController.class.php 第 138 行.
SQL: SHOW COLUMNS FROM `think_comment` [ RunTime:0.0074s ]
SQL: SELECT think_comment.sid,think_comment.id,think_comment.add_time,think_comment.author,think_comment.content,`pid`,think_comment.id,think_comment.pid FROM `think_comment` WHERE think_comment.pid = 0 AND think_comment.sid = 28  [ RunTime:0.0002s ]
SQL: SELECT think_comment.sid,think_comment.id,think_comment.add_time,think_comment.author,think_comment.content,`pid`,think_comment.id,think_comment.pid FROM `think_comment` WHERE think_comment.pid = '45' AND think_comment.sid = '28'  [ RunTime:0.0002s ]
INFO: [ view_parse ] --START--
INFO: [ template_filter ] --START--
INFO: Run Behavior\ContentReplaceBehavior [ RunTime:0.000127s ]
INFO: [ template_filter ] --END-- [ RunTime:0.000168s ]
NOTIC: [8] Undefined index: lsatdata F:\newXAMPP\htdocs\thinkstudy\Application\Runtime\Cache\Admin\232c60f26d3af749d715224121dcd7c6.php 第 277 行.
NOTIC: [8] Undefined variable: vo F:\newXAMPP\htdocs\thinkstudy\Application\Runtime\Cache\Admin\232c60f26d3af749d715224121dcd7c6.php 第 350 行.
NOTIC: [8] Undefined variable: Article F:\newXAMPP\htdocs\thinkstudy\Application\Runtime\Cache\Admin\232c60f26d3af749d715224121dcd7c6.php 第 384 行.
NOTIC: [8] Undefined variable: username F:\newXAMPP\htdocs\thinkstudy\Application\Runtime\Cache\Admin\232c60f26d3af749d715224121dcd7c6.php 第 384 行.
INFO: Run Behavior\ParseTemplateBehavior [ RunTime:0.033128s ]
INFO: [ view_parse ] --END-- [ RunTime:0.033164s ]
INFO: [ view_filter ] --START--
INFO: Run Behavior\WriteHtmlCacheBehavior [ RunTime:0.000330s ]
INFO: [ view_filter ] --END-- [ RunTime:0.000355s ]
INFO: [ app_end ] --START--
INFO: Run Behavior\ShowPageTraceBehavior [ RunTime:0.000516s ]
INFO: [ app_end ] --END-- [ RunTime:0.000556s ]

[ 2017-04-26T20:01:54+08:00 ] ::1 /thinkstudy/index.php/Admin/User/read
INFO: [ app_init ] --START--
INFO: Run Behavior\BuildLiteBehavior [ RunTime:0.000009s ]
INFO: [ app_init ] --END-- [ RunTime:0.000371s ]
INFO: [ app_begin ] --START--
INFO: Run Behavior\ReadHtmlCacheBehavior [ RunTime:0.000479s ]
INFO: [ app_begin ] --END-- [ RunTime:0.000517s ]
SQL: SHOW COLUMNS FROM `think_student` [ RunTime:0.0089s ]
SQL: SELECT COUNT(*) AS tp_count FROM `think_student` LIMIT 1   [ RunTime:0.0005s ]
SQL: SELECT * FROM `think_student` ORDER BY sid LIMIT 0,10   [ RunTime:0.0003s ]
INFO: [ view_parse ] --START--
INFO: [ template_filter ] --START--
INFO: Run Behavior\ContentReplaceBehavior [ RunTime:0.000182s ]
INFO: [ template_filter ] --END-- [ RunTime:0.000383s ]
INFO: Run Behavior\ParseTemplateBehavior [ RunTime:0.015791s ]
INFO: [ view_parse ] --END-- [ RunTime:0.015836s ]
INFO: [ view_filter ] --START--
INFO: Run Behavior\WriteHtmlCacheBehavior [ RunTime:0.000335s ]
INFO: [ view_filter ] --END-- [ RunTime:0.000362s ]
INFO: [ app_end ] --START--
INFO: Run Behavior\ShowPageTraceBehavior [ RunTime:0.000433s ]
INFO: [ app_end ] --END-- [ RunTime:0.000461s ]

[ 2017-04-26T20:01:56+08:00 ] ::1 /thinkstudy/index.php/Admin/User/detailinfo/sid/29.html
INFO: [ app_init ] --START--
INFO: Run Behavior\BuildLiteBehavior [ RunTime:0.000009s ]
INFO: [ app_init ] --END-- [ RunTime:0.000380s ]
INFO: [ app_begin ] --START--
INFO: Run Behavior\ReadHtmlCacheBehavior [ RunTime:0.000420s ]
INFO: [ app_begin ] --END-- [ RunTime:0.000453s ]
SQL: SHOW COLUMNS FROM `think_student` [ RunTime:0.0096s ]
SQL: SELECT * FROM `think_student` WHERE ( sid=29 ) LIMIT 1   [ RunTime:0.0004s ]
NOTIC: [2048] Only variables should be passed by reference F:\newXAMPP\htdocs\thinkstudy\Application\Admin\Controller\UserController.class.php 第 138 行.
SQL: SHOW COLUMNS FROM `think_comment` [ RunTime:0.0074s ]
SQL: SELECT think_comment.sid,think_comment.id,think_comment.add_time,think_comment.author,think_comment.content,`pid`,think_comment.id,think_comment.pid FROM `think_comment` WHERE think_comment.pid = 0 AND think_comment.sid = 29  [ RunTime:0.0002s ]
INFO: [ view_parse ] --START--
INFO: [ template_filter ] --START--
INFO: Run Behavior\ContentReplaceBehavior [ RunTime:0.000116s ]
INFO: [ template_filter ] --END-- [ RunTime:0.000151s ]
NOTIC: [8] Undefined index: lsatdata F:\newXAMPP\htdocs\thinkstudy\Application\Runtime\Cache\Admin\232c60f26d3af749d715224121dcd7c6.php 第 277 行.
NOTIC: [8] Undefined variable: vo F:\newXAMPP\htdocs\thinkstudy\Application\Runtime\Cache\Admin\232c60f26d3af749d715224121dcd7c6.php 第 350 行.
NOTIC: [8] Undefined variable: vo F:\newXAMPP\htdocs\thinkstudy\Application\Runtime\Cache\Admin\232c60f26d3af749d715224121dcd7c6.php 第 381 行.
NOTIC: [8] Undefined variable: Article F:\newXAMPP\htdocs\thinkstudy\Application\Runtime\Cache\Admin\232c60f26d3af749d715224121dcd7c6.php 第 384 行.
NOTIC: [8] Undefined variable: vo F:\newXAMPP\htdocs\thinkstudy\Application\Runtime\Cache\Admin\232c60f26d3af749d715224121dcd7c6.php 第 384 行.
NOTIC: [8] Undefined variable: username F:\newXAMPP\htdocs\thinkstudy\Application\Runtime\Cache\Admin\232c60f26d3af749d715224121dcd7c6.php 第 384 行.
INFO: Run Behavior\ParseTemplateBehavior [ RunTime:0.034460s ]
INFO: [ view_parse ] --END-- [ RunTime:0.034503s ]
INFO: [ view_filter ] --START--
INFO: Run Behavior\WriteHtmlCacheBehavior [ RunTime:0.000329s ]
INFO: [ view_filter ] --END-- [ RunTime:0.000355s ]
INFO: [ app_end ] --START--
INFO: Run Behavior\ShowPageTraceBehavior [ RunTime:0.000449s ]
INFO: [ app_end ] --END-- [ RunTime:0.000478s ]

[ 2017-04-26T20:02:18+08:00 ] ::1 /thinkstudy/index.php/Admin/User/checkinfo/sid/29/state/0.html
INFO: [ app_init ] --START--
INFO: Run Behavior\BuildLiteBehavior [ RunTime:0.000021s ]
INFO: [ app_init ] --END-- [ RunTime:0.000634s ]
INFO: [ app_begin ] --START--
INFO: Run Behavior\ReadHtmlCacheBehavior [ RunTime:0.000448s ]
INFO: [ app_begin ] --END-- [ RunTime:0.000483s ]
SQL: SHOW COLUMNS FROM `think_student` [ RunTime:0.0097s ]
SQL: UPDATE `think_student` SET `state`='0' WHERE ( sid=29 ) [ RunTime:0.0882s ]
NOTIC: [8] Use of undefined constant detailinfo - assumed 'detailinfo' F:\newXAMPP\htdocs\thinkstudy\Application\Admin\Controller\UserController.class.php 第 154 行.
INFO: [ view_parse ] --START--
INFO: [ template_filter ] --START--
INFO: Run Behavior\ContentReplaceBehavior [ RunTime:0.000029s ]
INFO: [ template_filter ] --END-- [ RunTime:0.000059s ]
INFO: Run Behavior\ParseTemplateBehavior [ RunTime:0.007404s ]
INFO: [ view_parse ] --END-- [ RunTime:0.007445s ]
INFO: [ view_filter ] --START--
INFO: Run Behavior\WriteHtmlCacheBehavior [ RunTime:0.000304s ]
INFO: [ view_filter ] --END-- [ RunTime:0.000331s ]
INFO: [ app_end ] --START--
INFO: Run Behavior\ShowPageTraceBehavior [ RunTime:0.000442s ]
INFO: [ app_end ] --END-- [ RunTime:0.000478s ]

[ 2017-04-26T20:02:19+08:00 ] ::1 /thinkstudy/index.php/Admin/User/detailinfo/sid/29.html
INFO: [ app_init ] --START--
INFO: Run Behavior\BuildLiteBehavior [ RunTime:0.000009s ]
INFO: [ app_init ] --END-- [ RunTime:0.000381s ]
INFO: [ app_begin ] --START--
INFO: Run Behavior\ReadHtmlCacheBehavior [ RunTime:0.000433s ]
INFO: [ app_begin ] --END-- [ RunTime:0.000466s ]
SQL: SHOW COLUMNS FROM `think_student` [ RunTime:0.0086s ]
SQL: SELECT * FROM `think_student` WHERE ( sid=29 ) LIMIT 1   [ RunTime:0.0003s ]
NOTIC: [2048] Only variables should be passed by reference F:\newXAMPP\htdocs\thinkstudy\Application\Admin\Controller\UserController.class.php 第 138 行.
SQL: SHOW COLUMNS FROM `think_comment` [ RunTime:0.0117s ]
SQL: SELECT think_comment.sid,think_comment.id,think_comment.add_time,think_comment.author,think_comment.content,`pid`,think_comment.id,think_comment.pid FROM `think_comment` WHERE think_comment.pid = 0 AND think_comment.sid = 29  [ RunTime:0.0002s ]
INFO: [ view_parse ] --START--
INFO: [ template_filter ] --START--
INFO: Run Behavior\ContentReplaceBehavior [ RunTime:0.000113s ]
INFO: [ template_filter ] --END-- [ RunTime:0.000150s ]
NOTIC: [8] Undefined index: lsatdata F:\newXAMPP\htdocs\thinkstudy\Application\Runtime\Cache\Admin\232c60f26d3af749d715224121dcd7c6.php 第 277 行.
NOTIC: [8] Undefined variable: vo F:\newXAMPP\htdocs\thinkstudy\Application\Runtime\Cache\Admin\232c60f26d3af749d715224121dcd7c6.php 第 350 行.
NOTIC: [8] Undefined variable: vo F:\newXAMPP\htdocs\thinkstudy\Application\Runtime\Cache\Admin\232c60f26d3af749d715224121dcd7c6.php 第 381 行.
NOTIC: [8] Undefined variable: Article F:\newXAMPP\htdocs\thinkstudy\Application\Runtime\Cache\Admin\232c60f26d3af749d715224121dcd7c6.php 第 384 行.
NOTIC: [8] Undefined variable: vo F:\newXAMPP\htdocs\thinkstudy\Application\Runtime\Cache\Admin\232c60f26d3af749d715224121dcd7c6.php 第 384 行.
NOTIC: [8] Undefined variable: username F:\newXAMPP\htdocs\thinkstudy\Application\Runtime\Cache\Admin\232c60f26d3af749d715224121dcd7c6.php 第 384 行.
INFO: Run Behavior\ParseTemplateBehavior [ RunTime:0.030223s ]
INFO: [ view_parse ] --END-- [ RunTime:0.030261s ]
INFO: [ view_filter ] --START--
INFO: Run Behavior\WriteHtmlCacheBehavior [ RunTime:0.000319s ]
INFO: [ view_filter ] --END-- [ RunTime:0.000346s ]
INFO: [ app_end ] --START--
INFO: Run Behavior\ShowPageTraceBehavior [ RunTime:0.000460s ]
INFO: [ app_end ] --END-- [ RunTime:0.000493s ]

[ 2017-04-26T20:02:21+08:00 ] ::1 /thinkstudy/index.php/Admin/User/read
INFO: [ app_init ] --START--
INFO: Run Behavior\BuildLiteBehavior [ RunTime:0.000016s ]
INFO: [ app_init ] --END-- [ RunTime:0.000549s ]
INFO: [ app_begin ] --START--
INFO: Run Behavior\ReadHtmlCacheBehavior [ RunTime:0.000505s ]
INFO: [ app_begin ] --END-- [ RunTime:0.000541s ]
SQL: SHOW COLUMNS FROM `think_student` [ RunTime:0.0113s ]
SQL: SELECT COUNT(*) AS tp_count FROM `think_student` LIMIT 1   [ RunTime:0.0009s ]
SQL: SELECT * FROM `think_student` ORDER BY sid LIMIT 0,10   [ RunTime:0.0004s ]
INFO: [ view_parse ] --START--
INFO: [ template_filter ] --START--
INFO: Run Behavior\ContentReplaceBehavior [ RunTime:0.000051s ]
INFO: [ template_filter ] --END-- [ RunTime:0.000081s ]
INFO: Run Behavior\ParseTemplateBehavior [ RunTime:0.013513s ]
INFO: [ view_parse ] --END-- [ RunTime:0.013560s ]
INFO: [ view_filter ] --START--
INFO: Run Behavior\WriteHtmlCacheBehavior [ RunTime:0.000306s ]
INFO: [ view_filter ] --END-- [ RunTime:0.000334s ]
INFO: [ app_end ] --START--
INFO: Run Behavior\ShowPageTraceBehavior [ RunTime:0.000434s ]
INFO: [ app_end ] --END-- [ RunTime:0.000461s ]

[ 2017-04-26T20:02:26+08:00 ] ::1 /thinkstudy/index.php/Admin/User/detailinfo/sid/29.html
INFO: [ app_init ] --START--
INFO: Run Behavior\BuildLiteBehavior [ RunTime:0.000009s ]
INFO: [ app_init ] --END-- [ RunTime:0.000378s ]
INFO: [ app_begin ] --START--
INFO: Run Behavior\ReadHtmlCacheBehavior [ RunTime:0.000467s ]
INFO: [ app_begin ] --END-- [ RunTime:0.000512s ]
SQL: SHOW COLUMNS FROM `think_student` [ RunTime:0.0090s ]
SQL: SELECT * FROM `think_student` WHERE ( sid=29 ) LIMIT 1   [ RunTime:0.0004s ]
NOTIC: [2048] Only variables should be passed by reference F:\newXAMPP\htdocs\thinkstudy\Application\Admin\Controller\UserController.class.php 第 138 行.
SQL: SHOW COLUMNS FROM `think_comment` [ RunTime:0.0119s ]
SQL: SELECT think_comment.sid,think_comment.id,think_comment.add_time,think_comment.author,think_comment.content,`pid`,think_comment.id,think_comment.pid FROM `think_comment` WHERE think_comment.pid = 0 AND think_comment.sid = 29  [ RunTime:0.0003s ]
INFO: [ view_parse ] --START--
INFO: [ template_filter ] --START--
INFO: Run Behavior\ContentReplaceBehavior [ RunTime:0.000113s ]
INFO: [ template_filter ] --END-- [ RunTime:0.000149s ]
NOTIC: [8] Undefined index: lsatdata F:\newXAMPP\htdocs\thinkstudy\Application\Runtime\Cache\Admin\232c60f26d3af749d715224121dcd7c6.php 第 277 行.
NOTIC: [8] Undefined variable: vo F:\newXAMPP\htdocs\thinkstudy\Application\Runtime\Cache\Admin\232c60f26d3af749d715224121dcd7c6.php 第 350 行.
NOTIC: [8] Undefined variable: vo F:\newXAMPP\htdocs\thinkstudy\Application\Runtime\Cache\Admin\232c60f26d3af749d715224121dcd7c6.php 第 381 行.
NOTIC: [8] Undefined variable: Article F:\newXAMPP\htdocs\thinkstudy\Application\Runtime\Cache\Admin\232c60f26d3af749d715224121dcd7c6.php 第 384 行.
NOTIC: [8] Undefined variable: vo F:\newXAMPP\htdocs\thinkstudy\Application\Runtime\Cache\Admin\232c60f26d3af749d715224121dcd7c6.php 第 384 行.
NOTIC: [8] Undefined variable: username F:\newXAMPP\htdocs\thinkstudy\Application\Runtime\Cache\Admin\232c60f26d3af749d715224121dcd7c6.php 第 384 行.
INFO: Run Behavior\ParseTemplateBehavior [ RunTime:0.030913s ]
INFO: [ view_parse ] --END-- [ RunTime:0.030955s ]
INFO: [ view_filter ] --START--
INFO: Run Behavior\WriteHtmlCacheBehavior [ RunTime:0.000340s ]
INFO: [ view_filter ] --END-- [ RunTime:0.000368s ]
INFO: [ app_end ] --START--
INFO: Run Behavior\ShowPageTraceBehavior [ RunTime:0.000447s ]
INFO: [ app_end ] --END-- [ RunTime:0.000478s ]

[ 2017-04-26T20:02:33+08:00 ] ::1 /thinkstudy/index.php/Admin/User/add
INFO: [ app_init ] --START--
INFO: Run Behavior\BuildLiteBehavior [ RunTime:0.000008s ]
INFO: [ app_init ] --END-- [ RunTime:0.000388s ]
INFO: [ app_begin ] --START--
INFO: Run Behavior\ReadHtmlCacheBehavior [ RunTime:0.000479s ]
INFO: [ app_begin ] --END-- [ RunTime:0.000516s ]
SQL: SHOW COLUMNS FROM `think_user` [ RunTime:0.0089s ]
SQL: SELECT * FROM `think_user` WHERE ( usertype=2 )  [ RunTime:0.0002s ]
INFO: [ view_parse ] --START--
INFO: [ template_filter ] --START--
INFO: Run Behavior\ContentReplaceBehavior [ RunTime:0.000068s ]
INFO: [ template_filter ] --END-- [ RunTime:0.000101s ]
INFO: Run Behavior\ParseTemplateBehavior [ RunTime:0.018590s ]
INFO: [ view_parse ] --END-- [ RunTime:0.018634s ]
INFO: [ view_filter ] --START--
INFO: Run Behavior\WriteHtmlCacheBehavior [ RunTime:0.000330s ]
INFO: [ view_filter ] --END-- [ RunTime:0.000356s ]
INFO: [ app_end ] --START--
INFO: Run Behavior\ShowPageTraceBehavior [ RunTime:0.000599s ]
INFO: [ app_end ] --END-- [ RunTime:0.000635s ]

[ 2017-04-26T20:02:42+08:00 ] ::1 /thinkstudy/index.php/Admin/User/insertstudent
INFO: [ app_init ] --START--
INFO: Run Behavior\BuildLiteBehavior [ RunTime:0.000009s ]
INFO: [ app_init ] --END-- [ RunTime:0.000382s ]
INFO: [ app_begin ] --START--
INFO: Run Behavior\ReadHtmlCacheBehavior [ RunTime:0.000812s ]
INFO: [ app_begin ] --END-- [ RunTime:0.000946s ]
SQL: SHOW COLUMNS FROM `think_student` [ RunTime:0.0107s ]
NOTIC: [8] Undefined index: validate F:\newXAMPP\htdocs\thinkstudy\ThinkPHP\Library\Think\Model.class.php 第 1185 行.
SQL: SELECT * FROM `think_student` WHERE `name` = 'bbbb' LIMIT 1   [ RunTime:0.0004s ]
NOTIC: [8] Undefined index: auto F:\newXAMPP\htdocs\thinkstudy\ThinkPHP\Library\Think\Model.class.php 第 1128 行.
SQL: INSERT INTO `think_student` (`name`,`gender`,`dataofbirth`,`introducename`,`fixedline`,`telephone`,`registered`,`infotype`,`university`,`education`,`major`,`email`,`graduatedate`,`studyabroad`,`abroaddate`,`grade`,`sat1`,`sat1date`,`sat2`,`sat2date`,`toefl`,`toefldate`,`telts`,`teltsdate`,`gmat`,`gmatdate`,`grt`,`grtdate`,`lsat`,`lsatdate`) VALUES ('bbbb','男','','测试','','','','来电','','本科','','','','','','','','','','','','','','','','','','','','') [ RunTime:0.0663s ]

[ 2017-04-26T20:02:42+08:00 ] ::1 /thinkstudy/index.php/Admin/User/read.html
INFO: [ app_init ] --START--
INFO: Run Behavior\BuildLiteBehavior [ RunTime:0.000010s ]
INFO: [ app_init ] --END-- [ RunTime:0.000399s ]
INFO: [ app_begin ] --START--
INFO: Run Behavior\ReadHtmlCacheBehavior [ RunTime:0.000435s ]
INFO: [ app_begin ] --END-- [ RunTime:0.000468s ]
SQL: SHOW COLUMNS FROM `think_student` [ RunTime:0.0070s ]
SQL: SELECT COUNT(*) AS tp_count FROM `think_student` LIMIT 1   [ RunTime:0.0002s ]
SQL: SELECT * FROM `think_student` ORDER BY sid LIMIT 0,10   [ RunTime:0.0004s ]
INFO: [ view_parse ] --START--
INFO: [ template_filter ] --START--
INFO: Run Behavior\ContentReplaceBehavior [ RunTime:0.000155s ]
INFO: [ template_filter ] --END-- [ RunTime:0.000232s ]
INFO: Run Behavior\ParseTemplateBehavior [ RunTime:0.015892s ]
INFO: [ view_parse ] --END-- [ RunTime:0.015939s ]
INFO: [ view_filter ] --START--
INFO: Run Behavior\WriteHtmlCacheBehavior [ RunTime:0.000316s ]
INFO: [ view_filter ] --END-- [ RunTime:0.000345s ]
INFO: [ app_end ] --START--
INFO: Run Behavior\ShowPageTraceBehavior [ RunTime:0.000449s ]
INFO: [ app_end ] --END-- [ RunTime:0.000479s ]

[ 2017-04-26T20:02:50+08:00 ] ::1 /thinkstudy/index.php/Admin/Index/adduser
INFO: [ app_init ] --START--
INFO: Run Behavior\BuildLiteBehavior [ RunTime:0.000008s ]
INFO: [ app_init ] --END-- [ RunTime:0.000380s ]
INFO: [ app_begin ] --START--
INFO: Run Behavior\ReadHtmlCacheBehavior [ RunTime:0.000434s ]
INFO: [ app_begin ] --END-- [ RunTime:0.000468s ]
INFO: [ view_parse ] --START--
INFO: [ template_filter ] --START--
INFO: Run Behavior\ContentReplaceBehavior [ RunTime:0.000127s ]
INFO: [ template_filter ] --END-- [ RunTime:0.000249s ]
INFO: Run Behavior\ParseTemplateBehavior [ RunTime:0.014455s ]
INFO: [ view_parse ] --END-- [ RunTime:0.014501s ]
INFO: [ view_filter ] --START--
INFO: Run Behavior\WriteHtmlCacheBehavior [ RunTime:0.000309s ]
INFO: [ view_filter ] --END-- [ RunTime:0.000335s ]
INFO: [ app_end ] --START--
INFO: Run Behavior\ShowPageTraceBehavior [ RunTime:0.000474s ]
INFO: [ app_end ] --END-- [ RunTime:0.000502s ]

[ 2017-04-26T20:03:04+08:00 ] ::1 /thinkstudy/index.php/Admin/Login/logout
INFO: [ app_init ] --START--
INFO: Run Behavior\BuildLiteBehavior [ RunTime:0.000011s ]
INFO: [ app_init ] --END-- [ RunTime:0.000422s ]
INFO: [ app_begin ] --START--
INFO: Run Behavior\ReadHtmlCacheBehavior [ RunTime:0.000440s ]
INFO: [ app_begin ] --END-- [ RunTime:0.000476s ]
NOTIC: [8] Use of undefined constant index - assumed 'index' F:\newXAMPP\htdocs\thinkstudy\Application\Admin\Controller\LoginController.class.php 第 56 行.

[ 2017-04-26T20:03:04+08:00 ] ::1 /thinkstudy/index.php/Admin/Login/index.html
INFO: [ app_init ] --START--
INFO: Run Behavior\BuildLiteBehavior [ RunTime:0.000010s ]
INFO: [ app_init ] --END-- [ RunTime:0.000397s ]
INFO: [ app_begin ] --START--
INFO: Run Behavior\ReadHtmlCacheBehavior [ RunTime:0.001103s ]
INFO: [ app_begin ] --END-- [ RunTime:0.001204s ]
INFO: [ view_parse ] --START--
INFO: [ template_filter ] --START--
INFO: Run Behavior\ContentReplaceBehavior [ RunTime:0.000049s ]
INFO: [ template_filter ] --END-- [ RunTime:0.000100s ]
INFO: Run Behavior\ParseTemplateBehavior [ RunTime:0.010208s ]
INFO: [ view_parse ] --END-- [ RunTime:0.010272s ]
INFO: [ view_filter ] --START--
INFO: Run Behavior\WriteHtmlCacheBehavior [ RunTime:0.000366s ]
INFO: [ view_filter ] --END-- [ RunTime:0.000395s ]
INFO: [ app_end ] --START--
INFO: Run Behavior\ShowPageTraceBehavior [ RunTime:0.000486s ]
INFO: [ app_end ] --END-- [ RunTime:0.000518s ]

[ 2017-04-26T20:03:04+08:00 ] ::1 /thinkstudy/index.php/Admin/Login/verify
INFO: [ app_init ] --START--
INFO: Run Behavior\BuildLiteBehavior [ RunTime:0.000011s ]
INFO: [ app_init ] --END-- [ RunTime:0.000727s ]
INFO: [ app_begin ] --START--
INFO: Run Behavior\ReadHtmlCacheBehavior [ RunTime:0.001008s ]
INFO: [ app_begin ] --END-- [ RunTime:0.001051s ]
INFO: [ app_end ] --START--
INFO: Run Behavior\ShowPageTraceBehavior [ RunTime:0.000923s ]
INFO: [ app_end ] --END-- [ RunTime:0.000972s ]

[ 2017-04-26T20:03:14+08:00 ] ::1 /thinkstudy/index.php/Admin/Login/login
INFO: [ app_init ] --START--
INFO: Run Behavior\BuildLiteBehavior [ RunTime:0.000009s ]
INFO: [ app_init ] --END-- [ RunTime:0.000389s ]
INFO: [ app_begin ] --START--
INFO: Run Behavior\ReadHtmlCacheBehavior [ RunTime:0.001047s ]
INFO: [ app_begin ] --END-- [ RunTime:0.001158s ]
SQL: SHOW COLUMNS FROM `think_user` [ RunTime:0.0102s ]
NOTIC: [8] Undefined index: validate F:\newXAMPP\htdocs\thinkstudy\ThinkPHP\Library\Think\Model.class.php 第 1185 行.
NOTIC: [2] call_user_func_array() expects parameter 1 to be a valid callback, function 'checkName' not found or invalid function name F:\newXAMPP\htdocs\thinkstudy\ThinkPHP\Library\Think\Model.class.php 第 1279 行.
NOTIC: [2] call_user_func_array() expects parameter 1 to be a valid callback, function 'checkPwd' not found or invalid function name F:\newXAMPP\htdocs\thinkstudy\ThinkPHP\Library\Think\Model.class.php 第 1279 行.
NOTIC: [8] Undefined index: auto F:\newXAMPP\htdocs\thinkstudy\ThinkPHP\Library\Think\Model.class.php 第 1128 行.
SQL: SELECT * FROM `think_user` WHERE ( username='admin' and userpassword='admin' ) LIMIT 1   [ RunTime:0.0003s ]
INFO: [ view_parse ] --START--
INFO: [ template_filter ] --START--
INFO: Run Behavior\ContentReplaceBehavior [ RunTime:0.000030s ]
INFO: [ template_filter ] --END-- [ RunTime:0.000071s ]
INFO: Run Behavior\ParseTemplateBehavior [ RunTime:0.011325s ]
INFO: [ view_parse ] --END-- [ RunTime:0.011384s ]
INFO: [ view_filter ] --START--
INFO: Run Behavior\WriteHtmlCacheBehavior [ RunTime:0.000703s ]
INFO: [ view_filter ] --END-- [ RunTime:0.000731s ]
INFO: [ app_end ] --START--
INFO: Run Behavior\ShowPageTraceBehavior [ RunTime:0.000510s ]
INFO: [ app_end ] --END-- [ RunTime:0.000538s ]

[ 2017-04-26T20:03:16+08:00 ] ::1 /thinkstudy/index.php/Admin/User/read.html
INFO: [ app_init ] --START--
INFO: Run Behavior\BuildLiteBehavior [ RunTime:0.000031s ]
INFO: [ app_init ] --END-- [ RunTime:0.000792s ]
INFO: [ app_begin ] --START--
INFO: Run Behavior\ReadHtmlCacheBehavior [ RunTime:0.000451s ]
INFO: [ app_begin ] --END-- [ RunTime:0.000486s ]
SQL: SHOW COLUMNS FROM `think_student` [ RunTime:0.0109s ]
SQL: SELECT COUNT(*) AS tp_count FROM `think_student` LIMIT 1   [ RunTime:0.0011s ]
SQL: SELECT * FROM `think_student` ORDER BY sid LIMIT 0,10   [ RunTime:0.0004s ]
INFO: [ view_parse ] --START--
INFO: [ template_filter ] --START--
INFO: Run Behavior\ContentReplaceBehavior [ RunTime:0.000054s ]
INFO: [ template_filter ] --END-- [ RunTime:0.000093s ]
INFO: Run Behavior\ParseTemplateBehavior [ RunTime:0.012862s ]
INFO: [ view_parse ] --END-- [ RunTime:0.012906s ]
INFO: [ view_filter ] --START--
INFO: Run Behavior\WriteHtmlCacheBehavior [ RunTime:0.000323s ]
INFO: [ view_filter ] --END-- [ RunTime:0.000375s ]
INFO: [ app_end ] --START--
INFO: Run Behavior\ShowPageTraceBehavior [ RunTime:0.000470s ]
INFO: [ app_end ] --END-- [ RunTime:0.000502s ]

[ 2017-04-26T20:03:20+08:00 ] ::1 /thinkstudy/index.php/Admin/Index/index
INFO: [ app_init ] --START--
INFO: Run Behavior\BuildLiteBehavior [ RunTime:0.000033s ]
INFO: [ app_init ] --END-- [ RunTime:0.001024s ]
INFO: [ app_begin ] --START--
INFO: Run Behavior\ReadHtmlCacheBehavior [ RunTime:0.000489s ]
INFO: [ app_begin ] --END-- [ RunTime:0.000530s ]
SQL: SHOW COLUMNS FROM `think_user` [ RunTime:0.0092s ]
SQL: SELECT COUNT(*) AS tp_count FROM `think_user` LIMIT 1   [ RunTime:0.0003s ]
SQL: SELECT * FROM `think_user` ORDER BY uid LIMIT 0,12   [ RunTime:0.0003s ]
INFO: [ view_parse ] --START--
INFO: [ template_filter ] --START--
INFO: Run Behavior\ContentReplaceBehavior [ RunTime:0.000046s ]
INFO: [ template_filter ] --END-- [ RunTime:0.000080s ]
INFO: Run Behavior\ParseTemplateBehavior [ RunTime:0.011580s ]
INFO: [ view_parse ] --END-- [ RunTime:0.011622s ]
INFO: [ view_filter ] --START--
INFO: Run Behavior\WriteHtmlCacheBehavior [ RunTime:0.000313s ]
INFO: [ view_filter ] --END-- [ RunTime:0.000341s ]
INFO: [ app_end ] --START--
INFO: Run Behavior\ShowPageTraceBehavior [ RunTime:0.000441s ]
INFO: [ app_end ] --END-- [ RunTime:0.000469s ]

[ 2017-04-26T20:03:24+08:00 ] ::1 /thinkstudy/index.php/Admin/Index/edituser/uid/7.html
INFO: [ app_init ] --START--
INFO: Run Behavior\BuildLiteBehavior [ RunTime:0.000008s ]
INFO: [ app_init ] --END-- [ RunTime:0.000370s ]
INFO: [ app_begin ] --START--
INFO: Run Behavior\ReadHtmlCacheBehavior [ RunTime:0.000448s ]
INFO: [ app_begin ] --END-- [ RunTime:0.000483s ]
SQL: SHOW COLUMNS FROM `think_user` [ RunTime:0.0120s ]
SQL: SELECT * FROM `think_user` WHERE ( uid=7 ) LIMIT 1   [ RunTime:0.0009s ]
INFO: [ view_parse ] --START--
INFO: [ template_filter ] --START--
INFO: Run Behavior\ContentReplaceBehavior [ RunTime:0.000048s ]
INFO: [ template_filter ] --END-- [ RunTime:0.000082s ]
INFO: Run Behavior\ParseTemplateBehavior [ RunTime:0.012097s ]
INFO: [ view_parse ] --END-- [ RunTime:0.012147s ]
INFO: [ view_filter ] --START--
INFO: Run Behavior\WriteHtmlCacheBehavior [ RunTime:0.000313s ]
INFO: [ view_filter ] --END-- [ RunTime:0.000341s ]
INFO: [ app_end ] --START--
INFO: Run Behavior\ShowPageTraceBehavior [ RunTime:0.000443s ]
INFO: [ app_end ] --END-- [ RunTime:0.000471s ]

[ 2017-04-26T20:03:27+08:00 ] ::1 /thinkstudy/index.php/Admin/Login/logout
INFO: [ app_init ] --START--
INFO: Run Behavior\BuildLiteBehavior [ RunTime:0.000012s ]
INFO: [ app_init ] --END-- [ RunTime:0.000633s ]
INFO: [ app_begin ] --START--
INFO: Run Behavior\ReadHtmlCacheBehavior [ RunTime:0.000460s ]
INFO: [ app_begin ] --END-- [ RunTime:0.000495s ]
NOTIC: [8] Use of undefined constant index - assumed 'index' F:\newXAMPP\htdocs\thinkstudy\Application\Admin\Controller\LoginController.class.php 第 56 行.

[ 2017-04-26T20:03:27+08:00 ] ::1 /thinkstudy/index.php/Admin/Login/index.html
INFO: [ app_init ] --START--
INFO: Run Behavior\BuildLiteBehavior [ RunTime:0.000008s ]
INFO: [ app_init ] --END-- [ RunTime:0.000372s ]
INFO: [ app_begin ] --START--
INFO: Run Behavior\ReadHtmlCacheBehavior [ RunTime:0.000537s ]
INFO: [ app_begin ] --END-- [ RunTime:0.000584s ]
INFO: [ view_parse ] --START--
INFO: [ template_filter ] --START--
INFO: Run Behavior\ContentReplaceBehavior [ RunTime:0.000037s ]
INFO: [ template_filter ] --END-- [ RunTime:0.000069s ]
INFO: Run Behavior\ParseTemplateBehavior [ RunTime:0.008670s ]
INFO: [ view_parse ] --END-- [ RunTime:0.008713s ]
INFO: [ view_filter ] --START--
INFO: Run Behavior\WriteHtmlCacheBehavior [ RunTime:0.000318s ]
INFO: [ view_filter ] --END-- [ RunTime:0.000346s ]
INFO: [ app_end ] --START--
INFO: Run Behavior\ShowPageTraceBehavior [ RunTime:0.000450s ]
INFO: [ app_end ] --END-- [ RunTime:0.000480s ]

[ 2017-04-26T20:03:27+08:00 ] ::1 /thinkstudy/index.php/Admin/Login/verify
INFO: [ app_init ] --START--
INFO: Run Behavior\BuildLiteBehavior [ RunTime:0.000014s ]
INFO: [ app_init ] --END-- [ RunTime:0.000969s ]
INFO: [ app_begin ] --START--
INFO: Run Behavior\ReadHtmlCacheBehavior [ RunTime:0.002989s ]
INFO: [ app_begin ] --END-- [ RunTime:0.003210s ]
INFO: [ app_end ] --START--
INFO: Run Behavior\ShowPageTraceBehavior [ RunTime:0.000828s ]
INFO: [ app_end ] --END-- [ RunTime:0.000875s ]

[ 2017-04-26T20:03:34+08:00 ] ::1 /thinkstudy/index.php/Admin/Login/login
INFO: [ app_init ] --START--
INFO: Run Behavior\BuildLiteBehavior [ RunTime:0.000053s ]
INFO: [ app_init ] --END-- [ RunTime:0.001180s ]
INFO: [ app_begin ] --START--
INFO: Run Behavior\ReadHtmlCacheBehavior [ RunTime:0.000538s ]
INFO: [ app_begin ] --END-- [ RunTime:0.000597s ]
SQL: SHOW COLUMNS FROM `think_user` [ RunTime:0.0100s ]
NOTIC: [8] Undefined index: validate F:\newXAMPP\htdocs\thinkstudy\ThinkPHP\Library\Think\Model.class.php 第 1185 行.
NOTIC: [2] call_user_func_array() expects parameter 1 to be a valid callback, function 'checkName' not found or invalid function name F:\newXAMPP\htdocs\thinkstudy\ThinkPHP\Library\Think\Model.class.php 第 1279 行.
NOTIC: [2] call_user_func_array() expects parameter 1 to be a valid callback, function 'checkPwd' not found or invalid function name F:\newXAMPP\htdocs\thinkstudy\ThinkPHP\Library\Think\Model.class.php 第 1279 行.
NOTIC: [8] Undefined index: auto F:\newXAMPP\htdocs\thinkstudy\ThinkPHP\Library\Think\Model.class.php 第 1128 行.
SQL: SELECT * FROM `think_user` WHERE ( username='aa' and userpassword='aa' ) LIMIT 1   [ RunTime:0.0003s ]
INFO: [ view_parse ] --START--
INFO: [ template_filter ] --START--
INFO: Run Behavior\ContentReplaceBehavior [ RunTime:0.000033s ]
INFO: [ template_filter ] --END-- [ RunTime:0.000082s ]
INFO: Run Behavior\ParseTemplateBehavior [ RunTime:0.011371s ]
INFO: [ view_parse ] --END-- [ RunTime:0.011421s ]
INFO: [ view_filter ] --START--
INFO: Run Behavior\WriteHtmlCacheBehavior [ RunTime:0.000718s ]
INFO: [ view_filter ] --END-- [ RunTime:0.000750s ]
INFO: [ app_end ] --START--
INFO: Run Behavior\ShowPageTraceBehavior [ RunTime:0.000533s ]
INFO: [ app_end ] --END-- [ RunTime:0.000565s ]

[ 2017-04-26T20:03:35+08:00 ] ::1 /thinkstudy/index.php/Admin/User/read.html
INFO: [ app_init ] --START--
INFO: Run Behavior\BuildLiteBehavior [ RunTime:0.000036s ]
INFO: [ app_init ] --END-- [ RunTime:0.000786s ]
INFO: [ app_begin ] --START--
INFO: Run Behavior\ReadHtmlCacheBehavior [ RunTime:0.000438s ]
INFO: [ app_begin ] --END-- [ RunTime:0.000473s ]
SQL: SHOW COLUMNS FROM `think_student` [ RunTime:0.0089s ]
SQL: SELECT COUNT(*) AS tp_count FROM `think_student` LIMIT 1   [ RunTime:0.0002s ]
SQL: SELECT * FROM `think_student` ORDER BY sid LIMIT 0,10   [ RunTime:0.0003s ]
INFO: [ view_parse ] --START--
INFO: [ template_filter ] --START--
INFO: Run Behavior\ContentReplaceBehavior [ RunTime:0.000055s ]
INFO: [ template_filter ] --END-- [ RunTime:0.000098s ]
INFO: Run Behavior\ParseTemplateBehavior [ RunTime:0.016112s ]
INFO: [ view_parse ] --END-- [ RunTime:0.016156s ]
INFO: [ view_filter ] --START--
INFO: Run Behavior\WriteHtmlCacheBehavior [ RunTime:0.000309s ]
INFO: [ view_filter ] --END-- [ RunTime:0.000337s ]
INFO: [ app_end ] --START--
INFO: Run Behavior\ShowPageTraceBehavior [ RunTime:0.000444s ]
INFO: [ app_end ] --END-- [ RunTime:0.000473s ]

[ 2017-04-26T20:03:50+08:00 ] ::1 /thinkstudy/index.php/Admin/User/detailinfo/sid/27.html
INFO: [ app_init ] --START--
INFO: Run Behavior\BuildLiteBehavior [ RunTime:0.000010s ]
INFO: [ app_init ] --END-- [ RunTime:0.000379s ]
INFO: [ app_begin ] --START--
INFO: Run Behavior\ReadHtmlCacheBehavior [ RunTime:0.000602s ]
INFO: [ app_begin ] --END-- [ RunTime:0.000655s ]
SQL: SHOW COLUMNS FROM `think_student` [ RunTime:0.0101s ]
SQL: SELECT * FROM `think_student` WHERE ( sid=27 ) LIMIT 1   [ RunTime:0.0003s ]
NOTIC: [2048] Only variables should be passed by reference F:\newXAMPP\htdocs\thinkstudy\Application\Admin\Controller\UserController.class.php 第 138 行.
SQL: SHOW COLUMNS FROM `think_comment` [ RunTime:0.0079s ]
SQL: SELECT think_comment.sid,think_comment.id,think_comment.add_time,think_comment.author,think_comment.content,`pid`,think_comment.id,think_comment.pid FROM `think_comment` WHERE think_comment.pid = 0 AND think_comment.sid = 27  [ RunTime:0.0003s ]
SQL: SELECT think_comment.sid,think_comment.id,think_comment.add_time,think_comment.author,think_comment.content,`pid`,think_comment.id,think_comment.pid FROM `think_comment` WHERE think_comment.pid = '35' AND think_comment.sid = '27'  [ RunTime:0.0002s ]
SQL: SELECT think_comment.sid,think_comment.id,think_comment.add_time,think_comment.author,think_comment.content,`pid`,think_comment.id,think_comment.pid FROM `think_comment` WHERE think_comment.pid = '37' AND think_comment.sid = '27'  [ RunTime:0.0002s ]
SQL: SELECT think_comment.sid,think_comment.id,think_comment.add_time,think_comment.author,think_comment.content,`pid`,think_comment.id,think_comment.pid FROM `think_comment` WHERE think_comment.pid = '40' AND think_comment.sid = '27'  [ RunTime:0.0002s ]
SQL: SELECT think_comment.sid,think_comment.id,think_comment.add_time,think_comment.author,think_comment.content,`pid`,think_comment.id,think_comment.pid FROM `think_comment` WHERE think_comment.pid = '41' AND think_comment.sid = '27'  [ RunTime:0.0002s ]
SQL: SELECT think_comment.sid,think_comment.id,think_comment.add_time,think_comment.author,think_comment.content,`pid`,think_comment.id,think_comment.pid FROM `think_comment` WHERE think_comment.pid = '36' AND think_comment.sid = '27'  [ RunTime:0.0002s ]
SQL: SELECT think_comment.sid,think_comment.id,think_comment.add_time,think_comment.author,think_comment.content,`pid`,think_comment.id,think_comment.pid FROM `think_comment` WHERE think_comment.pid = '42' AND think_comment.sid = '27'  [ RunTime:0.0002s ]
SQL: SELECT think_comment.sid,think_comment.id,think_comment.add_time,think_comment.author,think_comment.content,`pid`,think_comment.id,think_comment.pid FROM `think_comment` WHERE think_comment.pid = '43' AND think_comment.sid = '27'  [ RunTime:0.0002s ]
SQL: SELECT think_comment.sid,think_comment.id,think_comment.add_time,think_comment.author,think_comment.content,`pid`,think_comment.id,think_comment.pid FROM `think_comment` WHERE think_comment.pid = '44' AND think_comment.sid = '27'  [ RunTime:0.0001s ]
INFO: [ view_parse ] --START--
INFO: [ template_filter ] --START--
INFO: Run Behavior\ContentReplaceBehavior [ RunTime:0.000096s ]
INFO: [ template_filter ] --END-- [ RunTime:0.000129s ]
NOTIC: [8] Undefined index: lsatdata F:\newXAMPP\htdocs\thinkstudy\Application\Runtime\Cache\Admin\232c60f26d3af749d715224121dcd7c6.php 第 277 行.
NOTIC: [8] Undefined variable: vo F:\newXAMPP\htdocs\thinkstudy\Application\Runtime\Cache\Admin\232c60f26d3af749d715224121dcd7c6.php 第 350 行.
NOTIC: [8] Undefined variable: Article F:\newXAMPP\htdocs\thinkstudy\Application\Runtime\Cache\Admin\232c60f26d3af749d715224121dcd7c6.php 第 384 行.
NOTIC: [8] Undefined variable: username F:\newXAMPP\htdocs\thinkstudy\Application\Runtime\Cache\Admin\232c60f26d3af749d715224121dcd7c6.php 第 384 行.
INFO: Run Behavior\ParseTemplateBehavior [ RunTime:0.035089s ]
INFO: [ view_parse ] --END-- [ RunTime:0.035126s ]
INFO: [ view_filter ] --START--
INFO: Run Behavior\WriteHtmlCacheBehavior [ RunTime:0.000318s ]
INFO: [ view_filter ] --END-- [ RunTime:0.000346s ]
INFO: [ app_end ] --START--
INFO: Run Behavior\ShowPageTraceBehavior [ RunTime:0.000484s ]
INFO: [ app_end ] --END-- [ RunTime:0.000522s ]

[ 2017-04-26T20:03:56+08:00 ] ::1 /thinkstudy/index.php/Admin/Comment/addComment.html
INFO: [ app_init ] --START--
INFO: Run Behavior\BuildLiteBehavior [ RunTime:0.000019s ]
INFO: [ app_init ] --END-- [ RunTime:0.001604s ]
INFO: [ app_begin ] --START--
INFO: Run Behavior\ReadHtmlCacheBehavior [ RunTime:0.000705s ]
INFO: [ app_begin ] --END-- [ RunTime:0.000787s ]
SQL: SHOW COLUMNS FROM `think_comment` [ RunTime:0.0118s ]
NOTIC: [8] Undefined index: auto F:\newXAMPP\htdocs\thinkstudy\ThinkPHP\Library\Think\Model.class.php 第 1128 行.
SQL: INSERT INTO `think_comment` (`content`,`ip`,`add_time`,`pid`,`author`,`sid`) VALUES ('sss','0.0.0.0','1493208236','0','aa','27') [ RunTime:0.0472s ]
INFO: [ view_parse ] --START--
INFO: [ template_filter ] --START--
INFO: Run Behavior\ContentReplaceBehavior [ RunTime:0.000033s ]
INFO: [ template_filter ] --END-- [ RunTime:0.000080s ]
INFO: Run Behavior\ParseTemplateBehavior [ RunTime:0.008475s ]
INFO: [ view_parse ] --END-- [ RunTime:0.008522s ]
INFO: [ view_filter ] --START--
INFO: Run Behavior\WriteHtmlCacheBehavior [ RunTime:0.000313s ]
INFO: [ view_filter ] --END-- [ RunTime:0.000342s ]
INFO: [ app_end ] --START--
INFO: Run Behavior\ShowPageTraceBehavior [ RunTime:0.000454s ]
INFO: [ app_end ] --END-- [ RunTime:0.000483s ]

[ 2017-04-26T20:03:57+08:00 ] ::1 /thinkstudy/index.php/Admin/User/detailinfo/sid/27.html
INFO: [ app_init ] --START--
INFO: Run Behavior\BuildLiteBehavior [ RunTime:0.000009s ]
INFO: [ app_init ] --END-- [ RunTime:0.000377s ]
INFO: [ app_begin ] --START--
INFO: Run Behavior\ReadHtmlCacheBehavior [ RunTime:0.000503s ]
INFO: [ app_begin ] --END-- [ RunTime:0.000547s ]
SQL: SHOW COLUMNS FROM `think_student` [ RunTime:0.0111s ]
SQL: SELECT * FROM `think_student` WHERE ( sid=27 ) LIMIT 1   [ RunTime:0.0014s ]
NOTIC: [2048] Only variables should be passed by reference F:\newXAMPP\htdocs\thinkstudy\Application\Admin\Controller\UserController.class.php 第 138 行.
SQL: SHOW COLUMNS FROM `think_comment` [ RunTime:0.0083s ]
SQL: SELECT think_comment.sid,think_comment.id,think_comment.add_time,think_comment.author,think_comment.content,`pid`,think_comment.id,think_comment.pid FROM `think_comment` WHERE think_comment.pid = 0 AND think_comment.sid = 27  [ RunTime:0.0002s ]
SQL: SELECT think_comment.sid,think_comment.id,think_comment.add_time,think_comment.author,think_comment.content,`pid`,think_comment.id,think_comment.pid FROM `think_comment` WHERE think_comment.pid = '35' AND think_comment.sid = '27'  [ RunTime:0.0001s ]
SQL: SELECT think_comment.sid,think_comment.id,think_comment.add_time,think_comment.author,think_comment.content,`pid`,think_comment.id,think_comment.pid FROM `think_comment` WHERE think_comment.pid = '37' AND think_comment.sid = '27'  [ RunTime:0.0001s ]
SQL: SELECT think_comment.sid,think_comment.id,think_comment.add_time,think_comment.author,think_comment.content,`pid`,think_comment.id,think_comment.pid FROM `think_comment` WHERE think_comment.pid = '40' AND think_comment.sid = '27'  [ RunTime:0.0001s ]
SQL: SELECT think_comment.sid,think_comment.id,think_comment.add_time,think_comment.author,think_comment.content,`pid`,think_comment.id,think_comment.pid FROM `think_comment` WHERE think_comment.pid = '41' AND think_comment.sid = '27'  [ RunTime:0.0002s ]
SQL: SELECT think_comment.sid,think_comment.id,think_comment.add_time,think_comment.author,think_comment.content,`pid`,think_comment.id,think_comment.pid FROM `think_comment` WHERE think_comment.pid = '36' AND think_comment.sid = '27'  [ RunTime:0.0001s ]
SQL: SELECT think_comment.sid,think_comment.id,think_comment.add_time,think_comment.author,think_comment.content,`pid`,think_comment.id,think_comment.pid FROM `think_comment` WHERE think_comment.pid = '42' AND think_comment.sid = '27'  [ RunTime:0.0001s ]
SQL: SELECT think_comment.sid,think_comment.id,think_comment.add_time,think_comment.author,think_comment.content,`pid`,think_comment.id,think_comment.pid FROM `think_comment` WHERE think_comment.pid = '43' AND think_comment.sid = '27'  [ RunTime:0.0001s ]
SQL: SELECT think_comment.sid,think_comment.id,think_comment.add_time,think_comment.author,think_comment.content,`pid`,think_comment.id,think_comment.pid FROM `think_comment` WHERE think_comment.pid = '44' AND think_comment.sid = '27'  [ RunTime:0.0001s ]
SQL: SELECT think_comment.sid,think_comment.id,think_comment.add_time,think_comment.author,think_comment.content,`pid`,think_comment.id,think_comment.pid FROM `think_comment` WHERE think_comment.pid = '46' AND think_comment.sid = '27'  [ RunTime:0.0001s ]
INFO: [ view_parse ] --START--
INFO: [ template_filter ] --START--
INFO: Run Behavior\ContentReplaceBehavior [ RunTime:0.000117s ]
INFO: [ template_filter ] --END-- [ RunTime:0.000155s ]
NOTIC: [8] Undefined index: lsatdata F:\newXAMPP\htdocs\thinkstudy\Application\Runtime\Cache\Admin\232c60f26d3af749d715224121dcd7c6.php 第 277 行.
NOTIC: [8] Undefined variable: vo F:\newXAMPP\htdocs\thinkstudy\Application\Runtime\Cache\Admin\232c60f26d3af749d715224121dcd7c6.php 第 350 行.
NOTIC: [8] Undefined variable: Article F:\newXAMPP\htdocs\thinkstudy\Application\Runtime\Cache\Admin\232c60f26d3af749d715224121dcd7c6.php 第 384 行.
NOTIC: [8] Undefined variable: username F:\newXAMPP\htdocs\thinkstudy\Application\Runtime\Cache\Admin\232c60f26d3af749d715224121dcd7c6.php 第 384 行.
INFO: Run Behavior\ParseTemplateBehavior [ RunTime:0.030651s ]
INFO: [ view_parse ] --END-- [ RunTime:0.030699s ]
INFO: [ view_filter ] --START--
INFO: Run Behavior\WriteHtmlCacheBehavior [ RunTime:0.000318s ]
INFO: [ view_filter ] --END-- [ RunTime:0.000346s ]
INFO: [ app_end ] --START--
INFO: Run Behavior\ShowPageTraceBehavior [ RunTime:0.000457s ]
INFO: [ app_end ] --END-- [ RunTime:0.000491s ]

[ 2017-04-26T20:04:00+08:00 ] ::1 /thinkstudy/index.php/Admin/User/read
INFO: [ app_init ] --START--
INFO: Run Behavior\BuildLiteBehavior [ RunTime:0.000009s ]
INFO: [ app_init ] --END-- [ RunTime:0.000380s ]
INFO: [ app_begin ] --START--
INFO: Run Behavior\ReadHtmlCacheBehavior [ RunTime:0.000454s ]
INFO: [ app_begin ] --END-- [ RunTime:0.000490s ]
SQL: SHOW COLUMNS FROM `think_student` [ RunTime:0.0099s ]
SQL: SELECT COUNT(*) AS tp_count FROM `think_student` LIMIT 1   [ RunTime:0.0012s ]
SQL: SELECT * FROM `think_student` ORDER BY sid LIMIT 0,10   [ RunTime:0.0007s ]
INFO: [ view_parse ] --START--
INFO: [ template_filter ] --START--
INFO: Run Behavior\ContentReplaceBehavior [ RunTime:0.000053s ]
INFO: [ template_filter ] --END-- [ RunTime:0.000086s ]
INFO: Run Behavior\ParseTemplateBehavior [ RunTime:0.012500s ]
INFO: [ view_parse ] --END-- [ RunTime:0.012544s ]
INFO: [ view_filter ] --START--
INFO: Run Behavior\WriteHtmlCacheBehavior [ RunTime:0.000324s ]
INFO: [ view_filter ] --END-- [ RunTime:0.000351s ]
INFO: [ app_end ] --START--
INFO: Run Behavior\ShowPageTraceBehavior [ RunTime:0.000456s ]
INFO: [ app_end ] --END-- [ RunTime:0.000483s ]

[ 2017-04-26T20:04:04+08:00 ] ::1 /thinkstudy/index.php/Admin/User/detailinfo/sid/28.html
INFO: [ app_init ] --START--
INFO: Run Behavior\BuildLiteBehavior [ RunTime:0.000010s ]
INFO: [ app_init ] --END-- [ RunTime:0.000382s ]
INFO: [ app_begin ] --START--
INFO: Run Behavior\ReadHtmlCacheBehavior [ RunTime:0.000432s ]
INFO: [ app_begin ] --END-- [ RunTime:0.000465s ]
SQL: SHOW COLUMNS FROM `think_student` [ RunTime:0.0091s ]
SQL: SELECT * FROM `think_student` WHERE ( sid=28 ) LIMIT 1   [ RunTime:0.0003s ]
NOTIC: [2048] Only variables should be passed by reference F:\newXAMPP\htdocs\thinkstudy\Application\Admin\Controller\UserController.class.php 第 138 行.
SQL: SHOW COLUMNS FROM `think_comment` [ RunTime:0.0076s ]
SQL: SELECT think_comment.sid,think_comment.id,think_comment.add_time,think_comment.author,think_comment.content,`pid`,think_comment.id,think_comment.pid FROM `think_comment` WHERE think_comment.pid = 0 AND think_comment.sid = 28  [ RunTime:0.0002s ]
SQL: SELECT think_comment.sid,think_comment.id,think_comment.add_time,think_comment.author,think_comment.content,`pid`,think_comment.id,think_comment.pid FROM `think_comment` WHERE think_comment.pid = '45' AND think_comment.sid = '28'  [ RunTime:0.0001s ]
INFO: [ view_parse ] --START--
INFO: [ template_filter ] --START--
INFO: Run Behavior\ContentReplaceBehavior [ RunTime:0.000111s ]
INFO: [ template_filter ] --END-- [ RunTime:0.000161s ]
NOTIC: [8] Undefined index: lsatdata F:\newXAMPP\htdocs\thinkstudy\Application\Runtime\Cache\Admin\232c60f26d3af749d715224121dcd7c6.php 第 277 行.
NOTIC: [8] Undefined variable: vo F:\newXAMPP\htdocs\thinkstudy\Application\Runtime\Cache\Admin\232c60f26d3af749d715224121dcd7c6.php 第 350 行.
NOTIC: [8] Undefined variable: Article F:\newXAMPP\htdocs\thinkstudy\Application\Runtime\Cache\Admin\232c60f26d3af749d715224121dcd7c6.php 第 384 行.
NOTIC: [8] Undefined variable: username F:\newXAMPP\htdocs\thinkstudy\Application\Runtime\Cache\Admin\232c60f26d3af749d715224121dcd7c6.php 第 384 行.
INFO: Run Behavior\ParseTemplateBehavior [ RunTime:0.034597s ]
INFO: [ view_parse ] --END-- [ RunTime:0.034633s ]
INFO: [ view_filter ] --START--
INFO: Run Behavior\WriteHtmlCacheBehavior [ RunTime:0.000310s ]
INFO: [ view_filter ] --END-- [ RunTime:0.000339s ]
INFO: [ app_end ] --START--
INFO: Run Behavior\ShowPageTraceBehavior [ RunTime:0.000514s ]
INFO: [ app_end ] --END-- [ RunTime:0.000546s ]

[ 2017-04-26T20:04:07+08:00 ] ::1 /thinkstudy/index.php/Admin/User/edit/sid/28.html
INFO: [ app_init ] --START--
INFO: Run Behavior\BuildLiteBehavior [ RunTime:0.000009s ]
INFO: [ app_init ] --END-- [ RunTime:0.000398s ]
INFO: [ app_begin ] --START--
INFO: Run Behavior\ReadHtmlCacheBehavior [ RunTime:0.000422s ]
INFO: [ app_begin ] --END-- [ RunTime:0.000454s ]
SQL: SHOW COLUMNS FROM `think_student` [ RunTime:0.0138s ]
SQL: SHOW COLUMNS FROM `think_user` [ RunTime:0.0079s ]
SQL: SELECT * FROM `think_student` WHERE ( sid=28 ) LIMIT 1   [ RunTime:0.0003s ]
SQL: SELECT * FROM `think_user` WHERE ( usertype=2 )  [ RunTime:0.0001s ]
INFO: [ view_parse ] --START--
INFO: [ template_filter ] --START--
INFO: Run Behavior\ContentReplaceBehavior [ RunTime:0.000079s ]
INFO: [ template_filter ] --END-- [ RunTime:0.000111s ]
NOTIC: [8] Undefined index: lsatdata F:\newXAMPP\htdocs\thinkstudy\Application\Runtime\Cache\Admin\c5c8f88f4330c605468367c8bb60454a.php 第 299 行.
INFO: Run Behavior\ParseTemplateBehavior [ RunTime:0.025726s ]
INFO: [ view_parse ] --END-- [ RunTime:0.025766s ]
INFO: [ view_filter ] --START--
INFO: Run Behavior\WriteHtmlCacheBehavior [ RunTime:0.000332s ]
INFO: [ view_filter ] --END-- [ RunTime:0.000360s ]
INFO: [ app_end ] --START--
INFO: Run Behavior\ShowPageTraceBehavior [ RunTime:0.000510s ]
INFO: [ app_end ] --END-- [ RunTime:0.000541s ]

[ 2017-04-26T20:04:15+08:00 ] ::1 /thinkstudy/index.php/Admin/User/updateinfo
INFO: [ app_init ] --START--
INFO: Run Behavior\BuildLiteBehavior [ RunTime:0.000014s ]
INFO: [ app_init ] --END-- [ RunTime:0.000941s ]
INFO: [ app_begin ] --START--
INFO: Run Behavior\ReadHtmlCacheBehavior [ RunTime:0.000648s ]
INFO: [ app_begin ] --END-- [ RunTime:0.000696s ]
SQL: SHOW COLUMNS FROM `think_student` [ RunTime:0.0087s ]
NOTIC: [8] Undefined index: validate F:\newXAMPP\htdocs\thinkstudy\ThinkPHP\Library\Think\Model.class.php 第 1185 行.
NOTIC: [8] Undefined index: auto F:\newXAMPP\htdocs\thinkstudy\ThinkPHP\Library\Think\Model.class.php 第 1128 行.
SQL: UPDATE `think_student` SET `name`='ab',`gender`='女',`dataofbirth`='',`introducename`='测试',`fixedline`='',`telephone`='',`registered`='',`infotype`='来电',`university`='',`education`='本科',`major`='',`email`='',`graduatedate`='',`studyabroad`='',`abroaddate`='',`grade`='',`accessory`='',`state`='1',`sat1`='',`sat1date`='',`sat2`='',`sat2date`='',`toefl`='',`toefldate`='',`telts`='',`teltsdate`='',`gmat`='0000-00-00',`gmatdate`='',`grt`='',`grtdate`='',`lsat`='' WHERE `sid` = 28 [ RunTime:0.0518s ]
NOTIC: [8] Use of undefined constant read - assumed 'read' F:\newXAMPP\htdocs\thinkstudy\Application\Admin\Controller\UserController.class.php 第 120 行.
INFO: [ view_parse ] --START--
INFO: [ template_filter ] --START--
INFO: Run Behavior\ContentReplaceBehavior [ RunTime:0.000029s ]
INFO: [ template_filter ] --END-- [ RunTime:0.000064s ]
INFO: Run Behavior\ParseTemplateBehavior [ RunTime:0.006970s ]
INFO: [ view_parse ] --END-- [ RunTime:0.007007s ]
INFO: [ view_filter ] --START--
INFO: Run Behavior\WriteHtmlCacheBehavior [ RunTime:0.000301s ]
INFO: [ view_filter ] --END-- [ RunTime:0.000327s ]
INFO: [ app_end ] --START--
INFO: Run Behavior\ShowPageTraceBehavior [ RunTime:0.000442s ]
INFO: [ app_end ] --END-- [ RunTime:0.000470s ]

[ 2017-04-26T20:04:16+08:00 ] ::1 /thinkstudy/index.php/Admin/User/read.html
INFO: [ app_init ] --START--
INFO: Run Behavior\BuildLiteBehavior [ RunTime:0.000009s ]
INFO: [ app_init ] --END-- [ RunTime:0.000372s ]
INFO: [ app_begin ] --START--
INFO: Run Behavior\ReadHtmlCacheBehavior [ RunTime:0.000420s ]
INFO: [ app_begin ] --END-- [ RunTime:0.000454s ]
SQL: SHOW COLUMNS FROM `think_student` [ RunTime:0.0092s ]
SQL: SELECT COUNT(*) AS tp_count FROM `think_student` LIMIT 1   [ RunTime:0.0002s ]
SQL: SELECT * FROM `think_student` ORDER BY sid LIMIT 0,10   [ RunTime:0.0003s ]
INFO: [ view_parse ] --START--
INFO: [ template_filter ] --START--
INFO: Run Behavior\ContentReplaceBehavior [ RunTime:0.000055s ]
INFO: [ template_filter ] --END-- [ RunTime:0.000096s ]
INFO: Run Behavior\ParseTemplateBehavior [ RunTime:0.014751s ]
INFO: [ view_parse ] --END-- [ RunTime:0.014794s ]
INFO: [ view_filter ] --START--
INFO: Run Behavior\WriteHtmlCacheBehavior [ RunTime:0.000315s ]
INFO: [ view_filter ] --END-- [ RunTime:0.000343s ]
INFO: [ app_end ] --START--
INFO: Run Behavior\ShowPageTraceBehavior [ RunTime:0.000441s ]
INFO: [ app_end ] --END-- [ RunTime:0.000470s ]

[ 2017-04-26T20:04:23+08:00 ] ::1 /thinkstudy/index.php/Admin/User/detailinfo/sid/28.html
INFO: [ app_init ] --START--
INFO: Run Behavior\BuildLiteBehavior [ RunTime:0.000010s ]
INFO: [ app_init ] --END-- [ RunTime:0.000418s ]
INFO: [ app_begin ] --START--
INFO: Run Behavior\ReadHtmlCacheBehavior [ RunTime:0.000432s ]
INFO: [ app_begin ] --END-- [ RunTime:0.000467s ]
SQL: SHOW COLUMNS FROM `think_student` [ RunTime:0.0089s ]
SQL: SELECT * FROM `think_student` WHERE ( sid=28 ) LIMIT 1   [ RunTime:0.0003s ]
NOTIC: [2048] Only variables should be passed by reference F:\newXAMPP\htdocs\thinkstudy\Application\Admin\Controller\UserController.class.php 第 138 行.
SQL: SHOW COLUMNS FROM `think_comment` [ RunTime:0.0076s ]
SQL: SELECT think_comment.sid,think_comment.id,think_comment.add_time,think_comment.author,think_comment.content,`pid`,think_comment.id,think_comment.pid FROM `think_comment` WHERE think_comment.pid = 0 AND think_comment.sid = 28  [ RunTime:0.0002s ]
SQL: SELECT think_comment.sid,think_comment.id,think_comment.add_time,think_comment.author,think_comment.content,`pid`,think_comment.id,think_comment.pid FROM `think_comment` WHERE think_comment.pid = '45' AND think_comment.sid = '28'  [ RunTime:0.0001s ]
INFO: [ view_parse ] --START--
INFO: [ template_filter ] --START--
INFO: Run Behavior\ContentReplaceBehavior [ RunTime:0.000154s ]
INFO: [ template_filter ] --END-- [ RunTime:0.000227s ]
NOTIC: [8] Undefined index: lsatdata F:\newXAMPP\htdocs\thinkstudy\Application\Runtime\Cache\Admin\232c60f26d3af749d715224121dcd7c6.php 第 277 行.
NOTIC: [8] Undefined variable: vo F:\newXAMPP\htdocs\thinkstudy\Application\Runtime\Cache\Admin\232c60f26d3af749d715224121dcd7c6.php 第 350 行.
NOTIC: [8] Undefined variable: Article F:\newXAMPP\htdocs\thinkstudy\Application\Runtime\Cache\Admin\232c60f26d3af749d715224121dcd7c6.php 第 384 行.
NOTIC: [8] Undefined variable: username F:\newXAMPP\htdocs\thinkstudy\Application\Runtime\Cache\Admin\232c60f26d3af749d715224121dcd7c6.php 第 384 行.
INFO: Run Behavior\ParseTemplateBehavior [ RunTime:0.032413s ]
INFO: [ view_parse ] --END-- [ RunTime:0.032450s ]
INFO: [ view_filter ] --START--
INFO: Run Behavior\WriteHtmlCacheBehavior [ RunTime:0.000305s ]
INFO: [ view_filter ] --END-- [ RunTime:0.000332s ]
INFO: [ app_end ] --START--
INFO: Run Behavior\ShowPageTraceBehavior [ RunTime:0.000505s ]
INFO: [ app_end ] --END-- [ RunTime:0.000540s ]

[ 2017-04-26T20:04:30+08:00 ] ::1 /thinkstudy/index.php/Admin/User/add
INFO: [ app_init ] --START--
INFO: Run Behavior\BuildLiteBehavior [ RunTime:0.000009s ]
INFO: [ app_init ] --END-- [ RunTime:0.000430s ]
INFO: [ app_begin ] --START--
INFO: Run Behavior\ReadHtmlCacheBehavior [ RunTime:0.000418s ]
INFO: [ app_begin ] --END-- [ RunTime:0.000452s ]
SQL: SHOW COLUMNS FROM `think_user` [ RunTime:0.0095s ]
SQL: SELECT * FROM `think_user` WHERE ( usertype=2 )  [ RunTime:0.0003s ]
INFO: [ view_parse ] --START--
INFO: [ template_filter ] --START--
INFO: Run Behavior\ContentReplaceBehavior [ RunTime:0.000175s ]
INFO: [ template_filter ] --END-- [ RunTime:0.000330s ]
INFO: Run Behavior\ParseTemplateBehavior [ RunTime:0.022052s ]
INFO: [ view_parse ] --END-- [ RunTime:0.022099s ]
INFO: [ view_filter ] --START--
INFO: Run Behavior\WriteHtmlCacheBehavior [ RunTime:0.000309s ]
INFO: [ view_filter ] --END-- [ RunTime:0.000336s ]
INFO: [ app_end ] --START--
INFO: Run Behavior\ShowPageTraceBehavior [ RunTime:0.000594s ]
INFO: [ app_end ] --END-- [ RunTime:0.000627s ]

[ 2017-04-26T20:04:38+08:00 ] ::1 /thinkstudy/index.php/Admin/Login/logout
INFO: [ app_init ] --START--
INFO: Run Behavior\BuildLiteBehavior [ RunTime:0.000028s ]
INFO: [ app_init ] --END-- [ RunTime:0.000626s ]
INFO: [ app_begin ] --START--
INFO: Run Behavior\ReadHtmlCacheBehavior [ RunTime:0.000454s ]
INFO: [ app_begin ] --END-- [ RunTime:0.000490s ]
NOTIC: [8] Use of undefined constant index - assumed 'index' F:\newXAMPP\htdocs\thinkstudy\Application\Admin\Controller\LoginController.class.php 第 56 行.

[ 2017-04-26T20:04:38+08:00 ] ::1 /thinkstudy/index.php/Admin/Login/index.html
INFO: [ app_init ] --START--
INFO: Run Behavior\BuildLiteBehavior [ RunTime:0.000009s ]
INFO: [ app_init ] --END-- [ RunTime:0.000361s ]
INFO: [ app_begin ] --START--
INFO: Run Behavior\ReadHtmlCacheBehavior [ RunTime:0.000417s ]
INFO: [ app_begin ] --END-- [ RunTime:0.000451s ]
INFO: [ view_parse ] --START--
INFO: [ template_filter ] --START--
INFO: Run Behavior\ContentReplaceBehavior [ RunTime:0.000036s ]
INFO: [ template_filter ] --END-- [ RunTime:0.000067s ]
INFO: Run Behavior\ParseTemplateBehavior [ RunTime:0.011574s ]
INFO: [ view_parse ] --END-- [ RunTime:0.011623s ]
INFO: [ view_filter ] --START--
INFO: Run Behavior\WriteHtmlCacheBehavior [ RunTime:0.000343s ]
INFO: [ view_filter ] --END-- [ RunTime:0.000377s ]
INFO: [ app_end ] --START--
INFO: Run Behavior\ShowPageTraceBehavior [ RunTime:0.000518s ]
INFO: [ app_end ] --END-- [ RunTime:0.000558s ]

[ 2017-04-26T20:04:39+08:00 ] ::1 /thinkstudy/index.php/Admin/Login/verify
INFO: [ app_init ] --START--
INFO: Run Behavior\BuildLiteBehavior [ RunTime:0.000010s ]
INFO: [ app_init ] --END-- [ RunTime:0.000390s ]
INFO: [ app_begin ] --START--
INFO: Run Behavior\ReadHtmlCacheBehavior [ RunTime:0.000453s ]
INFO: [ app_begin ] --END-- [ RunTime:0.000490s ]
INFO: [ app_end ] --START--
INFO: Run Behavior\ShowPageTraceBehavior [ RunTime:0.000792s ]
INFO: [ app_end ] --END-- [ RunTime:0.000898s ]

