[ 2017-05-02T10:34:08+08:00 ] 127.0.0.1 /thinkstudy/index.php/Admin/User/read
INFO: [ app_init ] --START--
INFO: Run Behavior\BuildLiteBehavior [ RunTime:0.000012s ]
INFO: [ app_init ] --END-- [ RunTime:0.003378s ]
INFO: [ app_begin ] --START--
INFO: Run Behavior\ReadHtmlCacheBehavior [ RunTime:0.007421s ]
INFO: [ app_begin ] --END-- [ RunTime:0.007474s ]
SQL: SHOW COLUMNS FROM `think_student` [ RunTime:0.0861s ]
NOTIC: [8] Undefined index: admin_type F:\newXAMPP\htdocs\thinkstudy\Application\Admin\Controller\UserController.class.php 第 36 行.
SQL: SELECT COUNT(*) AS tp_count FROM `think_student` LIMIT 1   [ RunTime:0.0013s ]
SQL: SELECT * FROM `think_student` ORDER BY sid LIMIT 0,10   [ RunTime:0.0005s ]
INFO: [ view_parse ] --START--
INFO: [ template_filter ] --START--
INFO: Run Behavior\ContentReplaceBehavior [ RunTime:0.000058s ]
INFO: [ template_filter ] --END-- [ RunTime:0.000095s ]
NOTIC: [8] Undefined index: admin_type F:\newXAMPP\htdocs\thinkstudy\Application\Runtime\Cache\Admin\d8ca28fea75f36d64f0221501f9a661f.php 第 38 行.
NOTIC: [8] Undefined index: admin_type F:\newXAMPP\htdocs\thinkstudy\Application\Runtime\Cache\Admin\d8ca28fea75f36d64f0221501f9a661f.php 第 39 行.
NOTIC: [8] Undefined variable: state F:\newXAMPP\htdocs\thinkstudy\Application\Runtime\Cache\Admin\d8ca28fea75f36d64f0221501f9a661f.php 第 101 行.
NOTIC: [8] Undefined variable: state F:\newXAMPP\htdocs\thinkstudy\Application\Runtime\Cache\Admin\d8ca28fea75f36d64f0221501f9a661f.php 第 102 行.
NOTIC: [8] Undefined variable: state F:\newXAMPP\htdocs\thinkstudy\Application\Runtime\Cache\Admin\d8ca28fea75f36d64f0221501f9a661f.php 第 103 行.
NOTIC: [8] Undefined variable: state F:\newXAMPP\htdocs\thinkstudy\Application\Runtime\Cache\Admin\d8ca28fea75f36d64f0221501f9a661f.php 第 104 行.
NOTIC: [8] Undefined index: admin_type F:\newXAMPP\htdocs\thinkstudy\Application\Runtime\Cache\Admin\d8ca28fea75f36d64f0221501f9a661f.php 第 135 行.
NOTIC: [8] Undefined index: admin_type F:\newXAMPP\htdocs\thinkstudy\Application\Runtime\Cache\Admin\d8ca28fea75f36d64f0221501f9a661f.php 第 135 行.
NOTIC: [8] Undefined index: admin_type F:\newXAMPP\htdocs\thinkstudy\Application\Runtime\Cache\Admin\d8ca28fea75f36d64f0221501f9a661f.php 第 135 行.
NOTIC: [8] Undefined index: admin_type F:\newXAMPP\htdocs\thinkstudy\Application\Runtime\Cache\Admin\d8ca28fea75f36d64f0221501f9a661f.php 第 135 行.
NOTIC: [8] Undefined index: admin_type F:\newXAMPP\htdocs\thinkstudy\Application\Runtime\Cache\Admin\d8ca28fea75f36d64f0221501f9a661f.php 第 135 行.
NOTIC: [8] Undefined index: admin_type F:\newXAMPP\htdocs\thinkstudy\Application\Runtime\Cache\Admin\d8ca28fea75f36d64f0221501f9a661f.php 第 135 行.
NOTIC: [8] Undefined index: admin_type F:\newXAMPP\htdocs\thinkstudy\Application\Runtime\Cache\Admin\d8ca28fea75f36d64f0221501f9a661f.php 第 135 行.
INFO: Run Behavior\ParseTemplateBehavior [ RunTime:0.114376s ]
INFO: [ view_parse ] --END-- [ RunTime:0.114416s ]
INFO: [ view_filter ] --START--
INFO: Run Behavior\WriteHtmlCacheBehavior [ RunTime:0.013668s ]
INFO: [ view_filter ] --END-- [ RunTime:0.013710s ]
INFO: [ app_end ] --START--
INFO: Run Behavior\ShowPageTraceBehavior [ RunTime:0.013809s ]
INFO: [ app_end ] --END-- [ RunTime:0.013862s ]

