[ 2017-04-28T09:42:20+08:00 ] ::1 /thinkstudy/index.php
INFO: [ app_init ] --START--
INFO: Run Behavior\BuildLiteBehavior [ RunTime:0.000013s ]
INFO: [ app_init ] --END-- [ RunTime:0.005959s ]
INFO: [ app_begin ] --START--
INFO: Run Behavior\ReadHtmlCacheBehavior [ RunTime:0.007945s ]
INFO: [ app_begin ] --END-- [ RunTime:0.008003s ]
INFO: [ view_parse ] --START--
INFO: [ template_filter ] --START--
INFO: Run Behavior\ContentReplaceBehavior [ RunTime:0.000045s ]
INFO: [ template_filter ] --END-- [ RunTime:0.000088s ]
INFO: Run Behavior\ParseTemplateBehavior [ RunTime:0.074341s ]
INFO: [ view_parse ] --END-- [ RunTime:0.074397s ]
INFO: [ view_filter ] --START--
INFO: Run Behavior\WriteHtmlCacheBehavior [ RunTime:0.005534s ]
INFO: [ view_filter ] --END-- [ RunTime:0.005574s ]
INFO: [ app_end ] --START--
INFO: Run Behavior\ShowPageTraceBehavior [ RunTime:0.006926s ]
INFO: [ app_end ] --END-- [ RunTime:0.006967s ]

[ 2017-04-28T09:42:20+08:00 ] ::1 /thinkstudy/index.php/Admin/Login/verify
INFO: [ app_init ] --START--
INFO: Run Behavior\BuildLiteBehavior [ RunTime:0.000011s ]
INFO: [ app_init ] --END-- [ RunTime:0.000557s ]
INFO: [ app_begin ] --START--
INFO: Run Behavior\ReadHtmlCacheBehavior [ RunTime:0.001304s ]
INFO: [ app_begin ] --END-- [ RunTime:0.001352s ]
INFO: [ app_end ] --START--
INFO: Run Behavior\ShowPageTraceBehavior [ RunTime:0.001489s ]
INFO: [ app_end ] --END-- [ RunTime:0.001551s ]

[ 2017-04-28T09:42:32+08:00 ] ::1 /thinkstudy/index.php/Admin/Login/login
INFO: [ app_init ] --START--
INFO: Run Behavior\BuildLiteBehavior [ RunTime:0.000009s ]
INFO: [ app_init ] --END-- [ RunTime:0.000550s ]
INFO: [ app_begin ] --START--
INFO: Run Behavior\ReadHtmlCacheBehavior [ RunTime:0.001410s ]
INFO: [ app_begin ] --END-- [ RunTime:0.001456s ]
SQL: SHOW COLUMNS FROM `think_user` [ RunTime:0.0745s ]
NOTIC: [8] Undefined index: validate F:\newXAMPP\htdocs\thinkstudy\ThinkPHP\Library\Think\Model.class.php 第 1185 行.
NOTIC: [2] call_user_func_array() expects parameter 1 to be a valid callback, function 'checkName' not found or invalid function name F:\newXAMPP\htdocs\thinkstudy\ThinkPHP\Library\Think\Model.class.php 第 1279 行.
NOTIC: [2] call_user_func_array() expects parameter 1 to be a valid callback, function 'checkPwd' not found or invalid function name F:\newXAMPP\htdocs\thinkstudy\ThinkPHP\Library\Think\Model.class.php 第 1279 行.
NOTIC: [8] Undefined index: auto F:\newXAMPP\htdocs\thinkstudy\ThinkPHP\Library\Think\Model.class.php 第 1128 行.
SQL: SELECT * FROM `think_user` WHERE ( username='admin' and userpassword='admin' ) LIMIT 1   [ RunTime:0.0010s ]
INFO: [ view_parse ] --START--
INFO: [ template_filter ] --START--
INFO: Run Behavior\ContentReplaceBehavior [ RunTime:0.000030s ]
INFO: [ template_filter ] --END-- [ RunTime:0.000091s ]
INFO: Run Behavior\ParseTemplateBehavior [ RunTime:0.034596s ]
INFO: [ view_parse ] --END-- [ RunTime:0.034652s ]
INFO: [ view_filter ] --START--
INFO: Run Behavior\WriteHtmlCacheBehavior [ RunTime:0.001245s ]
INFO: [ view_filter ] --END-- [ RunTime:0.001275s ]
INFO: [ app_end ] --START--
INFO: Run Behavior\ShowPageTraceBehavior [ RunTime:0.001382s ]
INFO: [ app_end ] --END-- [ RunTime:0.001413s ]

[ 2017-04-28T09:42:33+08:00 ] ::1 /thinkstudy/index.php/Admin/User/read.html
INFO: [ app_init ] --START--
INFO: Run Behavior\BuildLiteBehavior [ RunTime:0.000010s ]
INFO: [ app_init ] --END-- [ RunTime:0.000544s ]
INFO: [ app_begin ] --START--
INFO: Run Behavior\ReadHtmlCacheBehavior [ RunTime:0.001279s ]
INFO: [ app_begin ] --END-- [ RunTime:0.001315s ]
SQL: SHOW COLUMNS FROM `think_student` [ RunTime:0.0158s ]
SQL: SELECT COUNT(*) AS tp_count FROM `think_student` LIMIT 1   [ RunTime:0.0010s ]
SQL: SELECT * FROM `think_student` ORDER BY sid LIMIT 0,10   [ RunTime:0.0005s ]
INFO: [ view_parse ] --START--
INFO: [ template_filter ] --START--
INFO: Run Behavior\ContentReplaceBehavior [ RunTime:0.000056s ]
INFO: [ template_filter ] --END-- [ RunTime:0.000102s ]
INFO: Run Behavior\ParseTemplateBehavior [ RunTime:0.072713s ]
INFO: [ view_parse ] --END-- [ RunTime:0.072759s ]
INFO: [ view_filter ] --START--
INFO: Run Behavior\WriteHtmlCacheBehavior [ RunTime:0.001234s ]
INFO: [ view_filter ] --END-- [ RunTime:0.001269s ]
INFO: [ app_end ] --START--
INFO: Run Behavior\ShowPageTraceBehavior [ RunTime:0.001612s ]
INFO: [ app_end ] --END-- [ RunTime:0.001662s ]

[ 2017-04-28T09:42:36+08:00 ] ::1 /thinkstudy/index.php/Admin/User/read
INFO: [ app_init ] --START--
INFO: Run Behavior\BuildLiteBehavior [ RunTime:0.000009s ]
INFO: [ app_init ] --END-- [ RunTime:0.000575s ]
INFO: [ app_begin ] --START--
INFO: Run Behavior\ReadHtmlCacheBehavior [ RunTime:0.001354s ]
INFO: [ app_begin ] --END-- [ RunTime:0.001394s ]
SQL: SHOW COLUMNS FROM `think_student` [ RunTime:0.0090s ]
SQL: SELECT COUNT(*) AS tp_count FROM `think_student` LIMIT 1   [ RunTime:0.0002s ]
SQL: SELECT * FROM `think_student` ORDER BY sid LIMIT 0,10   [ RunTime:0.0003s ]
INFO: [ view_parse ] --START--
INFO: [ template_filter ] --START--
INFO: Run Behavior\ContentReplaceBehavior [ RunTime:0.000053s ]
INFO: [ template_filter ] --END-- [ RunTime:0.000086s ]
INFO: Run Behavior\ParseTemplateBehavior [ RunTime:0.017996s ]
INFO: [ view_parse ] --END-- [ RunTime:0.018041s ]
INFO: [ view_filter ] --START--
INFO: Run Behavior\WriteHtmlCacheBehavior [ RunTime:0.001248s ]
INFO: [ view_filter ] --END-- [ RunTime:0.001278s ]
INFO: [ app_end ] --START--
INFO: Run Behavior\ShowPageTraceBehavior [ RunTime:0.001371s ]
INFO: [ app_end ] --END-- [ RunTime:0.001408s ]

[ 2017-04-28T09:42:38+08:00 ] ::1 /thinkstudy/index.php/Admin/User/detailinfo/sid/27.html
INFO: [ app_init ] --START--
INFO: Run Behavior\BuildLiteBehavior [ RunTime:0.000010s ]
INFO: [ app_init ] --END-- [ RunTime:0.000570s ]
INFO: [ app_begin ] --START--
INFO: Run Behavior\ReadHtmlCacheBehavior [ RunTime:0.001266s ]
INFO: [ app_begin ] --END-- [ RunTime:0.001302s ]
SQL: SHOW COLUMNS FROM `think_student` [ RunTime:0.0085s ]
SQL: SELECT * FROM `think_student` WHERE ( sid=27 ) LIMIT 1   [ RunTime:0.0004s ]
NOTIC: [2048] Only variables should be passed by reference F:\newXAMPP\htdocs\thinkstudy\Application\Admin\Controller\UserController.class.php 第 138 行.
SQL: SHOW COLUMNS FROM `think_comment` [ RunTime:0.0257s ]
SQL: SELECT think_comment.sid,think_comment.id,think_comment.add_time,think_comment.author,think_comment.content,`pid`,think_comment.id,think_comment.pid FROM `think_comment` WHERE think_comment.pid = 0 AND think_comment.sid = 27  [ RunTime:0.0006s ]
SQL: SELECT think_comment.sid,think_comment.id,think_comment.add_time,think_comment.author,think_comment.content,`pid`,think_comment.id,think_comment.pid FROM `think_comment` WHERE think_comment.pid = '35' AND think_comment.sid = '27'  [ RunTime:0.0122s ]
SQL: SELECT think_comment.sid,think_comment.id,think_comment.add_time,think_comment.author,think_comment.content,`pid`,think_comment.id,think_comment.pid FROM `think_comment` WHERE think_comment.pid = '37' AND think_comment.sid = '27'  [ RunTime:0.0002s ]
SQL: SELECT think_comment.sid,think_comment.id,think_comment.add_time,think_comment.author,think_comment.content,`pid`,think_comment.id,think_comment.pid FROM `think_comment` WHERE think_comment.pid = '40' AND think_comment.sid = '27'  [ RunTime:0.0001s ]
SQL: SELECT think_comment.sid,think_comment.id,think_comment.add_time,think_comment.author,think_comment.content,`pid`,think_comment.id,think_comment.pid FROM `think_comment` WHERE think_comment.pid = '41' AND think_comment.sid = '27'  [ RunTime:0.0001s ]
SQL: SELECT think_comment.sid,think_comment.id,think_comment.add_time,think_comment.author,think_comment.content,`pid`,think_comment.id,think_comment.pid FROM `think_comment` WHERE think_comment.pid = '36' AND think_comment.sid = '27'  [ RunTime:0.0001s ]
SQL: SELECT think_comment.sid,think_comment.id,think_comment.add_time,think_comment.author,think_comment.content,`pid`,think_comment.id,think_comment.pid FROM `think_comment` WHERE think_comment.pid = '42' AND think_comment.sid = '27'  [ RunTime:0.0001s ]
SQL: SELECT think_comment.sid,think_comment.id,think_comment.add_time,think_comment.author,think_comment.content,`pid`,think_comment.id,think_comment.pid FROM `think_comment` WHERE think_comment.pid = '43' AND think_comment.sid = '27'  [ RunTime:0.0001s ]
SQL: SELECT think_comment.sid,think_comment.id,think_comment.add_time,think_comment.author,think_comment.content,`pid`,think_comment.id,think_comment.pid FROM `think_comment` WHERE think_comment.pid = '44' AND think_comment.sid = '27'  [ RunTime:0.0001s ]
SQL: SELECT think_comment.sid,think_comment.id,think_comment.add_time,think_comment.author,think_comment.content,`pid`,think_comment.id,think_comment.pid FROM `think_comment` WHERE think_comment.pid = '46' AND think_comment.sid = '27'  [ RunTime:0.0001s ]
INFO: [ view_parse ] --START--
INFO: [ template_filter ] --START--
INFO: Run Behavior\ContentReplaceBehavior [ RunTime:0.000103s ]
INFO: [ template_filter ] --END-- [ RunTime:0.000144s ]
NOTIC: [8] Undefined index: lsatdata F:\newXAMPP\htdocs\thinkstudy\Application\Runtime\Cache\Admin\232c60f26d3af749d715224121dcd7c6.php 第 277 行.
NOTIC: [8] Undefined variable: vo F:\newXAMPP\htdocs\thinkstudy\Application\Runtime\Cache\Admin\232c60f26d3af749d715224121dcd7c6.php 第 350 行.
NOTIC: [8] Undefined variable: Article F:\newXAMPP\htdocs\thinkstudy\Application\Runtime\Cache\Admin\232c60f26d3af749d715224121dcd7c6.php 第 384 行.
NOTIC: [8] Undefined variable: username F:\newXAMPP\htdocs\thinkstudy\Application\Runtime\Cache\Admin\232c60f26d3af749d715224121dcd7c6.php 第 384 行.
INFO: Run Behavior\ParseTemplateBehavior [ RunTime:0.055443s ]
INFO: [ view_parse ] --END-- [ RunTime:0.055487s ]
INFO: [ view_filter ] --START--
INFO: Run Behavior\WriteHtmlCacheBehavior [ RunTime:0.001218s ]
INFO: [ view_filter ] --END-- [ RunTime:0.001246s ]
INFO: [ app_end ] --START--
INFO: Run Behavior\ShowPageTraceBehavior [ RunTime:0.001366s ]
INFO: [ app_end ] --END-- [ RunTime:0.001398s ]

[ 2017-04-28T09:42:40+08:00 ] ::1 /thinkstudy/index.php/Admin/User/edit/sid/27.html
INFO: [ app_init ] --START--
INFO: Run Behavior\BuildLiteBehavior [ RunTime:0.000010s ]
INFO: [ app_init ] --END-- [ RunTime:0.000583s ]
INFO: [ app_begin ] --START--
INFO: Run Behavior\ReadHtmlCacheBehavior [ RunTime:0.001267s ]
INFO: [ app_begin ] --END-- [ RunTime:0.001306s ]
SQL: SHOW COLUMNS FROM `think_student` [ RunTime:0.0100s ]
SQL: SHOW COLUMNS FROM `think_user` [ RunTime:0.0084s ]
SQL: SELECT * FROM `think_student` WHERE ( sid=27 ) LIMIT 1   [ RunTime:0.0005s ]
SQL: SELECT * FROM `think_user` WHERE ( usertype=2 )  [ RunTime:0.0002s ]
INFO: [ view_parse ] --START--
INFO: [ template_filter ] --START--
INFO: Run Behavior\ContentReplaceBehavior [ RunTime:0.000084s ]
INFO: [ template_filter ] --END-- [ RunTime:0.000124s ]
NOTIC: [8] Undefined index: lsatdata F:\newXAMPP\htdocs\thinkstudy\Application\Runtime\Cache\Admin\c5c8f88f4330c605468367c8bb60454a.php 第 299 行.
INFO: Run Behavior\ParseTemplateBehavior [ RunTime:0.061131s ]
INFO: [ view_parse ] --END-- [ RunTime:0.061172s ]
INFO: [ view_filter ] --START--
INFO: Run Behavior\WriteHtmlCacheBehavior [ RunTime:0.001384s ]
INFO: [ view_filter ] --END-- [ RunTime:0.001425s ]
INFO: [ app_end ] --START--
INFO: Run Behavior\ShowPageTraceBehavior [ RunTime:0.001743s ]
INFO: [ app_end ] --END-- [ RunTime:0.001789s ]

[ 2017-04-28T09:45:23+08:00 ] ::1 /thinkstudy/index.php
INFO: [ app_init ] --START--
INFO: Run Behavior\BuildLiteBehavior [ RunTime:0.000010s ]
INFO: [ app_init ] --END-- [ RunTime:0.000555s ]
INFO: [ app_begin ] --START--
INFO: Run Behavior\ReadHtmlCacheBehavior [ RunTime:0.001414s ]
INFO: [ app_begin ] --END-- [ RunTime:0.001470s ]
INFO: [ view_parse ] --START--
INFO: [ template_filter ] --START--
INFO: Run Behavior\ContentReplaceBehavior [ RunTime:0.000047s ]
INFO: [ template_filter ] --END-- [ RunTime:0.000097s ]
INFO: Run Behavior\ParseTemplateBehavior [ RunTime:0.014022s ]
INFO: [ view_parse ] --END-- [ RunTime:0.014091s ]
INFO: [ view_filter ] --START--
INFO: Run Behavior\WriteHtmlCacheBehavior [ RunTime:0.001233s ]
INFO: [ view_filter ] --END-- [ RunTime:0.001263s ]
INFO: [ app_end ] --START--
INFO: Run Behavior\ShowPageTraceBehavior [ RunTime:0.001340s ]
INFO: [ app_end ] --END-- [ RunTime:0.001370s ]

[ 2017-04-28T09:45:23+08:00 ] ::1 /thinkstudy/index.php/Admin/Login/verify
INFO: [ app_init ] --START--
INFO: Run Behavior\BuildLiteBehavior [ RunTime:0.000011s ]
INFO: [ app_init ] --END-- [ RunTime:0.000573s ]
INFO: [ app_begin ] --START--
INFO: Run Behavior\ReadHtmlCacheBehavior [ RunTime:0.001795s ]
INFO: [ app_begin ] --END-- [ RunTime:0.001860s ]
INFO: [ app_end ] --START--
INFO: Run Behavior\ShowPageTraceBehavior [ RunTime:0.002142s ]
INFO: [ app_end ] --END-- [ RunTime:0.002272s ]

[ 2017-04-28T16:33:45+08:00 ] ::1 /thinkstudy/index.php
INFO: [ app_init ] --START--
INFO: Run Behavior\BuildLiteBehavior [ RunTime:0.000013s ]
INFO: [ app_init ] --END-- [ RunTime:0.006299s ]
INFO: [ app_begin ] --START--
INFO: Run Behavior\ReadHtmlCacheBehavior [ RunTime:0.007211s ]
INFO: [ app_begin ] --END-- [ RunTime:0.007263s ]
INFO: [ view_parse ] --START--
INFO: [ template_filter ] --START--
INFO: Run Behavior\ContentReplaceBehavior [ RunTime:0.014550s ]
INFO: [ template_filter ] --END-- [ RunTime:0.014608s ]
INFO: Run Behavior\ParseTemplateBehavior [ RunTime:0.078405s ]
INFO: [ view_parse ] --END-- [ RunTime:0.078489s ]
INFO: [ view_filter ] --START--
INFO: Run Behavior\WriteHtmlCacheBehavior [ RunTime:0.022235s ]
INFO: [ view_filter ] --END-- [ RunTime:0.022278s ]
INFO: [ app_end ] --START--
INFO: Run Behavior\ShowPageTraceBehavior [ RunTime:0.006179s ]
INFO: [ app_end ] --END-- [ RunTime:0.006222s ]

[ 2017-04-28T16:33:46+08:00 ] ::1 /thinkstudy/index.php/Admin/Login/verify
INFO: [ app_init ] --START--
INFO: Run Behavior\BuildLiteBehavior [ RunTime:0.000009s ]
INFO: [ app_init ] --END-- [ RunTime:0.000588s ]
INFO: [ app_begin ] --START--
INFO: Run Behavior\ReadHtmlCacheBehavior [ RunTime:0.000984s ]
INFO: [ app_begin ] --END-- [ RunTime:0.015549s ]
INFO: [ app_end ] --START--
INFO: Run Behavior\ShowPageTraceBehavior [ RunTime:0.001100s ]
INFO: [ app_end ] --END-- [ RunTime:0.001159s ]

[ 2017-04-28T17:14:39+08:00 ] ::1 /thinkstudy/index.php
INFO: [ app_init ] --START--
INFO: Run Behavior\BuildLiteBehavior [ RunTime:0.000012s ]
INFO: [ app_init ] --END-- [ RunTime:0.002911s ]
INFO: [ app_begin ] --START--
INFO: Run Behavior\ReadHtmlCacheBehavior [ RunTime:0.003666s ]
INFO: [ app_begin ] --END-- [ RunTime:0.003745s ]
INFO: [ view_parse ] --START--
INFO: [ template_filter ] --START--
INFO: Run Behavior\ContentReplaceBehavior [ RunTime:0.000050s ]
INFO: [ template_filter ] --END-- [ RunTime:0.000094s ]
INFO: Run Behavior\ParseTemplateBehavior [ RunTime:0.023253s ]
INFO: [ view_parse ] --END-- [ RunTime:0.023316s ]
INFO: [ view_filter ] --START--
INFO: Run Behavior\WriteHtmlCacheBehavior [ RunTime:0.002368s ]
INFO: [ view_filter ] --END-- [ RunTime:0.002401s ]
INFO: [ app_end ] --START--
INFO: Run Behavior\ShowPageTraceBehavior [ RunTime:0.003405s ]
INFO: [ app_end ] --END-- [ RunTime:0.003440s ]

[ 2017-04-28T17:14:39+08:00 ] ::1 /thinkstudy/index.php/Admin/Login/verify
INFO: [ app_init ] --START--
INFO: Run Behavior\BuildLiteBehavior [ RunTime:0.000010s ]
INFO: [ app_init ] --END-- [ RunTime:0.000626s ]
INFO: [ app_begin ] --START--
INFO: Run Behavior\ReadHtmlCacheBehavior [ RunTime:0.001092s ]
INFO: [ app_begin ] --END-- [ RunTime:0.001144s ]
INFO: [ app_end ] --START--
INFO: Run Behavior\ShowPageTraceBehavior [ RunTime:0.001116s ]
INFO: [ app_end ] --END-- [ RunTime:0.001177s ]

[ 2017-04-28T17:29:20+08:00 ] 127.0.0.1 /thinkstudy/index.php/
INFO: [ app_init ] --START--
INFO: Run Behavior\BuildLiteBehavior [ RunTime:0.000009s ]
INFO: [ app_init ] --END-- [ RunTime:0.000558s ]
INFO: [ app_begin ] --START--
INFO: Run Behavior\ReadHtmlCacheBehavior [ RunTime:0.000946s ]
INFO: [ app_begin ] --END-- [ RunTime:0.000982s ]
INFO: [ view_parse ] --START--
INFO: [ template_filter ] --START--
INFO: Run Behavior\ContentReplaceBehavior [ RunTime:0.000043s ]
INFO: [ template_filter ] --END-- [ RunTime:0.000077s ]
INFO: Run Behavior\ParseTemplateBehavior [ RunTime:0.011625s ]
INFO: [ view_parse ] --END-- [ RunTime:0.011670s ]
INFO: [ view_filter ] --START--
INFO: Run Behavior\WriteHtmlCacheBehavior [ RunTime:0.000682s ]
INFO: [ view_filter ] --END-- [ RunTime:0.000709s ]
INFO: [ app_end ] --START--
INFO: Run Behavior\ShowPageTraceBehavior [ RunTime:0.000809s ]
INFO: [ app_end ] --END-- [ RunTime:0.000841s ]

[ 2017-04-28T17:29:20+08:00 ] 127.0.0.1 /thinkstudy/index.php/Admin/Login/verify
INFO: [ app_init ] --START--
INFO: Run Behavior\BuildLiteBehavior [ RunTime:0.000008s ]
INFO: [ app_init ] --END-- [ RunTime:0.000372s ]
INFO: [ app_begin ] --START--
INFO: Run Behavior\ReadHtmlCacheBehavior [ RunTime:0.000429s ]
INFO: [ app_begin ] --END-- [ RunTime:0.000465s ]
INFO: [ app_end ] --START--
INFO: Run Behavior\ShowPageTraceBehavior [ RunTime:0.000445s ]
INFO: [ app_end ] --END-- [ RunTime:0.000482s ]

